2021-03-25 00:11:12.7915|DEBUG|Microsoft.AspNetCore.Server.Kestrel|Connection id "0HM7F2APGELKH" accepted.
2021-03-25 00:11:12.8296|DEBUG|Microsoft.AspNetCore.Server.Kestrel|Connection id "0HM7F2APGELKH" started.
2021-03-25 00:11:12.8296|INFO|Microsoft.AspNetCore.Hosting.Diagnostics|Request starting HTTP/1.1 OPTIONS http://localhost:8111/users/authenticate  
2021-03-25 00:11:12.8296|DEBUG|Microsoft.AspNetCore.Routing.Matching.DfaMatcher|1 candidate(s) found for the request path '/users/authenticate'
2021-03-25 00:11:12.8368|DEBUG|Microsoft.AspNetCore.Routing.EndpointRoutingMiddleware|Request matched endpoint '405 HTTP Method Not Supported'
2021-03-25 00:11:12.8368|DEBUG|Microsoft.AspNetCore.Cors.Infrastructure.CorsService|The request has an origin header: 'http://localhost:4200'.
2021-03-25 00:11:12.8368|INFO|Microsoft.AspNetCore.Cors.Infrastructure.CorsService|CORS policy execution successful.
2021-03-25 00:11:12.8368|DEBUG|Microsoft.AspNetCore.Cors.Infrastructure.CorsService|The request is a preflight request.
2021-03-25 00:11:12.8368|DEBUG|Microsoft.AspNetCore.Server.Kestrel|Connection id "0HM7F2APGELKH" completed keep alive response.
2021-03-25 00:11:12.8862|INFO|Microsoft.AspNetCore.Hosting.Diagnostics|Request finished in 54.2382ms 204 
2021-03-25 00:11:12.8862|INFO|Microsoft.AspNetCore.Hosting.Diagnostics|Request starting HTTP/1.1 POST http://localhost:8111/users/authenticate application/json 35
2021-03-25 00:11:12.8862|DEBUG|Microsoft.AspNetCore.Routing.Matching.DfaMatcher|1 candidate(s) found for the request path '/users/authenticate'
2021-03-25 00:11:12.8862|DEBUG|Microsoft.AspNetCore.Routing.Matching.DfaMatcher|Endpoint 'Backend.Controllers.UsersController.Authenticate (Backend)' with route pattern 'Users/authenticate' is valid for the request path '/users/authenticate'
2021-03-25 00:11:12.8862|DEBUG|Microsoft.AspNetCore.Routing.EndpointRoutingMiddleware|Request matched endpoint 'Backend.Controllers.UsersController.Authenticate (Backend)'
2021-03-25 00:11:12.8862|DEBUG|Microsoft.AspNetCore.Cors.Infrastructure.CorsService|The request has an origin header: 'http://localhost:4200'.
2021-03-25 00:11:12.8862|INFO|Microsoft.AspNetCore.Cors.Infrastructure.CorsService|CORS policy execution successful.
2021-03-25 00:11:12.8862|DEBUG|Microsoft.AspNetCore.StaticFiles.StaticFileMiddleware|Static files was skipped as the request already matched an endpoint.
2021-03-25 00:11:12.8862|INFO|Microsoft.AspNetCore.Routing.EndpointMiddleware|Executing endpoint 'Backend.Controllers.UsersController.Authenticate (Backend)'
2021-03-25 00:11:12.8986|INFO|Microsoft.AspNetCore.Mvc.Infrastructure.ControllerActionInvoker|Route matched with {action = "Authenticate", controller = "Users"}. Executing controller action with signature Microsoft.AspNetCore.Mvc.IActionResult Authenticate(Backend.Auth.Models.AuthenticateRequest) on controller Backend.Controllers.UsersController (Backend).
2021-03-25 00:11:12.8986|DEBUG|Microsoft.AspNetCore.Mvc.Infrastructure.ControllerActionInvoker|Execution plan of authorization filters (in the following order): None
2021-03-25 00:11:12.8986|DEBUG|Microsoft.AspNetCore.Mvc.Infrastructure.ControllerActionInvoker|Execution plan of resource filters (in the following order): None
2021-03-25 00:11:12.8986|DEBUG|Microsoft.AspNetCore.Mvc.Infrastructure.ControllerActionInvoker|Execution plan of action filters (in the following order): Microsoft.AspNetCore.Mvc.ModelBinding.UnsupportedContentTypeFilter (Order: -3000), Microsoft.AspNetCore.Mvc.Infrastructure.ModelStateInvalidFilter (Order: -2000)
2021-03-25 00:11:12.8986|DEBUG|Microsoft.AspNetCore.Mvc.Infrastructure.ControllerActionInvoker|Execution plan of exception filters (in the following order): None
2021-03-25 00:11:12.8986|DEBUG|Microsoft.AspNetCore.Mvc.Infrastructure.ControllerActionInvoker|Execution plan of result filters (in the following order): Microsoft.AspNetCore.Mvc.Infrastructure.ClientErrorResultFilter (Order: -2000)
2021-03-25 00:11:12.8986|DEBUG|Microsoft.AspNetCore.Mvc.Infrastructure.ControllerActionInvoker|Executing controller factory for controller Backend.Controllers.UsersController (Backend)
2021-03-25 00:11:12.8986|DEBUG|Microsoft.AspNetCore.Mvc.Infrastructure.ControllerActionInvoker|Executed controller factory for controller Backend.Controllers.UsersController (Backend)
2021-03-25 00:11:12.8986|DEBUG|Microsoft.AspNetCore.Mvc.ModelBinding.ParameterBinder|Attempting to bind parameter 'model' of type 'Backend.Auth.Models.AuthenticateRequest' ...
2021-03-25 00:11:12.8986|DEBUG|Microsoft.AspNetCore.Mvc.ModelBinding.Binders.BodyModelBinder|Attempting to bind parameter 'model' of type 'Backend.Auth.Models.AuthenticateRequest' using the name '' in request data ...
2021-03-25 00:11:12.8986|DEBUG|Microsoft.AspNetCore.Mvc.ModelBinding.Binders.BodyModelBinder|Selected input formatter 'Microsoft.AspNetCore.Mvc.Formatters.SystemTextJsonInputFormatter' for content type 'application/json'.
2021-03-25 00:11:12.8986|DEBUG|Microsoft.AspNetCore.Server.Kestrel|Connection id "0HM7F2APGELKH", Request id "0HM7F2APGELKH:00000002": started reading request body.
2021-03-25 00:11:12.8986|DEBUG|Microsoft.AspNetCore.Server.Kestrel|Connection id "0HM7F2APGELKH", Request id "0HM7F2APGELKH:00000002": done reading request body.
2021-03-25 00:11:12.8986|DEBUG|Microsoft.AspNetCore.Mvc.Formatters.SystemTextJsonInputFormatter|JSON input formatter succeeded, deserializing to type 'Backend.Auth.Models.AuthenticateRequest'
2021-03-25 00:11:12.8986|DEBUG|Microsoft.AspNetCore.Mvc.ModelBinding.Binders.BodyModelBinder|Done attempting to bind parameter 'model' of type 'Backend.Auth.Models.AuthenticateRequest'.
2021-03-25 00:11:12.8986|DEBUG|Microsoft.AspNetCore.Mvc.ModelBinding.ParameterBinder|Done attempting to bind parameter 'model' of type 'Backend.Auth.Models.AuthenticateRequest'.
2021-03-25 00:11:12.8986|DEBUG|Microsoft.AspNetCore.Mvc.ModelBinding.ParameterBinder|Attempting to validate the bound parameter 'model' of type 'Backend.Auth.Models.AuthenticateRequest' ...
2021-03-25 00:11:12.9144|DEBUG|Microsoft.AspNetCore.Mvc.ModelBinding.ParameterBinder|Done attempting to validate the bound parameter 'model' of type 'Backend.Auth.Models.AuthenticateRequest'.
2021-03-25 00:11:12.9333|DEBUG|Microsoft.AspNetCore.Mvc.Infrastructure.DefaultOutputFormatterSelector|List of registered output formatters, in the following order: Microsoft.AspNetCore.Mvc.Formatters.HttpNoContentOutputFormatter, Microsoft.AspNetCore.Mvc.Formatters.StringOutputFormatter, Microsoft.AspNetCore.Mvc.Formatters.StreamOutputFormatter, Microsoft.AspNetCore.Mvc.Formatters.SystemTextJsonOutputFormatter
2021-03-25 00:11:12.9333|DEBUG|Microsoft.AspNetCore.Mvc.Infrastructure.DefaultOutputFormatterSelector|No information found on request to perform content negotiation.
2021-03-25 00:11:12.9333|DEBUG|Microsoft.AspNetCore.Mvc.Infrastructure.DefaultOutputFormatterSelector|Attempting to select an output formatter without using a content type as no explicit content types were specified for the response.
2021-03-25 00:11:12.9333|DEBUG|Microsoft.AspNetCore.Mvc.Infrastructure.DefaultOutputFormatterSelector|Attempting to select the first formatter in the output formatters list which can write the result.
2021-03-25 00:11:12.9333|DEBUG|Microsoft.AspNetCore.Mvc.Infrastructure.DefaultOutputFormatterSelector|Selected output formatter 'Microsoft.AspNetCore.Mvc.Formatters.SystemTextJsonOutputFormatter' and content type 'application/json' to write the response.
2021-03-25 00:11:12.9333|INFO|Microsoft.AspNetCore.Mvc.Infrastructure.ObjectResultExecutor|Executing ObjectResult, writing value of type 'Backend.Auth.Models.AuthenticateResponse'.
2021-03-25 00:11:12.9464|INFO|Microsoft.AspNetCore.Mvc.Infrastructure.ControllerActionInvoker|Executed action Backend.Controllers.UsersController.Authenticate (Backend) in 34.2283ms
2021-03-25 00:11:12.9464|INFO|Microsoft.AspNetCore.Routing.EndpointMiddleware|Executed endpoint 'Backend.Controllers.UsersController.Authenticate (Backend)'
2021-03-25 00:11:12.9464|DEBUG|Microsoft.AspNetCore.Server.Kestrel|Connection id "0HM7F2APGELKH" completed keep alive response.
2021-03-25 00:11:12.9464|INFO|Microsoft.AspNetCore.Hosting.Diagnostics|Request finished in 61.8693ms 200 application/json; charset=utf-8
2021-03-25 00:24:53.1081|DEBUG|Microsoft.AspNetCore.Server.Kestrel.Transport.Sockets|Connection id "0HM7F2APGELKH" received FIN.
2021-03-25 00:24:53.1612|DEBUG|Microsoft.AspNetCore.Server.Kestrel|Connection id "0HM7F2APGELKH" disconnecting.
2021-03-25 00:24:53.1648|DEBUG|Microsoft.AspNetCore.Server.Kestrel.Transport.Sockets|Connection id "0HM7F2APGELKH" sending FIN because: "The client closed the connection."
2021-03-25 00:24:53.2373|DEBUG|Microsoft.AspNetCore.Server.Kestrel|Connection id "0HM7F2APGELKH" stopped.
