2021-05-09 15:28:30.9805|DEBUG|Microsoft.Extensions.Hosting.Internal.Host|Hosting starting
2021-05-09 15:28:31.5710|DEBUG|Microsoft.AspNetCore.Server.Kestrel.Core.KestrelServer|Failed to locate the development https certificate at '(null)'.
2021-05-09 15:28:31.6450|INFO|Microsoft.Hosting.Lifetime|Now listening on: http://localhost:8111
2021-05-09 15:28:31.6500|DEBUG|Microsoft.AspNetCore.Hosting.Diagnostics|Loaded hosting startup assembly Backend
2021-05-09 15:28:31.6500|INFO|Microsoft.Hosting.Lifetime|Application started. Press Ctrl+C to shut down.
2021-05-09 15:28:31.6500|INFO|Microsoft.Hosting.Lifetime|Hosting environment: Development
2021-05-09 15:28:31.6500|INFO|Microsoft.Hosting.Lifetime|Content root path: D:\PRACA_MAGISTERSKA\Backend\Backend
2021-05-09 15:28:31.6500|DEBUG|Microsoft.Extensions.Hosting.Internal.Host|Hosting started
2021-05-09 15:28:31.8055|DEBUG|Microsoft.AspNetCore.Server.Kestrel|Connection id "0HM8ITPBDC12N" accepted.
2021-05-09 15:28:31.8055|DEBUG|Microsoft.AspNetCore.Server.Kestrel|Connection id "0HM8ITPBDC12N" started.
2021-05-09 15:28:31.8501|DEBUG|Microsoft.AspNetCore.Server.Kestrel|Connection id "0HM8ITPBDC12O" accepted.
2021-05-09 15:28:31.8501|DEBUG|Microsoft.AspNetCore.Server.Kestrel|Connection id "0HM8ITPBDC12O" started.
2021-05-09 15:28:31.8501|INFO|Microsoft.AspNetCore.Hosting.Diagnostics|Request starting HTTP/1.1 OPTIONS http://localhost:8111/users/authenticate  
2021-05-09 15:28:31.8501|DEBUG|Microsoft.AspNetCore.HostFiltering.HostFilteringMiddleware|Wildcard detected, all requests with hosts will be allowed.
2021-05-09 15:28:31.9033|DEBUG|Microsoft.AspNetCore.Routing.Matching.DfaMatcher|1 candidate(s) found for the request path '/users/authenticate'
2021-05-09 15:28:31.9033|DEBUG|Microsoft.AspNetCore.Routing.EndpointRoutingMiddleware|Request matched endpoint '405 HTTP Method Not Supported'
2021-05-09 15:28:31.9033|DEBUG|Microsoft.AspNetCore.Cors.Infrastructure.CorsService|The request has an origin header: 'http://localhost:4200'.
2021-05-09 15:28:31.9033|INFO|Microsoft.AspNetCore.Cors.Infrastructure.CorsService|CORS policy execution successful.
2021-05-09 15:28:31.9033|DEBUG|Microsoft.AspNetCore.Cors.Infrastructure.CorsService|The request is a preflight request.
2021-05-09 15:28:31.9358|DEBUG|Microsoft.AspNetCore.Server.Kestrel|Connection id "0HM8ITPBDC12N" completed keep alive response.
2021-05-09 15:28:31.9516|INFO|Microsoft.AspNetCore.Hosting.Diagnostics|Request finished in 93.1822ms 204 
2021-05-09 15:28:31.9907|INFO|Microsoft.AspNetCore.Hosting.Diagnostics|Request starting HTTP/1.1 POST http://localhost:8111/users/authenticate application/json 33
2021-05-09 15:28:31.9936|DEBUG|Microsoft.AspNetCore.Routing.Matching.DfaMatcher|1 candidate(s) found for the request path '/users/authenticate'
2021-05-09 15:28:31.9936|DEBUG|Microsoft.AspNetCore.Routing.Matching.DfaMatcher|Endpoint 'Backend.Controllers.UsersController.Authenticate (Backend)' with route pattern 'Users/authenticate' is valid for the request path '/users/authenticate'
2021-05-09 15:28:31.9936|DEBUG|Microsoft.AspNetCore.Routing.EndpointRoutingMiddleware|Request matched endpoint 'Backend.Controllers.UsersController.Authenticate (Backend)'
2021-05-09 15:28:31.9936|DEBUG|Microsoft.AspNetCore.Cors.Infrastructure.CorsService|The request has an origin header: 'http://localhost:4200'.
2021-05-09 15:28:31.9936|INFO|Microsoft.AspNetCore.Cors.Infrastructure.CorsService|CORS policy execution successful.
2021-05-09 15:28:32.0151|DEBUG|Microsoft.AspNetCore.StaticFiles.StaticFileMiddleware|Static files was skipped as the request already matched an endpoint.
2021-05-09 15:28:32.0151|DEBUG|Microsoft.AspNetCore.StaticFiles.StaticFileMiddleware|Static files was skipped as the request already matched an endpoint.
2021-05-09 15:28:32.0370|DEBUG|Microsoft.AspNetCore.StaticFiles.StaticFileMiddleware|Static files was skipped as the request already matched an endpoint.
2021-05-09 15:28:34.6235|INFO|Microsoft.AspNetCore.Routing.EndpointMiddleware|Executing endpoint 'Backend.Controllers.UsersController.Authenticate (Backend)'
2021-05-09 15:28:34.6341|DEBUG|Microsoft.AspNetCore.Mvc.ModelBinding.ModelBinderFactory|Registered model binder providers, in the following order: Microsoft.AspNetCore.Mvc.ModelBinding.Binders.BinderTypeModelBinderProvider, Microsoft.AspNetCore.Mvc.ModelBinding.Binders.ServicesModelBinderProvider, Microsoft.AspNetCore.Mvc.ModelBinding.Binders.BodyModelBinderProvider, Microsoft.AspNetCore.Mvc.ModelBinding.Binders.HeaderModelBinderProvider, Microsoft.AspNetCore.Mvc.ModelBinding.Binders.FloatingPointTypeModelBinderProvider, Microsoft.AspNetCore.Mvc.ModelBinding.Binders.EnumTypeModelBinderProvider, Microsoft.AspNetCore.Mvc.ModelBinding.Binders.SimpleTypeModelBinderProvider, Microsoft.AspNetCore.Mvc.ModelBinding.Binders.CancellationTokenModelBinderProvider, Microsoft.AspNetCore.Mvc.ModelBinding.Binders.ByteArrayModelBinderProvider, Microsoft.AspNetCore.Mvc.ModelBinding.Binders.FormFileModelBinderProvider, Microsoft.AspNetCore.Mvc.ModelBinding.Binders.FormCollectionModelBinderProvider, Microsoft.AspNetCore.Mvc.ModelBinding.Binders.KeyValuePairModelBinderProvider, Microsoft.AspNetCore.Mvc.ModelBinding.Binders.DictionaryModelBinderProvider, Microsoft.AspNetCore.Mvc.ModelBinding.Binders.ArrayModelBinderProvider, Microsoft.AspNetCore.Mvc.ModelBinding.Binders.CollectionModelBinderProvider, Microsoft.AspNetCore.Mvc.ModelBinding.Binders.ComplexTypeModelBinderProvider
2021-05-09 15:28:34.6652|INFO|Microsoft.AspNetCore.Mvc.Infrastructure.ControllerActionInvoker|Route matched with {action = "Authenticate", controller = "Users"}. Executing controller action with signature Microsoft.AspNetCore.Mvc.IActionResult Authenticate(Backend.Auth.Models.AuthenticateRequest) on controller Backend.Controllers.UsersController (Backend).
2021-05-09 15:28:34.6652|DEBUG|Microsoft.AspNetCore.Mvc.Infrastructure.ControllerActionInvoker|Execution plan of authorization filters (in the following order): None
2021-05-09 15:28:34.6652|DEBUG|Microsoft.AspNetCore.Mvc.Infrastructure.ControllerActionInvoker|Execution plan of resource filters (in the following order): None
2021-05-09 15:28:34.6652|DEBUG|Microsoft.AspNetCore.Mvc.Infrastructure.ControllerActionInvoker|Execution plan of action filters (in the following order): Microsoft.AspNetCore.Mvc.ModelBinding.UnsupportedContentTypeFilter (Order: -3000), Microsoft.AspNetCore.Mvc.Infrastructure.ModelStateInvalidFilter (Order: -2000)
2021-05-09 15:28:34.6652|DEBUG|Microsoft.AspNetCore.Mvc.Infrastructure.ControllerActionInvoker|Execution plan of exception filters (in the following order): None
2021-05-09 15:28:34.6652|DEBUG|Microsoft.AspNetCore.Mvc.Infrastructure.ControllerActionInvoker|Execution plan of result filters (in the following order): Microsoft.AspNetCore.Mvc.Infrastructure.ClientErrorResultFilter (Order: -2000)
2021-05-09 15:28:34.6652|DEBUG|Microsoft.AspNetCore.Mvc.Infrastructure.ControllerActionInvoker|Executing controller factory for controller Backend.Controllers.UsersController (Backend)
2021-05-09 15:28:34.7444|DEBUG|Microsoft.AspNetCore.Mvc.Infrastructure.ControllerActionInvoker|Executed controller factory for controller Backend.Controllers.UsersController (Backend)
2021-05-09 15:28:34.7444|DEBUG|Microsoft.AspNetCore.Mvc.ModelBinding.ParameterBinder|Attempting to bind parameter 'model' of type 'Backend.Auth.Models.AuthenticateRequest' ...
2021-05-09 15:28:34.7444|DEBUG|Microsoft.AspNetCore.Mvc.ModelBinding.Binders.BodyModelBinder|Attempting to bind parameter 'model' of type 'Backend.Auth.Models.AuthenticateRequest' using the name '' in request data ...
2021-05-09 15:28:34.7572|DEBUG|Microsoft.AspNetCore.Mvc.ModelBinding.Binders.BodyModelBinder|Selected input formatter 'Microsoft.AspNetCore.Mvc.Formatters.SystemTextJsonInputFormatter' for content type 'application/json'.
2021-05-09 15:28:34.7572|DEBUG|Microsoft.AspNetCore.Server.Kestrel|Connection id "0HM8ITPBDC12N", Request id "0HM8ITPBDC12N:00000002": started reading request body.
2021-05-09 15:28:34.7572|DEBUG|Microsoft.AspNetCore.Server.Kestrel|Connection id "0HM8ITPBDC12N", Request id "0HM8ITPBDC12N:00000002": done reading request body.
2021-05-09 15:28:34.7572|DEBUG|Microsoft.AspNetCore.Mvc.Formatters.SystemTextJsonInputFormatter|JSON input formatter succeeded, deserializing to type 'Backend.Auth.Models.AuthenticateRequest'
2021-05-09 15:28:34.7572|DEBUG|Microsoft.AspNetCore.Mvc.ModelBinding.Binders.BodyModelBinder|Done attempting to bind parameter 'model' of type 'Backend.Auth.Models.AuthenticateRequest'.
2021-05-09 15:28:34.7572|DEBUG|Microsoft.AspNetCore.Mvc.ModelBinding.ParameterBinder|Done attempting to bind parameter 'model' of type 'Backend.Auth.Models.AuthenticateRequest'.
2021-05-09 15:28:34.7720|DEBUG|Microsoft.AspNetCore.Mvc.ModelBinding.ParameterBinder|Attempting to validate the bound parameter 'model' of type 'Backend.Auth.Models.AuthenticateRequest' ...
2021-05-09 15:28:34.7720|DEBUG|Microsoft.AspNetCore.Mvc.ModelBinding.ParameterBinder|Done attempting to validate the bound parameter 'model' of type 'Backend.Auth.Models.AuthenticateRequest'.
2021-05-09 15:28:36.2303|DEBUG|Microsoft.AspNetCore.Mvc.Infrastructure.DefaultOutputFormatterSelector|List of registered output formatters, in the following order: Microsoft.AspNetCore.Mvc.Formatters.HttpNoContentOutputFormatter, Microsoft.AspNetCore.Mvc.Formatters.StringOutputFormatter, Microsoft.AspNetCore.Mvc.Formatters.StreamOutputFormatter, Microsoft.AspNetCore.Mvc.Formatters.SystemTextJsonOutputFormatter
2021-05-09 15:28:36.2303|DEBUG|Microsoft.AspNetCore.Mvc.Infrastructure.DefaultOutputFormatterSelector|No information found on request to perform content negotiation.
2021-05-09 15:28:36.2303|DEBUG|Microsoft.AspNetCore.Mvc.Infrastructure.DefaultOutputFormatterSelector|Attempting to select an output formatter without using a content type as no explicit content types were specified for the response.
2021-05-09 15:28:36.2303|DEBUG|Microsoft.AspNetCore.Mvc.Infrastructure.DefaultOutputFormatterSelector|Attempting to select the first formatter in the output formatters list which can write the result.
2021-05-09 15:28:36.2303|DEBUG|Microsoft.AspNetCore.Mvc.Infrastructure.DefaultOutputFormatterSelector|Selected output formatter 'Microsoft.AspNetCore.Mvc.Formatters.SystemTextJsonOutputFormatter' and content type 'application/json' to write the response.
2021-05-09 15:28:36.2303|INFO|Microsoft.AspNetCore.Mvc.Infrastructure.ObjectResultExecutor|Executing ObjectResult, writing value of type 'Backend.Auth.Models.AuthenticateResponse'.
2021-05-09 15:28:36.2591|INFO|Microsoft.AspNetCore.Mvc.Infrastructure.ControllerActionInvoker|Executed action Backend.Controllers.UsersController.Authenticate (Backend) in 1585.6039ms
2021-05-09 15:28:36.2591|INFO|Microsoft.AspNetCore.Routing.EndpointMiddleware|Executed endpoint 'Backend.Controllers.UsersController.Authenticate (Backend)'
2021-05-09 15:28:36.2591|DEBUG|Microsoft.AspNetCore.Server.Kestrel|Connection id "0HM8ITPBDC12N" completed keep alive response.
2021-05-09 15:28:36.2591|INFO|Microsoft.AspNetCore.Hosting.Diagnostics|Request finished in 4276.4393ms 200 application/json; charset=utf-8
2021-05-09 15:28:36.3282|INFO|Microsoft.AspNetCore.Hosting.Diagnostics|Request starting HTTP/1.1 GET http://localhost:8111/teacher/GetInfoTeacher/e17f5fe5-3f02-4b19-b037-6940c8d3f655  
2021-05-09 15:28:36.3282|DEBUG|Microsoft.AspNetCore.Routing.Matching.DfaMatcher|1 candidate(s) found for the request path '/teacher/GetInfoTeacher/e17f5fe5-3f02-4b19-b037-6940c8d3f655'
2021-05-09 15:28:36.3282|INFO|Microsoft.AspNetCore.Hosting.Diagnostics|Request starting HTTP/1.1 GET http://localhost:8111/users/get/e17f5fe5-3f02-4b19-b037-6940c8d3f655  
2021-05-09 15:28:36.3282|DEBUG|Microsoft.AspNetCore.Routing.Matching.DfaMatcher|Endpoint 'Backend.Controllers.TeacherController.GetInfoteacher (Backend)' with route pattern 'Teacher/GetInfoTeacher/{id}' is valid for the request path '/teacher/GetInfoTeacher/e17f5fe5-3f02-4b19-b037-6940c8d3f655'
2021-05-09 15:28:36.3282|DEBUG|Microsoft.AspNetCore.Routing.Matching.DfaMatcher|1 candidate(s) found for the request path '/users/get/e17f5fe5-3f02-4b19-b037-6940c8d3f655'
2021-05-09 15:28:36.3282|DEBUG|Microsoft.AspNetCore.Routing.EndpointRoutingMiddleware|Request matched endpoint 'Backend.Controllers.TeacherController.GetInfoteacher (Backend)'
2021-05-09 15:28:36.3282|DEBUG|Microsoft.AspNetCore.Routing.Matching.DfaMatcher|Endpoint 'Backend.Controllers.UsersController.Get (Backend)' with route pattern 'Users/get/{id}' is valid for the request path '/users/get/e17f5fe5-3f02-4b19-b037-6940c8d3f655'
2021-05-09 15:28:36.3282|DEBUG|Microsoft.AspNetCore.Cors.Infrastructure.CorsService|The request has an origin header: 'http://localhost:4200'.
2021-05-09 15:28:36.3282|DEBUG|Microsoft.AspNetCore.Routing.EndpointRoutingMiddleware|Request matched endpoint 'Backend.Controllers.UsersController.Get (Backend)'
2021-05-09 15:28:36.3282|INFO|Microsoft.AspNetCore.Cors.Infrastructure.CorsService|CORS policy execution successful.
2021-05-09 15:28:36.3282|DEBUG|Microsoft.AspNetCore.Cors.Infrastructure.CorsService|The request has an origin header: 'http://localhost:4200'.
2021-05-09 15:28:36.3282|INFO|Microsoft.AspNetCore.Cors.Infrastructure.CorsService|CORS policy execution successful.
2021-05-09 15:28:36.3282|DEBUG|Microsoft.AspNetCore.StaticFiles.StaticFileMiddleware|Static files was skipped as the request already matched an endpoint.
2021-05-09 15:28:36.3282|DEBUG|Microsoft.AspNetCore.StaticFiles.StaticFileMiddleware|Static files was skipped as the request already matched an endpoint.
2021-05-09 15:28:36.3282|DEBUG|Microsoft.AspNetCore.StaticFiles.StaticFileMiddleware|Static files was skipped as the request already matched an endpoint.
2021-05-09 15:28:36.3282|DEBUG|Microsoft.AspNetCore.StaticFiles.StaticFileMiddleware|Static files was skipped as the request already matched an endpoint.
2021-05-09 15:28:36.3358|DEBUG|Microsoft.AspNetCore.StaticFiles.StaticFileMiddleware|Static files was skipped as the request already matched an endpoint.
2021-05-09 15:28:36.3358|DEBUG|Microsoft.AspNetCore.StaticFiles.StaticFileMiddleware|Static files was skipped as the request already matched an endpoint.
2021-05-09 15:28:36.3358|INFO|Microsoft.AspNetCore.Routing.EndpointMiddleware|Executing endpoint 'Backend.Controllers.UsersController.Get (Backend)'
2021-05-09 15:28:36.3358|INFO|Microsoft.AspNetCore.Routing.EndpointMiddleware|Executing endpoint 'Backend.Controllers.TeacherController.GetInfoteacher (Backend)'
2021-05-09 15:28:36.3358|INFO|Microsoft.AspNetCore.Mvc.Infrastructure.ControllerActionInvoker|Route matched with {action = "Get", controller = "Users"}. Executing controller action with signature Model.UserModel.DTO.UserDTO Get(System.Guid) on controller Backend.Controllers.UsersController (Backend).
2021-05-09 15:28:36.3358|DEBUG|Microsoft.AspNetCore.Mvc.Infrastructure.ControllerActionInvoker|Execution plan of authorization filters (in the following order): None
2021-05-09 15:28:36.3358|DEBUG|Microsoft.AspNetCore.Mvc.Infrastructure.ControllerActionInvoker|Execution plan of resource filters (in the following order): None
2021-05-09 15:28:36.3358|DEBUG|Microsoft.AspNetCore.Mvc.Infrastructure.ControllerActionInvoker|Execution plan of action filters (in the following order): Microsoft.AspNetCore.Mvc.ModelBinding.UnsupportedContentTypeFilter (Order: -3000), Microsoft.AspNetCore.Mvc.Infrastructure.ModelStateInvalidFilter (Order: -2000)
2021-05-09 15:28:36.3358|DEBUG|Microsoft.AspNetCore.Mvc.Infrastructure.ControllerActionInvoker|Execution plan of exception filters (in the following order): None
2021-05-09 15:28:36.3358|INFO|Microsoft.AspNetCore.Mvc.Infrastructure.ControllerActionInvoker|Route matched with {action = "GetInfoteacher", controller = "Teacher"}. Executing controller action with signature Microsoft.AspNetCore.Mvc.IActionResult GetInfoteacher(System.Guid) on controller Backend.Controllers.TeacherController (Backend).
2021-05-09 15:28:36.3358|DEBUG|Microsoft.AspNetCore.Mvc.Infrastructure.ControllerActionInvoker|Execution plan of authorization filters (in the following order): None
2021-05-09 15:28:36.3358|DEBUG|Microsoft.AspNetCore.Mvc.Infrastructure.ControllerActionInvoker|Execution plan of result filters (in the following order): Microsoft.AspNetCore.Mvc.Infrastructure.ClientErrorResultFilter (Order: -2000)
2021-05-09 15:28:36.3358|DEBUG|Microsoft.AspNetCore.Mvc.Infrastructure.ControllerActionInvoker|Execution plan of resource filters (in the following order): None
2021-05-09 15:28:36.3358|DEBUG|Microsoft.AspNetCore.Mvc.Infrastructure.ControllerActionInvoker|Executing controller factory for controller Backend.Controllers.UsersController (Backend)
2021-05-09 15:28:36.3358|DEBUG|Microsoft.AspNetCore.Mvc.Infrastructure.ControllerActionInvoker|Execution plan of action filters (in the following order): Microsoft.AspNetCore.Mvc.Filters.ControllerActionFilter (Order: -2147483648), Microsoft.AspNetCore.Mvc.ModelBinding.UnsupportedContentTypeFilter (Order: -3000), Microsoft.AspNetCore.Mvc.Infrastructure.ModelStateInvalidFilter (Order: -2000)
2021-05-09 15:28:36.3358|DEBUG|Microsoft.AspNetCore.Mvc.Infrastructure.ControllerActionInvoker|Execution plan of exception filters (in the following order): None
2021-05-09 15:28:36.3358|DEBUG|Microsoft.AspNetCore.Mvc.Infrastructure.ControllerActionInvoker|Executed controller factory for controller Backend.Controllers.UsersController (Backend)
2021-05-09 15:28:36.3358|DEBUG|Microsoft.AspNetCore.Mvc.Infrastructure.ControllerActionInvoker|Execution plan of result filters (in the following order): Microsoft.AspNetCore.Mvc.Infrastructure.ClientErrorResultFilter (Order: -2000)
2021-05-09 15:28:36.3358|DEBUG|Microsoft.AspNetCore.Mvc.Infrastructure.ControllerActionInvoker|Executing controller factory for controller Backend.Controllers.TeacherController (Backend)
2021-05-09 15:28:36.3358|DEBUG|Microsoft.AspNetCore.Mvc.ModelBinding.ParameterBinder|Attempting to bind parameter 'id' of type 'System.Guid' ...
2021-05-09 15:28:36.3514|DEBUG|Microsoft.AspNetCore.Mvc.Infrastructure.ControllerActionInvoker|Executed controller factory for controller Backend.Controllers.TeacherController (Backend)
2021-05-09 15:28:36.3514|DEBUG|Microsoft.AspNetCore.Mvc.ModelBinding.Binders.SimpleTypeModelBinder|Attempting to bind parameter 'id' of type 'System.Guid' using the name 'id' in request data ...
2021-05-09 15:28:36.3514|DEBUG|Microsoft.AspNetCore.Mvc.ModelBinding.ParameterBinder|Attempting to bind parameter 'id' of type 'System.Guid' ...
2021-05-09 15:28:36.3514|DEBUG|Microsoft.AspNetCore.Mvc.ModelBinding.Binders.SimpleTypeModelBinder|Done attempting to bind parameter 'id' of type 'System.Guid'.
2021-05-09 15:28:36.3514|DEBUG|Microsoft.AspNetCore.Mvc.ModelBinding.ParameterBinder|Done attempting to bind parameter 'id' of type 'System.Guid'.
2021-05-09 15:28:36.3514|DEBUG|Microsoft.AspNetCore.Mvc.ModelBinding.Binders.SimpleTypeModelBinder|Attempting to bind parameter 'id' of type 'System.Guid' using the name 'id' in request data ...
2021-05-09 15:28:36.3514|DEBUG|Microsoft.AspNetCore.Mvc.ModelBinding.ParameterBinder|Attempting to validate the bound parameter 'id' of type 'System.Guid' ...
2021-05-09 15:28:36.3514|DEBUG|Microsoft.AspNetCore.Mvc.ModelBinding.Binders.SimpleTypeModelBinder|Done attempting to bind parameter 'id' of type 'System.Guid'.
2021-05-09 15:28:36.3514|DEBUG|Microsoft.AspNetCore.Mvc.ModelBinding.ParameterBinder|Done attempting to bind parameter 'id' of type 'System.Guid'.
2021-05-09 15:28:36.3514|DEBUG|Microsoft.AspNetCore.Mvc.ModelBinding.ParameterBinder|Attempting to validate the bound parameter 'id' of type 'System.Guid' ...
2021-05-09 15:28:36.3514|DEBUG|Microsoft.AspNetCore.Mvc.ModelBinding.ParameterBinder|Done attempting to validate the bound parameter 'id' of type 'System.Guid'.
2021-05-09 15:28:36.3514|DEBUG|Microsoft.AspNetCore.Mvc.ModelBinding.ParameterBinder|Done attempting to validate the bound parameter 'id' of type 'System.Guid'.
2021-05-09 15:28:36.3807|DEBUG|Microsoft.AspNetCore.Mvc.Infrastructure.DefaultOutputFormatterSelector|List of registered output formatters, in the following order: Microsoft.AspNetCore.Mvc.Formatters.HttpNoContentOutputFormatter, Microsoft.AspNetCore.Mvc.Formatters.StringOutputFormatter, Microsoft.AspNetCore.Mvc.Formatters.StreamOutputFormatter, Microsoft.AspNetCore.Mvc.Formatters.SystemTextJsonOutputFormatter
2021-05-09 15:28:36.3807|DEBUG|Microsoft.AspNetCore.Mvc.Infrastructure.DefaultOutputFormatterSelector|No information found on request to perform content negotiation.
2021-05-09 15:28:36.3815|DEBUG|Microsoft.AspNetCore.Mvc.Infrastructure.DefaultOutputFormatterSelector|Attempting to select an output formatter without using a content type as no explicit content types were specified for the response.
2021-05-09 15:28:36.3815|DEBUG|Microsoft.AspNetCore.Mvc.Infrastructure.DefaultOutputFormatterSelector|Attempting to select the first formatter in the output formatters list which can write the result.
2021-05-09 15:28:36.3815|DEBUG|Microsoft.AspNetCore.Mvc.Infrastructure.DefaultOutputFormatterSelector|Selected output formatter 'Microsoft.AspNetCore.Mvc.Formatters.SystemTextJsonOutputFormatter' and content type 'application/json' to write the response.
2021-05-09 15:28:36.3815|INFO|Microsoft.AspNetCore.Mvc.Infrastructure.ObjectResultExecutor|Executing ObjectResult, writing value of type 'Model.UserModel.DTO.UserDTO'.
2021-05-09 15:28:36.3984|INFO|Microsoft.AspNetCore.Mvc.Infrastructure.ControllerActionInvoker|Executed action Backend.Controllers.UsersController.Get (Backend) in 50.5135ms
2021-05-09 15:28:36.3984|INFO|Microsoft.AspNetCore.Routing.EndpointMiddleware|Executed endpoint 'Backend.Controllers.UsersController.Get (Backend)'
2021-05-09 15:28:36.3984|DEBUG|Microsoft.AspNetCore.Server.Kestrel|Connection id "0HM8ITPBDC12O" completed keep alive response.
2021-05-09 15:28:36.3984|INFO|Microsoft.AspNetCore.Hosting.Diagnostics|Request finished in 73.7379ms 200 application/json; charset=utf-8
2021-05-09 15:28:36.5578|DEBUG|Microsoft.AspNetCore.Mvc.Infrastructure.DefaultOutputFormatterSelector|List of registered output formatters, in the following order: Microsoft.AspNetCore.Mvc.Formatters.HttpNoContentOutputFormatter, Microsoft.AspNetCore.Mvc.Formatters.StringOutputFormatter, Microsoft.AspNetCore.Mvc.Formatters.StreamOutputFormatter, Microsoft.AspNetCore.Mvc.Formatters.SystemTextJsonOutputFormatter
2021-05-09 15:28:36.5578|DEBUG|Microsoft.AspNetCore.Mvc.Infrastructure.DefaultOutputFormatterSelector|No information found on request to perform content negotiation.
2021-05-09 15:28:36.5578|DEBUG|Microsoft.AspNetCore.Mvc.Infrastructure.DefaultOutputFormatterSelector|Attempting to select an output formatter without using a content type as no explicit content types were specified for the response.
2021-05-09 15:28:36.5578|DEBUG|Microsoft.AspNetCore.Mvc.Infrastructure.DefaultOutputFormatterSelector|Attempting to select the first formatter in the output formatters list which can write the result.
2021-05-09 15:28:36.5578|DEBUG|Microsoft.AspNetCore.Mvc.Infrastructure.DefaultOutputFormatterSelector|Selected output formatter 'Microsoft.AspNetCore.Mvc.Formatters.SystemTextJsonOutputFormatter' and content type 'application/json' to write the response.
2021-05-09 15:28:36.5578|INFO|Microsoft.AspNetCore.Mvc.Infrastructure.ObjectResultExecutor|Executing ObjectResult, writing value of type 'Model.TeacherModel.DTO.TeacherInformationDTO'.
2021-05-09 15:28:36.5703|INFO|Microsoft.AspNetCore.Mvc.Infrastructure.ControllerActionInvoker|Executed action Backend.Controllers.TeacherController.GetInfoteacher (Backend) in 220.9672ms
2021-05-09 15:28:36.5703|INFO|Microsoft.AspNetCore.Routing.EndpointMiddleware|Executed endpoint 'Backend.Controllers.TeacherController.GetInfoteacher (Backend)'
2021-05-09 15:28:36.5703|DEBUG|Microsoft.AspNetCore.Server.Kestrel|Connection id "0HM8ITPBDC12N" completed keep alive response.
2021-05-09 15:28:36.5703|INFO|Microsoft.AspNetCore.Hosting.Diagnostics|Request finished in 243.8648ms 200 application/json; charset=utf-8
2021-05-09 15:29:14.7627|INFO|Microsoft.AspNetCore.Hosting.Diagnostics|Request starting HTTP/1.1 OPTIONS http://localhost:8111/users/authenticate  
2021-05-09 15:29:14.7788|DEBUG|Microsoft.AspNetCore.Routing.Matching.DfaMatcher|1 candidate(s) found for the request path '/users/authenticate'
2021-05-09 15:29:14.7788|DEBUG|Microsoft.AspNetCore.Routing.EndpointRoutingMiddleware|Request matched endpoint '405 HTTP Method Not Supported'
2021-05-09 15:29:14.7788|DEBUG|Microsoft.AspNetCore.Cors.Infrastructure.CorsService|The request has an origin header: 'http://localhost:4200'.
2021-05-09 15:29:14.7788|INFO|Microsoft.AspNetCore.Cors.Infrastructure.CorsService|CORS policy execution successful.
2021-05-09 15:29:14.7788|DEBUG|Microsoft.AspNetCore.Cors.Infrastructure.CorsService|The request is a preflight request.
2021-05-09 15:29:14.7788|DEBUG|Microsoft.AspNetCore.Server.Kestrel|Connection id "0HM8ITPBDC12N" completed keep alive response.
2021-05-09 15:29:14.7788|INFO|Microsoft.AspNetCore.Hosting.Diagnostics|Request finished in 24.0847ms 204 
2021-05-09 15:29:14.7882|INFO|Microsoft.AspNetCore.Hosting.Diagnostics|Request starting HTTP/1.1 POST http://localhost:8111/users/authenticate application/json 32
2021-05-09 15:29:14.7882|DEBUG|Microsoft.AspNetCore.Routing.Matching.DfaMatcher|1 candidate(s) found for the request path '/users/authenticate'
2021-05-09 15:29:14.7882|DEBUG|Microsoft.AspNetCore.Routing.Matching.DfaMatcher|Endpoint 'Backend.Controllers.UsersController.Authenticate (Backend)' with route pattern 'Users/authenticate' is valid for the request path '/users/authenticate'
2021-05-09 15:29:14.7882|DEBUG|Microsoft.AspNetCore.Routing.EndpointRoutingMiddleware|Request matched endpoint 'Backend.Controllers.UsersController.Authenticate (Backend)'
2021-05-09 15:29:14.7882|DEBUG|Microsoft.AspNetCore.Cors.Infrastructure.CorsService|The request has an origin header: 'http://localhost:4200'.
2021-05-09 15:29:14.7882|INFO|Microsoft.AspNetCore.Cors.Infrastructure.CorsService|CORS policy execution successful.
2021-05-09 15:29:14.7882|DEBUG|Microsoft.AspNetCore.StaticFiles.StaticFileMiddleware|Static files was skipped as the request already matched an endpoint.
2021-05-09 15:29:14.7882|DEBUG|Microsoft.AspNetCore.StaticFiles.StaticFileMiddleware|Static files was skipped as the request already matched an endpoint.
2021-05-09 15:29:14.7882|DEBUG|Microsoft.AspNetCore.StaticFiles.StaticFileMiddleware|Static files was skipped as the request already matched an endpoint.
2021-05-09 15:29:14.7882|INFO|Microsoft.AspNetCore.Routing.EndpointMiddleware|Executing endpoint 'Backend.Controllers.UsersController.Authenticate (Backend)'
2021-05-09 15:29:14.7882|INFO|Microsoft.AspNetCore.Mvc.Infrastructure.ControllerActionInvoker|Route matched with {action = "Authenticate", controller = "Users"}. Executing controller action with signature Microsoft.AspNetCore.Mvc.IActionResult Authenticate(Backend.Auth.Models.AuthenticateRequest) on controller Backend.Controllers.UsersController (Backend).
2021-05-09 15:29:14.7882|DEBUG|Microsoft.AspNetCore.Mvc.Infrastructure.ControllerActionInvoker|Execution plan of authorization filters (in the following order): None
2021-05-09 15:29:14.7882|DEBUG|Microsoft.AspNetCore.Mvc.Infrastructure.ControllerActionInvoker|Execution plan of resource filters (in the following order): None
2021-05-09 15:29:14.7882|DEBUG|Microsoft.AspNetCore.Mvc.Infrastructure.ControllerActionInvoker|Execution plan of action filters (in the following order): Microsoft.AspNetCore.Mvc.ModelBinding.UnsupportedContentTypeFilter (Order: -3000), Microsoft.AspNetCore.Mvc.Infrastructure.ModelStateInvalidFilter (Order: -2000)
2021-05-09 15:29:14.8039|DEBUG|Microsoft.AspNetCore.Mvc.Infrastructure.ControllerActionInvoker|Execution plan of exception filters (in the following order): None
2021-05-09 15:29:14.8039|DEBUG|Microsoft.AspNetCore.Mvc.Infrastructure.ControllerActionInvoker|Execution plan of result filters (in the following order): Microsoft.AspNetCore.Mvc.Infrastructure.ClientErrorResultFilter (Order: -2000)
2021-05-09 15:29:14.8039|DEBUG|Microsoft.AspNetCore.Mvc.Infrastructure.ControllerActionInvoker|Executing controller factory for controller Backend.Controllers.UsersController (Backend)
2021-05-09 15:29:14.8039|DEBUG|Microsoft.AspNetCore.Mvc.Infrastructure.ControllerActionInvoker|Executed controller factory for controller Backend.Controllers.UsersController (Backend)
2021-05-09 15:29:14.8039|DEBUG|Microsoft.AspNetCore.Mvc.ModelBinding.ParameterBinder|Attempting to bind parameter 'model' of type 'Backend.Auth.Models.AuthenticateRequest' ...
2021-05-09 15:29:14.8039|DEBUG|Microsoft.AspNetCore.Mvc.ModelBinding.Binders.BodyModelBinder|Attempting to bind parameter 'model' of type 'Backend.Auth.Models.AuthenticateRequest' using the name '' in request data ...
2021-05-09 15:29:14.8039|DEBUG|Microsoft.AspNetCore.Mvc.ModelBinding.Binders.BodyModelBinder|Selected input formatter 'Microsoft.AspNetCore.Mvc.Formatters.SystemTextJsonInputFormatter' for content type 'application/json'.
2021-05-09 15:29:14.8039|DEBUG|Microsoft.AspNetCore.Server.Kestrel|Connection id "0HM8ITPBDC12N", Request id "0HM8ITPBDC12N:00000005": started reading request body.
2021-05-09 15:29:14.8039|DEBUG|Microsoft.AspNetCore.Server.Kestrel|Connection id "0HM8ITPBDC12N", Request id "0HM8ITPBDC12N:00000005": done reading request body.
2021-05-09 15:29:14.8039|DEBUG|Microsoft.AspNetCore.Mvc.Formatters.SystemTextJsonInputFormatter|JSON input formatter succeeded, deserializing to type 'Backend.Auth.Models.AuthenticateRequest'
2021-05-09 15:29:14.8039|DEBUG|Microsoft.AspNetCore.Mvc.ModelBinding.Binders.BodyModelBinder|Done attempting to bind parameter 'model' of type 'Backend.Auth.Models.AuthenticateRequest'.
2021-05-09 15:29:14.8039|DEBUG|Microsoft.AspNetCore.Mvc.ModelBinding.ParameterBinder|Done attempting to bind parameter 'model' of type 'Backend.Auth.Models.AuthenticateRequest'.
2021-05-09 15:29:14.8039|DEBUG|Microsoft.AspNetCore.Mvc.ModelBinding.ParameterBinder|Attempting to validate the bound parameter 'model' of type 'Backend.Auth.Models.AuthenticateRequest' ...
2021-05-09 15:29:14.8039|DEBUG|Microsoft.AspNetCore.Mvc.ModelBinding.ParameterBinder|Done attempting to validate the bound parameter 'model' of type 'Backend.Auth.Models.AuthenticateRequest'.
2021-05-09 15:29:14.8463|DEBUG|Microsoft.AspNetCore.Mvc.Infrastructure.DefaultOutputFormatterSelector|List of registered output formatters, in the following order: Microsoft.AspNetCore.Mvc.Formatters.HttpNoContentOutputFormatter, Microsoft.AspNetCore.Mvc.Formatters.StringOutputFormatter, Microsoft.AspNetCore.Mvc.Formatters.StreamOutputFormatter, Microsoft.AspNetCore.Mvc.Formatters.SystemTextJsonOutputFormatter
2021-05-09 15:29:14.8463|DEBUG|Microsoft.AspNetCore.Mvc.Infrastructure.DefaultOutputFormatterSelector|No information found on request to perform content negotiation.
2021-05-09 15:29:14.8463|DEBUG|Microsoft.AspNetCore.Mvc.Infrastructure.DefaultOutputFormatterSelector|Attempting to select an output formatter without using a content type as no explicit content types were specified for the response.
2021-05-09 15:29:14.8463|DEBUG|Microsoft.AspNetCore.Mvc.Infrastructure.DefaultOutputFormatterSelector|Attempting to select the first formatter in the output formatters list which can write the result.
2021-05-09 15:29:14.8463|DEBUG|Microsoft.AspNetCore.Mvc.Infrastructure.DefaultOutputFormatterSelector|Selected output formatter 'Microsoft.AspNetCore.Mvc.Formatters.SystemTextJsonOutputFormatter' and content type 'application/json' to write the response.
2021-05-09 15:29:14.8463|INFO|Microsoft.AspNetCore.Mvc.Infrastructure.ObjectResultExecutor|Executing ObjectResult, writing value of type 'Backend.Auth.Models.AuthenticateResponse'.
2021-05-09 15:29:14.8463|INFO|Microsoft.AspNetCore.Mvc.Infrastructure.ControllerActionInvoker|Executed action Backend.Controllers.UsersController.Authenticate (Backend) in 44.5662ms
2021-05-09 15:29:14.8463|INFO|Microsoft.AspNetCore.Routing.EndpointMiddleware|Executed endpoint 'Backend.Controllers.UsersController.Authenticate (Backend)'
2021-05-09 15:29:14.8463|DEBUG|Microsoft.AspNetCore.Server.Kestrel|Connection id "0HM8ITPBDC12N" completed keep alive response.
2021-05-09 15:29:14.8509|INFO|Microsoft.AspNetCore.Hosting.Diagnostics|Request finished in 62.8311ms 200 application/json; charset=utf-8
2021-05-09 15:29:14.8509|INFO|Microsoft.AspNetCore.Hosting.Diagnostics|Request starting HTTP/1.1 GET http://localhost:8111/users/getStudent/ec52f5a6-fa17-4660-8b98-81a8a72be7dc  
2021-05-09 15:29:14.8509|DEBUG|Microsoft.AspNetCore.Routing.Matching.DfaMatcher|1 candidate(s) found for the request path '/users/getStudent/ec52f5a6-fa17-4660-8b98-81a8a72be7dc'
2021-05-09 15:29:14.8509|INFO|Microsoft.AspNetCore.Hosting.Diagnostics|Request starting HTTP/1.1 GET http://localhost:8111/users/get/ec52f5a6-fa17-4660-8b98-81a8a72be7dc  
2021-05-09 15:29:14.8659|DEBUG|Microsoft.AspNetCore.Routing.Matching.DfaMatcher|Endpoint 'Backend.Controllers.UsersController.GetStudent (Backend)' with route pattern 'Users/getStudent/{id}' is valid for the request path '/users/getStudent/ec52f5a6-fa17-4660-8b98-81a8a72be7dc'
2021-05-09 15:29:14.8659|DEBUG|Microsoft.AspNetCore.Routing.Matching.DfaMatcher|1 candidate(s) found for the request path '/users/get/ec52f5a6-fa17-4660-8b98-81a8a72be7dc'
2021-05-09 15:29:14.8659|DEBUG|Microsoft.AspNetCore.Routing.EndpointRoutingMiddleware|Request matched endpoint 'Backend.Controllers.UsersController.GetStudent (Backend)'
2021-05-09 15:29:14.8659|DEBUG|Microsoft.AspNetCore.Routing.Matching.DfaMatcher|Endpoint 'Backend.Controllers.UsersController.Get (Backend)' with route pattern 'Users/get/{id}' is valid for the request path '/users/get/ec52f5a6-fa17-4660-8b98-81a8a72be7dc'
2021-05-09 15:29:14.8659|DEBUG|Microsoft.AspNetCore.Cors.Infrastructure.CorsService|The request has an origin header: 'http://localhost:4200'.
2021-05-09 15:29:14.8659|DEBUG|Microsoft.AspNetCore.Routing.EndpointRoutingMiddleware|Request matched endpoint 'Backend.Controllers.UsersController.Get (Backend)'
2021-05-09 15:29:14.8659|INFO|Microsoft.AspNetCore.Cors.Infrastructure.CorsService|CORS policy execution successful.
2021-05-09 15:29:14.8659|DEBUG|Microsoft.AspNetCore.Cors.Infrastructure.CorsService|The request has an origin header: 'http://localhost:4200'.
2021-05-09 15:29:14.8659|DEBUG|Microsoft.AspNetCore.StaticFiles.StaticFileMiddleware|Static files was skipped as the request already matched an endpoint.
2021-05-09 15:29:14.8659|INFO|Microsoft.AspNetCore.Cors.Infrastructure.CorsService|CORS policy execution successful.
2021-05-09 15:29:14.8659|DEBUG|Microsoft.AspNetCore.StaticFiles.StaticFileMiddleware|Static files was skipped as the request already matched an endpoint.
2021-05-09 15:29:14.8659|DEBUG|Microsoft.AspNetCore.StaticFiles.StaticFileMiddleware|Static files was skipped as the request already matched an endpoint.
2021-05-09 15:29:14.8659|DEBUG|Microsoft.AspNetCore.StaticFiles.StaticFileMiddleware|Static files was skipped as the request already matched an endpoint.
2021-05-09 15:29:14.8659|DEBUG|Microsoft.AspNetCore.StaticFiles.StaticFileMiddleware|Static files was skipped as the request already matched an endpoint.
2021-05-09 15:29:14.8659|DEBUG|Microsoft.AspNetCore.StaticFiles.StaticFileMiddleware|Static files was skipped as the request already matched an endpoint.
2021-05-09 15:29:14.8659|INFO|Microsoft.AspNetCore.Routing.EndpointMiddleware|Executing endpoint 'Backend.Controllers.UsersController.GetStudent (Backend)'
2021-05-09 15:29:14.8659|INFO|Microsoft.AspNetCore.Routing.EndpointMiddleware|Executing endpoint 'Backend.Controllers.UsersController.Get (Backend)'
2021-05-09 15:29:14.8659|INFO|Microsoft.AspNetCore.Mvc.Infrastructure.ControllerActionInvoker|Route matched with {action = "Get", controller = "Users"}. Executing controller action with signature Model.UserModel.DTO.UserDTO Get(System.Guid) on controller Backend.Controllers.UsersController (Backend).
2021-05-09 15:29:14.8659|DEBUG|Microsoft.AspNetCore.Mvc.Infrastructure.ControllerActionInvoker|Execution plan of authorization filters (in the following order): None
2021-05-09 15:29:14.8659|DEBUG|Microsoft.AspNetCore.Mvc.Infrastructure.ControllerActionInvoker|Execution plan of resource filters (in the following order): None
2021-05-09 15:29:14.8659|DEBUG|Microsoft.AspNetCore.Mvc.Infrastructure.ControllerActionInvoker|Execution plan of action filters (in the following order): Microsoft.AspNetCore.Mvc.ModelBinding.UnsupportedContentTypeFilter (Order: -3000), Microsoft.AspNetCore.Mvc.Infrastructure.ModelStateInvalidFilter (Order: -2000)
2021-05-09 15:29:14.8659|DEBUG|Microsoft.AspNetCore.Mvc.Infrastructure.ControllerActionInvoker|Execution plan of exception filters (in the following order): None
2021-05-09 15:29:14.8659|INFO|Microsoft.AspNetCore.Mvc.Infrastructure.ControllerActionInvoker|Route matched with {action = "GetStudent", controller = "Users"}. Executing controller action with signature Microsoft.AspNetCore.Mvc.IActionResult GetStudent(System.Guid) on controller Backend.Controllers.UsersController (Backend).
2021-05-09 15:29:14.8659|DEBUG|Microsoft.AspNetCore.Mvc.Infrastructure.ControllerActionInvoker|Execution plan of result filters (in the following order): Microsoft.AspNetCore.Mvc.Infrastructure.ClientErrorResultFilter (Order: -2000)
2021-05-09 15:29:14.8659|DEBUG|Microsoft.AspNetCore.Mvc.Infrastructure.ControllerActionInvoker|Execution plan of authorization filters (in the following order): None
2021-05-09 15:29:14.8659|DEBUG|Microsoft.AspNetCore.Mvc.Infrastructure.ControllerActionInvoker|Executing controller factory for controller Backend.Controllers.UsersController (Backend)
2021-05-09 15:29:14.8659|DEBUG|Microsoft.AspNetCore.Mvc.Infrastructure.ControllerActionInvoker|Execution plan of resource filters (in the following order): None
2021-05-09 15:29:14.8659|DEBUG|Microsoft.AspNetCore.Mvc.Infrastructure.ControllerActionInvoker|Execution plan of action filters (in the following order): Microsoft.AspNetCore.Mvc.ModelBinding.UnsupportedContentTypeFilter (Order: -3000), Microsoft.AspNetCore.Mvc.Infrastructure.ModelStateInvalidFilter (Order: -2000)
2021-05-09 15:29:14.8659|DEBUG|Microsoft.AspNetCore.Mvc.Infrastructure.ControllerActionInvoker|Execution plan of exception filters (in the following order): None
2021-05-09 15:29:14.8659|DEBUG|Microsoft.AspNetCore.Mvc.Infrastructure.ControllerActionInvoker|Executed controller factory for controller Backend.Controllers.UsersController (Backend)
2021-05-09 15:29:14.8817|DEBUG|Microsoft.AspNetCore.Mvc.Infrastructure.ControllerActionInvoker|Execution plan of result filters (in the following order): Microsoft.AspNetCore.Mvc.Infrastructure.ClientErrorResultFilter (Order: -2000)
2021-05-09 15:29:14.8817|DEBUG|Microsoft.AspNetCore.Mvc.ModelBinding.ParameterBinder|Attempting to bind parameter 'id' of type 'System.Guid' ...
2021-05-09 15:29:14.8817|DEBUG|Microsoft.AspNetCore.Mvc.Infrastructure.ControllerActionInvoker|Executing controller factory for controller Backend.Controllers.UsersController (Backend)
2021-05-09 15:29:14.8817|DEBUG|Microsoft.AspNetCore.Mvc.ModelBinding.Binders.SimpleTypeModelBinder|Attempting to bind parameter 'id' of type 'System.Guid' using the name 'id' in request data ...
2021-05-09 15:29:14.8817|DEBUG|Microsoft.AspNetCore.Mvc.ModelBinding.Binders.SimpleTypeModelBinder|Done attempting to bind parameter 'id' of type 'System.Guid'.
2021-05-09 15:29:14.8817|DEBUG|Microsoft.AspNetCore.Mvc.Infrastructure.ControllerActionInvoker|Executed controller factory for controller Backend.Controllers.UsersController (Backend)
2021-05-09 15:29:14.8817|DEBUG|Microsoft.AspNetCore.Mvc.ModelBinding.ParameterBinder|Done attempting to bind parameter 'id' of type 'System.Guid'.
2021-05-09 15:29:14.8817|DEBUG|Microsoft.AspNetCore.Mvc.ModelBinding.ParameterBinder|Attempting to bind parameter 'id' of type 'System.Guid' ...
2021-05-09 15:29:14.8817|DEBUG|Microsoft.AspNetCore.Mvc.ModelBinding.ParameterBinder|Attempting to validate the bound parameter 'id' of type 'System.Guid' ...
2021-05-09 15:29:14.8817|DEBUG|Microsoft.AspNetCore.Mvc.ModelBinding.Binders.SimpleTypeModelBinder|Attempting to bind parameter 'id' of type 'System.Guid' using the name 'id' in request data ...
2021-05-09 15:29:14.8817|DEBUG|Microsoft.AspNetCore.Mvc.ModelBinding.ParameterBinder|Done attempting to validate the bound parameter 'id' of type 'System.Guid'.
2021-05-09 15:29:14.8817|DEBUG|Microsoft.AspNetCore.Mvc.ModelBinding.Binders.SimpleTypeModelBinder|Done attempting to bind parameter 'id' of type 'System.Guid'.
2021-05-09 15:29:14.8817|DEBUG|Microsoft.AspNetCore.Mvc.ModelBinding.ParameterBinder|Done attempting to bind parameter 'id' of type 'System.Guid'.
2021-05-09 15:29:14.8817|DEBUG|Microsoft.AspNetCore.Mvc.ModelBinding.ParameterBinder|Attempting to validate the bound parameter 'id' of type 'System.Guid' ...
2021-05-09 15:29:14.8817|DEBUG|Microsoft.AspNetCore.Mvc.ModelBinding.ParameterBinder|Done attempting to validate the bound parameter 'id' of type 'System.Guid'.
2021-05-09 15:29:14.9068|DEBUG|Microsoft.AspNetCore.Mvc.Infrastructure.DefaultOutputFormatterSelector|List of registered output formatters, in the following order: Microsoft.AspNetCore.Mvc.Formatters.HttpNoContentOutputFormatter, Microsoft.AspNetCore.Mvc.Formatters.StringOutputFormatter, Microsoft.AspNetCore.Mvc.Formatters.StreamOutputFormatter, Microsoft.AspNetCore.Mvc.Formatters.SystemTextJsonOutputFormatter
2021-05-09 15:29:14.9068|DEBUG|Microsoft.AspNetCore.Mvc.Infrastructure.DefaultOutputFormatterSelector|No information found on request to perform content negotiation.
2021-05-09 15:29:14.9068|DEBUG|Microsoft.AspNetCore.Mvc.Infrastructure.DefaultOutputFormatterSelector|Attempting to select an output formatter without using a content type as no explicit content types were specified for the response.
2021-05-09 15:29:14.9068|DEBUG|Microsoft.AspNetCore.Mvc.Infrastructure.DefaultOutputFormatterSelector|Attempting to select the first formatter in the output formatters list which can write the result.
2021-05-09 15:29:14.9068|DEBUG|Microsoft.AspNetCore.Mvc.Infrastructure.DefaultOutputFormatterSelector|Selected output formatter 'Microsoft.AspNetCore.Mvc.Formatters.SystemTextJsonOutputFormatter' and content type 'application/json' to write the response.
2021-05-09 15:29:14.9068|INFO|Microsoft.AspNetCore.Mvc.Infrastructure.ObjectResultExecutor|Executing ObjectResult, writing value of type 'Model.UserModel.DTO.UserDTO'.
2021-05-09 15:29:14.9068|INFO|Microsoft.AspNetCore.Mvc.Infrastructure.ControllerActionInvoker|Executed action Backend.Controllers.UsersController.Get (Backend) in 28.8568ms
2021-05-09 15:29:14.9068|INFO|Microsoft.AspNetCore.Routing.EndpointMiddleware|Executed endpoint 'Backend.Controllers.UsersController.Get (Backend)'
2021-05-09 15:29:14.9068|DEBUG|Microsoft.AspNetCore.Server.Kestrel|Connection id "0HM8ITPBDC12O" completed keep alive response.
2021-05-09 15:29:14.9068|INFO|Microsoft.AspNetCore.Hosting.Diagnostics|Request finished in 45.4947ms 200 application/json; charset=utf-8
2021-05-09 15:29:15.0832|DEBUG|Microsoft.AspNetCore.Mvc.Infrastructure.DefaultOutputFormatterSelector|List of registered output formatters, in the following order: Microsoft.AspNetCore.Mvc.Formatters.HttpNoContentOutputFormatter, Microsoft.AspNetCore.Mvc.Formatters.StringOutputFormatter, Microsoft.AspNetCore.Mvc.Formatters.StreamOutputFormatter, Microsoft.AspNetCore.Mvc.Formatters.SystemTextJsonOutputFormatter
2021-05-09 15:29:15.0832|DEBUG|Microsoft.AspNetCore.Mvc.Infrastructure.DefaultOutputFormatterSelector|No information found on request to perform content negotiation.
2021-05-09 15:29:15.0832|DEBUG|Microsoft.AspNetCore.Mvc.Infrastructure.DefaultOutputFormatterSelector|Attempting to select an output formatter without using a content type as no explicit content types were specified for the response.
2021-05-09 15:29:15.0832|DEBUG|Microsoft.AspNetCore.Mvc.Infrastructure.DefaultOutputFormatterSelector|Attempting to select the first formatter in the output formatters list which can write the result.
2021-05-09 15:29:15.0832|DEBUG|Microsoft.AspNetCore.Mvc.Infrastructure.DefaultOutputFormatterSelector|Selected output formatter 'Microsoft.AspNetCore.Mvc.Formatters.SystemTextJsonOutputFormatter' and content type 'application/json' to write the response.
2021-05-09 15:29:15.0832|INFO|Microsoft.AspNetCore.Mvc.Infrastructure.ObjectResultExecutor|Executing ObjectResult, writing value of type 'Model.UserModel.DTO.StudentDTO'.
2021-05-09 15:29:15.1046|INFO|Microsoft.AspNetCore.Mvc.Infrastructure.ControllerActionInvoker|Executed action Backend.Controllers.UsersController.GetStudent (Backend) in 222.4088ms
2021-05-09 15:29:15.1046|INFO|Microsoft.AspNetCore.Routing.EndpointMiddleware|Executed endpoint 'Backend.Controllers.UsersController.GetStudent (Backend)'
2021-05-09 15:29:15.1046|DEBUG|Microsoft.AspNetCore.Server.Kestrel|Connection id "0HM8ITPBDC12N" completed keep alive response.
2021-05-09 15:29:15.1046|INFO|Microsoft.AspNetCore.Hosting.Diagnostics|Request finished in 242.803ms 200 application/json; charset=utf-8
2021-05-09 15:38:29.0677|DEBUG|Microsoft.AspNetCore.Server.Kestrel.Transport.Sockets|Connection id "0HM8ITPBDC12N" received FIN.
2021-05-09 15:38:29.0677|DEBUG|Microsoft.AspNetCore.Server.Kestrel.Transport.Sockets|Connection id "0HM8ITPBDC12O" received FIN.
2021-05-09 15:38:29.0677|DEBUG|Microsoft.AspNetCore.Server.Kestrel|Connection id "0HM8ITPBDC12P" accepted.
2021-05-09 15:38:29.0858|DEBUG|Microsoft.AspNetCore.Server.Kestrel|Connection id "0HM8ITPBDC12P" started.
2021-05-09 15:38:29.1871|INFO|Microsoft.AspNetCore.Hosting.Diagnostics|Request starting HTTP/1.1 GET http://localhost:8111/users/getStudent/ec52f5a6-fa17-4660-8b98-81a8a72be7dc  
2021-05-09 15:38:29.1994|DEBUG|Microsoft.AspNetCore.Server.Kestrel|Connection id "0HM8ITPBDC12N" disconnecting.
2021-05-09 15:38:29.1994|DEBUG|Microsoft.AspNetCore.Server.Kestrel|Connection id "0HM8ITPBDC12O" disconnecting.
2021-05-09 15:38:29.1994|DEBUG|Microsoft.AspNetCore.Routing.Matching.DfaMatcher|1 candidate(s) found for the request path '/users/getStudent/ec52f5a6-fa17-4660-8b98-81a8a72be7dc'
2021-05-09 15:38:29.1994|DEBUG|Microsoft.AspNetCore.Routing.Matching.DfaMatcher|Endpoint 'Backend.Controllers.UsersController.GetStudent (Backend)' with route pattern 'Users/getStudent/{id}' is valid for the request path '/users/getStudent/ec52f5a6-fa17-4660-8b98-81a8a72be7dc'
2021-05-09 15:38:29.1994|DEBUG|Microsoft.AspNetCore.Routing.EndpointRoutingMiddleware|Request matched endpoint 'Backend.Controllers.UsersController.GetStudent (Backend)'
2021-05-09 15:38:29.2097|DEBUG|Microsoft.AspNetCore.Server.Kestrel.Transport.Sockets|Connection id "0HM8ITPBDC12O" sending FIN because: "The client closed the connection."
2021-05-09 15:38:29.2097|DEBUG|Microsoft.AspNetCore.Server.Kestrel.Transport.Sockets|Connection id "0HM8ITPBDC12N" sending FIN because: "The client closed the connection."
2021-05-09 15:38:29.2097|DEBUG|Microsoft.AspNetCore.Cors.Infrastructure.CorsService|The request has an origin header: 'http://localhost:4200'.
2021-05-09 15:38:29.2097|INFO|Microsoft.AspNetCore.Cors.Infrastructure.CorsService|CORS policy execution successful.
2021-05-09 15:38:29.2097|DEBUG|Microsoft.AspNetCore.StaticFiles.StaticFileMiddleware|Static files was skipped as the request already matched an endpoint.
2021-05-09 15:38:29.2571|DEBUG|Microsoft.AspNetCore.StaticFiles.StaticFileMiddleware|Static files was skipped as the request already matched an endpoint.
2021-05-09 15:38:29.2571|DEBUG|Microsoft.AspNetCore.StaticFiles.StaticFileMiddleware|Static files was skipped as the request already matched an endpoint.
2021-05-09 15:38:29.2571|DEBUG|Microsoft.AspNetCore.Server.Kestrel|Connection id "0HM8ITPBDC12O" stopped.
2021-05-09 15:38:29.2571|DEBUG|Microsoft.AspNetCore.Server.Kestrel|Connection id "0HM8ITPBDC12N" stopped.
2021-05-09 15:38:29.2571|INFO|Microsoft.AspNetCore.Routing.EndpointMiddleware|Executing endpoint 'Backend.Controllers.UsersController.GetStudent (Backend)'
2021-05-09 15:38:29.2571|INFO|Microsoft.AspNetCore.Mvc.Infrastructure.ControllerActionInvoker|Route matched with {action = "GetStudent", controller = "Users"}. Executing controller action with signature Microsoft.AspNetCore.Mvc.IActionResult GetStudent(System.Guid) on controller Backend.Controllers.UsersController (Backend).
2021-05-09 15:38:29.2571|DEBUG|Microsoft.AspNetCore.Mvc.Infrastructure.ControllerActionInvoker|Execution plan of authorization filters (in the following order): None
2021-05-09 15:38:29.2571|DEBUG|Microsoft.AspNetCore.Mvc.Infrastructure.ControllerActionInvoker|Execution plan of resource filters (in the following order): None
2021-05-09 15:38:29.2571|DEBUG|Microsoft.AspNetCore.Mvc.Infrastructure.ControllerActionInvoker|Execution plan of action filters (in the following order): Microsoft.AspNetCore.Mvc.ModelBinding.UnsupportedContentTypeFilter (Order: -3000), Microsoft.AspNetCore.Mvc.Infrastructure.ModelStateInvalidFilter (Order: -2000)
2021-05-09 15:38:29.2571|DEBUG|Microsoft.AspNetCore.Mvc.Infrastructure.ControllerActionInvoker|Execution plan of exception filters (in the following order): None
2021-05-09 15:38:29.2571|DEBUG|Microsoft.AspNetCore.Mvc.Infrastructure.ControllerActionInvoker|Execution plan of result filters (in the following order): Microsoft.AspNetCore.Mvc.Infrastructure.ClientErrorResultFilter (Order: -2000)
2021-05-09 15:38:29.2571|DEBUG|Microsoft.AspNetCore.Mvc.Infrastructure.ControllerActionInvoker|Executing controller factory for controller Backend.Controllers.UsersController (Backend)
2021-05-09 15:38:29.2571|DEBUG|Microsoft.AspNetCore.Mvc.Infrastructure.ControllerActionInvoker|Executed controller factory for controller Backend.Controllers.UsersController (Backend)
2021-05-09 15:38:29.2571|DEBUG|Microsoft.AspNetCore.Mvc.ModelBinding.ParameterBinder|Attempting to bind parameter 'id' of type 'System.Guid' ...
2021-05-09 15:38:29.2571|DEBUG|Microsoft.AspNetCore.Mvc.ModelBinding.Binders.SimpleTypeModelBinder|Attempting to bind parameter 'id' of type 'System.Guid' using the name 'id' in request data ...
2021-05-09 15:38:29.2571|DEBUG|Microsoft.AspNetCore.Mvc.ModelBinding.Binders.SimpleTypeModelBinder|Done attempting to bind parameter 'id' of type 'System.Guid'.
2021-05-09 15:38:29.2719|DEBUG|Microsoft.AspNetCore.Mvc.ModelBinding.ParameterBinder|Done attempting to bind parameter 'id' of type 'System.Guid'.
2021-05-09 15:38:29.2719|DEBUG|Microsoft.AspNetCore.Mvc.ModelBinding.ParameterBinder|Attempting to validate the bound parameter 'id' of type 'System.Guid' ...
2021-05-09 15:38:29.2719|DEBUG|Microsoft.AspNetCore.Mvc.ModelBinding.ParameterBinder|Done attempting to validate the bound parameter 'id' of type 'System.Guid'.
2021-05-09 15:38:29.3883|DEBUG|Microsoft.AspNetCore.Mvc.Infrastructure.DefaultOutputFormatterSelector|List of registered output formatters, in the following order: Microsoft.AspNetCore.Mvc.Formatters.HttpNoContentOutputFormatter, Microsoft.AspNetCore.Mvc.Formatters.StringOutputFormatter, Microsoft.AspNetCore.Mvc.Formatters.StreamOutputFormatter, Microsoft.AspNetCore.Mvc.Formatters.SystemTextJsonOutputFormatter
2021-05-09 15:38:29.3883|DEBUG|Microsoft.AspNetCore.Mvc.Infrastructure.DefaultOutputFormatterSelector|No information found on request to perform content negotiation.
2021-05-09 15:38:29.3883|DEBUG|Microsoft.AspNetCore.Mvc.Infrastructure.DefaultOutputFormatterSelector|Attempting to select an output formatter without using a content type as no explicit content types were specified for the response.
2021-05-09 15:38:29.3883|DEBUG|Microsoft.AspNetCore.Mvc.Infrastructure.DefaultOutputFormatterSelector|Attempting to select the first formatter in the output formatters list which can write the result.
2021-05-09 15:38:29.3883|DEBUG|Microsoft.AspNetCore.Mvc.Infrastructure.DefaultOutputFormatterSelector|Selected output formatter 'Microsoft.AspNetCore.Mvc.Formatters.SystemTextJsonOutputFormatter' and content type 'application/json' to write the response.
2021-05-09 15:38:29.3883|INFO|Microsoft.AspNetCore.Mvc.Infrastructure.ObjectResultExecutor|Executing ObjectResult, writing value of type 'Model.UserModel.DTO.StudentDTO'.
2021-05-09 15:38:29.3883|INFO|Microsoft.AspNetCore.Mvc.Infrastructure.ControllerActionInvoker|Executed action Backend.Controllers.UsersController.GetStudent (Backend) in 121.3535ms
2021-05-09 15:38:29.3883|INFO|Microsoft.AspNetCore.Routing.EndpointMiddleware|Executed endpoint 'Backend.Controllers.UsersController.GetStudent (Backend)'
2021-05-09 15:38:29.3883|DEBUG|Microsoft.AspNetCore.Server.Kestrel|Connection id "0HM8ITPBDC12P" completed keep alive response.
2021-05-09 15:38:29.3883|INFO|Microsoft.AspNetCore.Hosting.Diagnostics|Request finished in 207.3146ms 200 application/json; charset=utf-8
2021-05-09 15:38:58.8271|INFO|Microsoft.AspNetCore.Hosting.Diagnostics|Request starting HTTP/1.1 GET http://localhost:8111/users/getStudent/ec52f5a6-fa17-4660-8b98-81a8a72be7dc  
2021-05-09 15:38:58.8446|DEBUG|Microsoft.AspNetCore.Routing.Matching.DfaMatcher|1 candidate(s) found for the request path '/users/getStudent/ec52f5a6-fa17-4660-8b98-81a8a72be7dc'
2021-05-09 15:38:58.8446|DEBUG|Microsoft.AspNetCore.Routing.Matching.DfaMatcher|Endpoint 'Backend.Controllers.UsersController.GetStudent (Backend)' with route pattern 'Users/getStudent/{id}' is valid for the request path '/users/getStudent/ec52f5a6-fa17-4660-8b98-81a8a72be7dc'
2021-05-09 15:38:58.8446|DEBUG|Microsoft.AspNetCore.Routing.EndpointRoutingMiddleware|Request matched endpoint 'Backend.Controllers.UsersController.GetStudent (Backend)'
2021-05-09 15:38:58.8446|DEBUG|Microsoft.AspNetCore.Cors.Infrastructure.CorsService|The request has an origin header: 'http://localhost:4200'.
2021-05-09 15:38:58.8446|INFO|Microsoft.AspNetCore.Cors.Infrastructure.CorsService|CORS policy execution successful.
2021-05-09 15:38:58.8651|DEBUG|Microsoft.AspNetCore.StaticFiles.StaticFileMiddleware|Static files was skipped as the request already matched an endpoint.
2021-05-09 15:38:58.8651|DEBUG|Microsoft.AspNetCore.StaticFiles.StaticFileMiddleware|Static files was skipped as the request already matched an endpoint.
2021-05-09 15:38:58.8665|DEBUG|Microsoft.AspNetCore.StaticFiles.StaticFileMiddleware|Static files was skipped as the request already matched an endpoint.
2021-05-09 15:38:58.8665|INFO|Microsoft.AspNetCore.Routing.EndpointMiddleware|Executing endpoint 'Backend.Controllers.UsersController.GetStudent (Backend)'
2021-05-09 15:38:58.8665|INFO|Microsoft.AspNetCore.Mvc.Infrastructure.ControllerActionInvoker|Route matched with {action = "GetStudent", controller = "Users"}. Executing controller action with signature Microsoft.AspNetCore.Mvc.IActionResult GetStudent(System.Guid) on controller Backend.Controllers.UsersController (Backend).
2021-05-09 15:38:58.8665|DEBUG|Microsoft.AspNetCore.Mvc.Infrastructure.ControllerActionInvoker|Execution plan of authorization filters (in the following order): None
2021-05-09 15:38:58.8665|DEBUG|Microsoft.AspNetCore.Mvc.Infrastructure.ControllerActionInvoker|Execution plan of resource filters (in the following order): None
2021-05-09 15:38:58.8665|DEBUG|Microsoft.AspNetCore.Mvc.Infrastructure.ControllerActionInvoker|Execution plan of action filters (in the following order): Microsoft.AspNetCore.Mvc.ModelBinding.UnsupportedContentTypeFilter (Order: -3000), Microsoft.AspNetCore.Mvc.Infrastructure.ModelStateInvalidFilter (Order: -2000)
2021-05-09 15:38:58.8665|DEBUG|Microsoft.AspNetCore.Mvc.Infrastructure.ControllerActionInvoker|Execution plan of exception filters (in the following order): None
2021-05-09 15:38:58.8665|DEBUG|Microsoft.AspNetCore.Mvc.Infrastructure.ControllerActionInvoker|Execution plan of result filters (in the following order): Microsoft.AspNetCore.Mvc.Infrastructure.ClientErrorResultFilter (Order: -2000)
2021-05-09 15:38:58.8665|DEBUG|Microsoft.AspNetCore.Mvc.Infrastructure.ControllerActionInvoker|Executing controller factory for controller Backend.Controllers.UsersController (Backend)
2021-05-09 15:38:58.8826|DEBUG|Microsoft.AspNetCore.Mvc.Infrastructure.ControllerActionInvoker|Executed controller factory for controller Backend.Controllers.UsersController (Backend)
2021-05-09 15:38:58.8826|DEBUG|Microsoft.AspNetCore.Mvc.ModelBinding.ParameterBinder|Attempting to bind parameter 'id' of type 'System.Guid' ...
2021-05-09 15:38:58.8826|DEBUG|Microsoft.AspNetCore.Mvc.ModelBinding.Binders.SimpleTypeModelBinder|Attempting to bind parameter 'id' of type 'System.Guid' using the name 'id' in request data ...
2021-05-09 15:38:58.8826|DEBUG|Microsoft.AspNetCore.Mvc.ModelBinding.Binders.SimpleTypeModelBinder|Done attempting to bind parameter 'id' of type 'System.Guid'.
2021-05-09 15:38:58.8826|DEBUG|Microsoft.AspNetCore.Mvc.ModelBinding.ParameterBinder|Done attempting to bind parameter 'id' of type 'System.Guid'.
2021-05-09 15:38:58.8826|DEBUG|Microsoft.AspNetCore.Mvc.ModelBinding.ParameterBinder|Attempting to validate the bound parameter 'id' of type 'System.Guid' ...
2021-05-09 15:38:58.8826|DEBUG|Microsoft.AspNetCore.Mvc.ModelBinding.ParameterBinder|Done attempting to validate the bound parameter 'id' of type 'System.Guid'.
2021-05-09 15:38:59.0089|DEBUG|Microsoft.AspNetCore.Mvc.Infrastructure.DefaultOutputFormatterSelector|List of registered output formatters, in the following order: Microsoft.AspNetCore.Mvc.Formatters.HttpNoContentOutputFormatter, Microsoft.AspNetCore.Mvc.Formatters.StringOutputFormatter, Microsoft.AspNetCore.Mvc.Formatters.StreamOutputFormatter, Microsoft.AspNetCore.Mvc.Formatters.SystemTextJsonOutputFormatter
2021-05-09 15:38:59.0089|DEBUG|Microsoft.AspNetCore.Mvc.Infrastructure.DefaultOutputFormatterSelector|No information found on request to perform content negotiation.
2021-05-09 15:38:59.0089|DEBUG|Microsoft.AspNetCore.Mvc.Infrastructure.DefaultOutputFormatterSelector|Attempting to select an output formatter without using a content type as no explicit content types were specified for the response.
2021-05-09 15:38:59.0089|DEBUG|Microsoft.AspNetCore.Mvc.Infrastructure.DefaultOutputFormatterSelector|Attempting to select the first formatter in the output formatters list which can write the result.
2021-05-09 15:38:59.0089|DEBUG|Microsoft.AspNetCore.Mvc.Infrastructure.DefaultOutputFormatterSelector|Selected output formatter 'Microsoft.AspNetCore.Mvc.Formatters.SystemTextJsonOutputFormatter' and content type 'application/json' to write the response.
2021-05-09 15:38:59.0089|INFO|Microsoft.AspNetCore.Mvc.Infrastructure.ObjectResultExecutor|Executing ObjectResult, writing value of type 'Model.UserModel.DTO.StudentDTO'.
2021-05-09 15:38:59.0089|INFO|Microsoft.AspNetCore.Mvc.Infrastructure.ControllerActionInvoker|Executed action Backend.Controllers.UsersController.GetStudent (Backend) in 132.3102ms
2021-05-09 15:38:59.0089|INFO|Microsoft.AspNetCore.Routing.EndpointMiddleware|Executed endpoint 'Backend.Controllers.UsersController.GetStudent (Backend)'
2021-05-09 15:38:59.0089|DEBUG|Microsoft.AspNetCore.Server.Kestrel|Connection id "0HM8ITPBDC12P" completed keep alive response.
2021-05-09 15:38:59.0089|INFO|Microsoft.AspNetCore.Hosting.Diagnostics|Request finished in 188.4155ms 200 application/json; charset=utf-8
2021-05-09 15:39:35.1257|INFO|Microsoft.AspNetCore.Hosting.Diagnostics|Request starting HTTP/1.1 GET http://localhost:8111/users/getStudent/ec52f5a6-fa17-4660-8b98-81a8a72be7dc  
2021-05-09 15:39:35.1424|DEBUG|Microsoft.AspNetCore.Routing.Matching.DfaMatcher|1 candidate(s) found for the request path '/users/getStudent/ec52f5a6-fa17-4660-8b98-81a8a72be7dc'
2021-05-09 15:39:35.1424|DEBUG|Microsoft.AspNetCore.Routing.Matching.DfaMatcher|Endpoint 'Backend.Controllers.UsersController.GetStudent (Backend)' with route pattern 'Users/getStudent/{id}' is valid for the request path '/users/getStudent/ec52f5a6-fa17-4660-8b98-81a8a72be7dc'
2021-05-09 15:39:35.1424|DEBUG|Microsoft.AspNetCore.Server.Kestrel|Connection id "0HM8ITPBDC12Q" accepted.
2021-05-09 15:39:35.1424|DEBUG|Microsoft.AspNetCore.Routing.EndpointRoutingMiddleware|Request matched endpoint 'Backend.Controllers.UsersController.GetStudent (Backend)'
2021-05-09 15:39:35.1478|DEBUG|Microsoft.AspNetCore.Server.Kestrel|Connection id "0HM8ITPBDC12Q" started.
2021-05-09 15:39:35.1663|DEBUG|Microsoft.AspNetCore.Cors.Infrastructure.CorsService|The request has an origin header: 'http://localhost:4200'.
2021-05-09 15:39:35.1663|INFO|Microsoft.AspNetCore.Hosting.Diagnostics|Request starting HTTP/1.1 GET http://localhost:8111/users/get/ec52f5a6-fa17-4660-8b98-81a8a72be7dc  
2021-05-09 15:39:35.1663|DEBUG|Microsoft.AspNetCore.Routing.Matching.DfaMatcher|1 candidate(s) found for the request path '/users/get/ec52f5a6-fa17-4660-8b98-81a8a72be7dc'
2021-05-09 15:39:35.1663|DEBUG|Microsoft.AspNetCore.Routing.Matching.DfaMatcher|Endpoint 'Backend.Controllers.UsersController.Get (Backend)' with route pattern 'Users/get/{id}' is valid for the request path '/users/get/ec52f5a6-fa17-4660-8b98-81a8a72be7dc'
2021-05-09 15:39:35.1663|DEBUG|Microsoft.AspNetCore.Routing.EndpointRoutingMiddleware|Request matched endpoint 'Backend.Controllers.UsersController.Get (Backend)'
2021-05-09 15:39:35.1663|INFO|Microsoft.AspNetCore.Cors.Infrastructure.CorsService|CORS policy execution successful.
2021-05-09 15:39:35.1663|DEBUG|Microsoft.AspNetCore.Cors.Infrastructure.CorsService|The request has an origin header: 'http://localhost:4200'.
2021-05-09 15:39:35.1663|DEBUG|Microsoft.AspNetCore.StaticFiles.StaticFileMiddleware|Static files was skipped as the request already matched an endpoint.
2021-05-09 15:39:35.1663|INFO|Microsoft.AspNetCore.Cors.Infrastructure.CorsService|CORS policy execution successful.
2021-05-09 15:39:35.1663|DEBUG|Microsoft.AspNetCore.StaticFiles.StaticFileMiddleware|Static files was skipped as the request already matched an endpoint.
2021-05-09 15:39:35.1663|DEBUG|Microsoft.AspNetCore.StaticFiles.StaticFileMiddleware|Static files was skipped as the request already matched an endpoint.
2021-05-09 15:39:35.1663|DEBUG|Microsoft.AspNetCore.StaticFiles.StaticFileMiddleware|Static files was skipped as the request already matched an endpoint.
2021-05-09 15:39:35.1663|DEBUG|Microsoft.AspNetCore.StaticFiles.StaticFileMiddleware|Static files was skipped as the request already matched an endpoint.
2021-05-09 15:39:35.1663|DEBUG|Microsoft.AspNetCore.StaticFiles.StaticFileMiddleware|Static files was skipped as the request already matched an endpoint.
2021-05-09 15:39:35.1663|INFO|Microsoft.AspNetCore.Routing.EndpointMiddleware|Executing endpoint 'Backend.Controllers.UsersController.Get (Backend)'
2021-05-09 15:39:35.1663|INFO|Microsoft.AspNetCore.Routing.EndpointMiddleware|Executing endpoint 'Backend.Controllers.UsersController.GetStudent (Backend)'
2021-05-09 15:39:35.1663|INFO|Microsoft.AspNetCore.Mvc.Infrastructure.ControllerActionInvoker|Route matched with {action = "Get", controller = "Users"}. Executing controller action with signature Model.UserModel.DTO.UserDTO Get(System.Guid) on controller Backend.Controllers.UsersController (Backend).
2021-05-09 15:39:35.1809|DEBUG|Microsoft.AspNetCore.Mvc.Infrastructure.ControllerActionInvoker|Execution plan of authorization filters (in the following order): None
2021-05-09 15:39:35.1809|DEBUG|Microsoft.AspNetCore.Mvc.Infrastructure.ControllerActionInvoker|Execution plan of resource filters (in the following order): None
2021-05-09 15:39:35.1809|DEBUG|Microsoft.AspNetCore.Mvc.Infrastructure.ControllerActionInvoker|Execution plan of action filters (in the following order): Microsoft.AspNetCore.Mvc.ModelBinding.UnsupportedContentTypeFilter (Order: -3000), Microsoft.AspNetCore.Mvc.Infrastructure.ModelStateInvalidFilter (Order: -2000)
2021-05-09 15:39:35.1809|DEBUG|Microsoft.AspNetCore.Mvc.Infrastructure.ControllerActionInvoker|Execution plan of exception filters (in the following order): None
2021-05-09 15:39:35.1663|INFO|Microsoft.AspNetCore.Mvc.Infrastructure.ControllerActionInvoker|Route matched with {action = "GetStudent", controller = "Users"}. Executing controller action with signature Microsoft.AspNetCore.Mvc.IActionResult GetStudent(System.Guid) on controller Backend.Controllers.UsersController (Backend).
2021-05-09 15:39:35.1809|DEBUG|Microsoft.AspNetCore.Mvc.Infrastructure.ControllerActionInvoker|Execution plan of result filters (in the following order): Microsoft.AspNetCore.Mvc.Infrastructure.ClientErrorResultFilter (Order: -2000)
2021-05-09 15:39:35.1809|DEBUG|Microsoft.AspNetCore.Mvc.Infrastructure.ControllerActionInvoker|Execution plan of authorization filters (in the following order): None
2021-05-09 15:39:35.1809|DEBUG|Microsoft.AspNetCore.Mvc.Infrastructure.ControllerActionInvoker|Executing controller factory for controller Backend.Controllers.UsersController (Backend)
2021-05-09 15:39:35.1809|DEBUG|Microsoft.AspNetCore.Mvc.Infrastructure.ControllerActionInvoker|Execution plan of resource filters (in the following order): None
2021-05-09 15:39:35.1809|DEBUG|Microsoft.AspNetCore.Mvc.Infrastructure.ControllerActionInvoker|Execution plan of action filters (in the following order): Microsoft.AspNetCore.Mvc.ModelBinding.UnsupportedContentTypeFilter (Order: -3000), Microsoft.AspNetCore.Mvc.Infrastructure.ModelStateInvalidFilter (Order: -2000)
2021-05-09 15:39:35.1809|DEBUG|Microsoft.AspNetCore.Mvc.Infrastructure.ControllerActionInvoker|Executed controller factory for controller Backend.Controllers.UsersController (Backend)
2021-05-09 15:39:35.1809|DEBUG|Microsoft.AspNetCore.Mvc.Infrastructure.ControllerActionInvoker|Execution plan of exception filters (in the following order): None
2021-05-09 15:39:35.1809|DEBUG|Microsoft.AspNetCore.Mvc.ModelBinding.ParameterBinder|Attempting to bind parameter 'id' of type 'System.Guid' ...
2021-05-09 15:39:35.1809|DEBUG|Microsoft.AspNetCore.Mvc.Infrastructure.ControllerActionInvoker|Execution plan of result filters (in the following order): Microsoft.AspNetCore.Mvc.Infrastructure.ClientErrorResultFilter (Order: -2000)
2021-05-09 15:39:35.1809|DEBUG|Microsoft.AspNetCore.Mvc.Infrastructure.ControllerActionInvoker|Executing controller factory for controller Backend.Controllers.UsersController (Backend)
2021-05-09 15:39:35.1809|DEBUG|Microsoft.AspNetCore.Mvc.ModelBinding.Binders.SimpleTypeModelBinder|Attempting to bind parameter 'id' of type 'System.Guid' using the name 'id' in request data ...
2021-05-09 15:39:35.1809|DEBUG|Microsoft.AspNetCore.Mvc.Infrastructure.ControllerActionInvoker|Executed controller factory for controller Backend.Controllers.UsersController (Backend)
2021-05-09 15:39:35.1809|DEBUG|Microsoft.AspNetCore.Mvc.ModelBinding.Binders.SimpleTypeModelBinder|Done attempting to bind parameter 'id' of type 'System.Guid'.
2021-05-09 15:39:35.1809|DEBUG|Microsoft.AspNetCore.Mvc.ModelBinding.ParameterBinder|Attempting to bind parameter 'id' of type 'System.Guid' ...
2021-05-09 15:39:35.1809|DEBUG|Microsoft.AspNetCore.Mvc.ModelBinding.ParameterBinder|Done attempting to bind parameter 'id' of type 'System.Guid'.
2021-05-09 15:39:35.2087|DEBUG|Microsoft.AspNetCore.Mvc.ModelBinding.Binders.SimpleTypeModelBinder|Attempting to bind parameter 'id' of type 'System.Guid' using the name 'id' in request data ...
2021-05-09 15:39:35.2087|DEBUG|Microsoft.AspNetCore.Mvc.ModelBinding.ParameterBinder|Attempting to validate the bound parameter 'id' of type 'System.Guid' ...
2021-05-09 15:39:35.2248|DEBUG|Microsoft.AspNetCore.Mvc.ModelBinding.Binders.SimpleTypeModelBinder|Done attempting to bind parameter 'id' of type 'System.Guid'.
2021-05-09 15:39:35.2251|DEBUG|Microsoft.AspNetCore.Mvc.ModelBinding.ParameterBinder|Done attempting to validate the bound parameter 'id' of type 'System.Guid'.
2021-05-09 15:39:35.2251|DEBUG|Microsoft.AspNetCore.Mvc.ModelBinding.ParameterBinder|Done attempting to bind parameter 'id' of type 'System.Guid'.
2021-05-09 15:39:35.2251|DEBUG|Microsoft.AspNetCore.Mvc.ModelBinding.ParameterBinder|Attempting to validate the bound parameter 'id' of type 'System.Guid' ...
2021-05-09 15:39:35.2251|DEBUG|Microsoft.AspNetCore.Mvc.ModelBinding.ParameterBinder|Done attempting to validate the bound parameter 'id' of type 'System.Guid'.
2021-05-09 15:39:35.2778|DEBUG|Microsoft.AspNetCore.Mvc.Infrastructure.DefaultOutputFormatterSelector|List of registered output formatters, in the following order: Microsoft.AspNetCore.Mvc.Formatters.HttpNoContentOutputFormatter, Microsoft.AspNetCore.Mvc.Formatters.StringOutputFormatter, Microsoft.AspNetCore.Mvc.Formatters.StreamOutputFormatter, Microsoft.AspNetCore.Mvc.Formatters.SystemTextJsonOutputFormatter
2021-05-09 15:39:35.2778|DEBUG|Microsoft.AspNetCore.Mvc.Infrastructure.DefaultOutputFormatterSelector|No information found on request to perform content negotiation.
2021-05-09 15:39:35.2778|DEBUG|Microsoft.AspNetCore.Mvc.Infrastructure.DefaultOutputFormatterSelector|Attempting to select an output formatter without using a content type as no explicit content types were specified for the response.
2021-05-09 15:39:35.2778|DEBUG|Microsoft.AspNetCore.Mvc.Infrastructure.DefaultOutputFormatterSelector|Attempting to select the first formatter in the output formatters list which can write the result.
2021-05-09 15:39:35.2778|DEBUG|Microsoft.AspNetCore.Mvc.Infrastructure.DefaultOutputFormatterSelector|Selected output formatter 'Microsoft.AspNetCore.Mvc.Formatters.SystemTextJsonOutputFormatter' and content type 'application/json' to write the response.
2021-05-09 15:39:35.2778|INFO|Microsoft.AspNetCore.Mvc.Infrastructure.ObjectResultExecutor|Executing ObjectResult, writing value of type 'Model.UserModel.DTO.UserDTO'.
2021-05-09 15:39:35.2778|INFO|Microsoft.AspNetCore.Mvc.Infrastructure.ControllerActionInvoker|Executed action Backend.Controllers.UsersController.Get (Backend) in 102.007ms
2021-05-09 15:39:35.2882|INFO|Microsoft.AspNetCore.Routing.EndpointMiddleware|Executed endpoint 'Backend.Controllers.UsersController.Get (Backend)'
2021-05-09 15:39:35.2882|DEBUG|Microsoft.AspNetCore.Server.Kestrel|Connection id "0HM8ITPBDC12Q" completed keep alive response.
2021-05-09 15:39:35.2882|INFO|Microsoft.AspNetCore.Hosting.Diagnostics|Request finished in 130.1879ms 200 application/json; charset=utf-8
2021-05-09 15:39:35.3327|DEBUG|Microsoft.AspNetCore.Mvc.Infrastructure.DefaultOutputFormatterSelector|List of registered output formatters, in the following order: Microsoft.AspNetCore.Mvc.Formatters.HttpNoContentOutputFormatter, Microsoft.AspNetCore.Mvc.Formatters.StringOutputFormatter, Microsoft.AspNetCore.Mvc.Formatters.StreamOutputFormatter, Microsoft.AspNetCore.Mvc.Formatters.SystemTextJsonOutputFormatter
2021-05-09 15:39:35.3327|DEBUG|Microsoft.AspNetCore.Mvc.Infrastructure.DefaultOutputFormatterSelector|No information found on request to perform content negotiation.
2021-05-09 15:39:35.3327|DEBUG|Microsoft.AspNetCore.Mvc.Infrastructure.DefaultOutputFormatterSelector|Attempting to select an output formatter without using a content type as no explicit content types were specified for the response.
2021-05-09 15:39:35.3327|DEBUG|Microsoft.AspNetCore.Mvc.Infrastructure.DefaultOutputFormatterSelector|Attempting to select the first formatter in the output formatters list which can write the result.
2021-05-09 15:39:35.3327|DEBUG|Microsoft.AspNetCore.Mvc.Infrastructure.DefaultOutputFormatterSelector|Selected output formatter 'Microsoft.AspNetCore.Mvc.Formatters.SystemTextJsonOutputFormatter' and content type 'application/json' to write the response.
2021-05-09 15:39:35.3327|INFO|Microsoft.AspNetCore.Mvc.Infrastructure.ObjectResultExecutor|Executing ObjectResult, writing value of type 'Model.UserModel.DTO.StudentDTO'.
2021-05-09 15:39:35.3351|INFO|Microsoft.AspNetCore.Mvc.Infrastructure.ControllerActionInvoker|Executed action Backend.Controllers.UsersController.GetStudent (Backend) in 149.7085ms
2021-05-09 15:39:35.3351|INFO|Microsoft.AspNetCore.Routing.EndpointMiddleware|Executed endpoint 'Backend.Controllers.UsersController.GetStudent (Backend)'
2021-05-09 15:39:35.3351|DEBUG|Microsoft.AspNetCore.Server.Kestrel|Connection id "0HM8ITPBDC12P" completed keep alive response.
2021-05-09 15:39:35.3351|INFO|Microsoft.AspNetCore.Hosting.Diagnostics|Request finished in 211.3062ms 200 application/json; charset=utf-8
2021-05-09 15:54:53.3816|DEBUG|Microsoft.AspNetCore.Server.Kestrel.Transport.Sockets|Connection id "0HM8ITPBDC12P" received FIN.
2021-05-09 15:54:53.3816|DEBUG|Microsoft.AspNetCore.Server.Kestrel.Transport.Sockets|Connection id "0HM8ITPBDC12Q" received FIN.
2021-05-09 15:54:53.3816|DEBUG|Microsoft.AspNetCore.Server.Kestrel|Connection id "0HM8ITPBDC12Q" disconnecting.
2021-05-09 15:54:53.4352|DEBUG|Microsoft.AspNetCore.Server.Kestrel|Connection id "0HM8ITPBDC12Q" stopped.
2021-05-09 15:54:53.4474|DEBUG|Microsoft.AspNetCore.Server.Kestrel.Transport.Sockets|Connection id "0HM8ITPBDC12P" sending FIN because: "The client closed the connection."
2021-05-09 15:54:53.4758|DEBUG|Microsoft.AspNetCore.Server.Kestrel|Connection id "0HM8ITPBDC12P" disconnecting.
2021-05-09 15:54:53.4758|DEBUG|Microsoft.AspNetCore.Server.Kestrel|Connection id "0HM8ITPBDC12P" stopped.
2021-05-09 15:54:53.4758|DEBUG|Microsoft.AspNetCore.Server.Kestrel.Transport.Sockets|Connection id "0HM8ITPBDC12Q" sending FIN because: "The Socket transport's send loop completed gracefully."
