2021-04-11 23:03:58.7935|DEBUG|Microsoft.Extensions.Hosting.Internal.Host|Hosting starting
2021-04-11 23:03:59.2362|DEBUG|Microsoft.AspNetCore.Server.Kestrel.Core.KestrelServer|Failed to locate the development https certificate at '(null)'.
2021-04-11 23:03:59.3100|INFO|Microsoft.Hosting.Lifetime|Now listening on: http://localhost:8111
2021-04-11 23:03:59.3100|DEBUG|Microsoft.AspNetCore.Hosting.Diagnostics|Loaded hosting startup assembly Backend
2021-04-11 23:03:59.3100|INFO|Microsoft.Hosting.Lifetime|Application started. Press Ctrl+C to shut down.
2021-04-11 23:03:59.3100|INFO|Microsoft.Hosting.Lifetime|Hosting environment: Development
2021-04-11 23:03:59.3100|INFO|Microsoft.Hosting.Lifetime|Content root path: D:\PRACA_MAGISTERSKA\Backend\Backend
2021-04-11 23:03:59.3100|DEBUG|Microsoft.Extensions.Hosting.Internal.Host|Hosting started
2021-04-11 23:05:01.7746|DEBUG|Microsoft.AspNetCore.Server.Kestrel.Transport.Sockets|Connection id "0HM7T5LSFDU52" received FIN.
2021-04-11 23:05:01.8036|DEBUG|Microsoft.AspNetCore.Server.Kestrel|Connection id "0HM7T5LSFDU52" accepted.
2021-04-11 23:05:01.8160|DEBUG|Microsoft.AspNetCore.Server.Kestrel|Connection id "0HM7T5LSFDU52" started.
2021-04-11 23:05:01.8160|DEBUG|Microsoft.AspNetCore.Server.Kestrel|Connection id "0HM7T5LSFDU53" accepted.
2021-04-11 23:05:01.8258|DEBUG|Microsoft.AspNetCore.Server.Kestrel|Connection id "0HM7T5LSFDU53" started.
2021-04-11 23:05:01.8258|DEBUG|Microsoft.AspNetCore.Server.Kestrel.Transport.Sockets|Connection id "0HM7T5LSFDU52" sending FIN because: "The client closed the connection."
2021-04-11 23:05:01.8426|DEBUG|Microsoft.AspNetCore.Server.Kestrel|Connection id "0HM7T5LSFDU52" disconnecting.
2021-04-11 23:05:01.8426|DEBUG|Microsoft.AspNetCore.Server.Kestrel|Connection id "0HM7T5LSFDU52" stopped.
2021-04-11 23:05:01.8785|INFO|Microsoft.AspNetCore.Hosting.Diagnostics|Request starting HTTP/1.1 GET http://localhost:8111/Users/getSchool/44625C10-8D21-4EC7-A4AD-931D7B16F8EF  
2021-04-11 23:05:01.8785|DEBUG|Microsoft.AspNetCore.HostFiltering.HostFilteringMiddleware|Wildcard detected, all requests with hosts will be allowed.
2021-04-11 23:05:01.9172|DEBUG|Microsoft.AspNetCore.Routing.Matching.DfaMatcher|1 candidate(s) found for the request path '/Users/getSchool/44625C10-8D21-4EC7-A4AD-931D7B16F8EF'
2021-04-11 23:05:01.9172|DEBUG|Microsoft.AspNetCore.Routing.Matching.DfaMatcher|Endpoint 'Backend.Controllers.UsersController.GetSchool (Backend)' with route pattern 'Users/getSchool/{id}' is valid for the request path '/Users/getSchool/44625C10-8D21-4EC7-A4AD-931D7B16F8EF'
2021-04-11 23:05:01.9172|DEBUG|Microsoft.AspNetCore.Routing.EndpointRoutingMiddleware|Request matched endpoint 'Backend.Controllers.UsersController.GetSchool (Backend)'
2021-04-11 23:05:01.9669|DEBUG|Microsoft.AspNetCore.StaticFiles.StaticFileMiddleware|Static files was skipped as the request already matched an endpoint.
2021-04-11 23:05:04.4951|INFO|Microsoft.AspNetCore.Routing.EndpointMiddleware|Executing endpoint 'Backend.Controllers.UsersController.GetSchool (Backend)'
2021-04-11 23:05:04.4951|DEBUG|Microsoft.AspNetCore.Mvc.ModelBinding.ModelBinderFactory|Registered model binder providers, in the following order: Microsoft.AspNetCore.Mvc.ModelBinding.Binders.BinderTypeModelBinderProvider, Microsoft.AspNetCore.Mvc.ModelBinding.Binders.ServicesModelBinderProvider, Microsoft.AspNetCore.Mvc.ModelBinding.Binders.BodyModelBinderProvider, Microsoft.AspNetCore.Mvc.ModelBinding.Binders.HeaderModelBinderProvider, Microsoft.AspNetCore.Mvc.ModelBinding.Binders.FloatingPointTypeModelBinderProvider, Microsoft.AspNetCore.Mvc.ModelBinding.Binders.EnumTypeModelBinderProvider, Microsoft.AspNetCore.Mvc.ModelBinding.Binders.SimpleTypeModelBinderProvider, Microsoft.AspNetCore.Mvc.ModelBinding.Binders.CancellationTokenModelBinderProvider, Microsoft.AspNetCore.Mvc.ModelBinding.Binders.ByteArrayModelBinderProvider, Microsoft.AspNetCore.Mvc.ModelBinding.Binders.FormFileModelBinderProvider, Microsoft.AspNetCore.Mvc.ModelBinding.Binders.FormCollectionModelBinderProvider, Microsoft.AspNetCore.Mvc.ModelBinding.Binders.KeyValuePairModelBinderProvider, Microsoft.AspNetCore.Mvc.ModelBinding.Binders.DictionaryModelBinderProvider, Microsoft.AspNetCore.Mvc.ModelBinding.Binders.ArrayModelBinderProvider, Microsoft.AspNetCore.Mvc.ModelBinding.Binders.CollectionModelBinderProvider, Microsoft.AspNetCore.Mvc.ModelBinding.Binders.ComplexTypeModelBinderProvider
2021-04-11 23:05:04.5307|INFO|Microsoft.AspNetCore.Mvc.Infrastructure.ControllerActionInvoker|Route matched with {action = "GetSchool", controller = "Users"}. Executing controller action with signature Microsoft.AspNetCore.Mvc.IActionResult GetSchool(System.Guid) on controller Backend.Controllers.UsersController (Backend).
2021-04-11 23:05:04.5307|DEBUG|Microsoft.AspNetCore.Mvc.Infrastructure.ControllerActionInvoker|Execution plan of authorization filters (in the following order): None
2021-04-11 23:05:04.5307|DEBUG|Microsoft.AspNetCore.Mvc.Infrastructure.ControllerActionInvoker|Execution plan of resource filters (in the following order): None
2021-04-11 23:05:04.5419|DEBUG|Microsoft.AspNetCore.Mvc.Infrastructure.ControllerActionInvoker|Execution plan of action filters (in the following order): Microsoft.AspNetCore.Mvc.ModelBinding.UnsupportedContentTypeFilter (Order: -3000), Microsoft.AspNetCore.Mvc.Infrastructure.ModelStateInvalidFilter (Order: -2000)
2021-04-11 23:05:04.5419|DEBUG|Microsoft.AspNetCore.Mvc.Infrastructure.ControllerActionInvoker|Execution plan of exception filters (in the following order): None
2021-04-11 23:05:04.5419|DEBUG|Microsoft.AspNetCore.Mvc.Infrastructure.ControllerActionInvoker|Execution plan of result filters (in the following order): Microsoft.AspNetCore.Mvc.Infrastructure.ClientErrorResultFilter (Order: -2000)
2021-04-11 23:05:04.5419|DEBUG|Microsoft.AspNetCore.Mvc.Infrastructure.ControllerActionInvoker|Executing controller factory for controller Backend.Controllers.UsersController (Backend)
2021-04-11 23:05:04.5762|DEBUG|Microsoft.AspNetCore.Mvc.Infrastructure.ControllerActionInvoker|Executed controller factory for controller Backend.Controllers.UsersController (Backend)
2021-04-11 23:05:04.6001|DEBUG|Microsoft.AspNetCore.Mvc.ModelBinding.ParameterBinder|Attempting to bind parameter 'id' of type 'System.Guid' ...
2021-04-11 23:05:04.6001|DEBUG|Microsoft.AspNetCore.Mvc.ModelBinding.Binders.SimpleTypeModelBinder|Attempting to bind parameter 'id' of type 'System.Guid' using the name 'id' in request data ...
2021-04-11 23:05:04.6001|DEBUG|Microsoft.AspNetCore.Mvc.ModelBinding.Binders.SimpleTypeModelBinder|Done attempting to bind parameter 'id' of type 'System.Guid'.
2021-04-11 23:05:04.6001|DEBUG|Microsoft.AspNetCore.Mvc.ModelBinding.ParameterBinder|Done attempting to bind parameter 'id' of type 'System.Guid'.
2021-04-11 23:05:04.6035|DEBUG|Microsoft.AspNetCore.Mvc.ModelBinding.ParameterBinder|Attempting to validate the bound parameter 'id' of type 'System.Guid' ...
2021-04-11 23:05:04.6035|DEBUG|Microsoft.AspNetCore.Mvc.ModelBinding.ParameterBinder|Done attempting to validate the bound parameter 'id' of type 'System.Guid'.
2021-04-11 23:05:04.6588|INFO|Microsoft.AspNetCore.Mvc.Infrastructure.ControllerActionInvoker|Executing action method Backend.Controllers.UsersController.GetSchool (Backend) - Validation state: Valid
2021-04-11 23:05:05.3249|INFO|Microsoft.AspNetCore.Mvc.Infrastructure.ControllerActionInvoker|Executed action method Backend.Controllers.UsersController.GetSchool (Backend), returned result Microsoft.AspNetCore.Mvc.OkObjectResult in 660.5851ms.
2021-04-11 23:05:05.3249|DEBUG|Microsoft.AspNetCore.Mvc.Infrastructure.DefaultOutputFormatterSelector|List of registered output formatters, in the following order: Microsoft.AspNetCore.Mvc.Formatters.HttpNoContentOutputFormatter, Microsoft.AspNetCore.Mvc.Formatters.StringOutputFormatter, Microsoft.AspNetCore.Mvc.Formatters.StreamOutputFormatter, Microsoft.AspNetCore.Mvc.Formatters.SystemTextJsonOutputFormatter
2021-04-11 23:05:05.3249|DEBUG|Microsoft.AspNetCore.Mvc.Infrastructure.DefaultOutputFormatterSelector|No information found on request to perform content negotiation.
2021-04-11 23:05:05.3249|DEBUG|Microsoft.AspNetCore.Mvc.Infrastructure.DefaultOutputFormatterSelector|Attempting to select an output formatter without using a content type as no explicit content types were specified for the response.
2021-04-11 23:05:05.3249|DEBUG|Microsoft.AspNetCore.Mvc.Infrastructure.DefaultOutputFormatterSelector|Attempting to select the first formatter in the output formatters list which can write the result.
2021-04-11 23:05:05.3249|DEBUG|Microsoft.AspNetCore.Mvc.Infrastructure.DefaultOutputFormatterSelector|Selected output formatter 'Microsoft.AspNetCore.Mvc.Formatters.SystemTextJsonOutputFormatter' and content type 'application/json' to write the response.
2021-04-11 23:05:05.3249|INFO|Microsoft.AspNetCore.Mvc.Infrastructure.ObjectResultExecutor|Executing ObjectResult, writing value of type 'System.Collections.Generic.List`1[[Model.UserModel.DTO.UserDTO, Model, Version=1.0.0.0, Culture=neutral, PublicKeyToken=null]]'.
2021-04-11 23:05:05.3643|INFO|Microsoft.AspNetCore.Mvc.Infrastructure.ControllerActionInvoker|Executed action Backend.Controllers.UsersController.GetSchool (Backend) in 819.0137ms
2021-04-11 23:05:05.3643|INFO|Microsoft.AspNetCore.Routing.EndpointMiddleware|Executed endpoint 'Backend.Controllers.UsersController.GetSchool (Backend)'
2021-04-11 23:05:05.3643|DEBUG|Microsoft.AspNetCore.Server.Kestrel|Connection id "0HM7T5LSFDU53" completed keep alive response.
2021-04-11 23:05:05.3808|INFO|Microsoft.AspNetCore.Hosting.Diagnostics|Request finished in 3503.0863ms 200 application/json; charset=utf-8
2021-04-11 23:12:17.1421|DEBUG|Microsoft.Extensions.Hosting.Internal.Host|Hosting starting
2021-04-11 23:12:17.5667|DEBUG|Microsoft.AspNetCore.Server.Kestrel.Core.KestrelServer|Failed to locate the development https certificate at '(null)'.
2021-04-11 23:12:17.6521|INFO|Microsoft.Hosting.Lifetime|Now listening on: http://localhost:8111
2021-04-11 23:12:17.6521|DEBUG|Microsoft.AspNetCore.Hosting.Diagnostics|Loaded hosting startup assembly Backend
2021-04-11 23:12:17.6521|INFO|Microsoft.Hosting.Lifetime|Application started. Press Ctrl+C to shut down.
2021-04-11 23:12:17.6521|INFO|Microsoft.Hosting.Lifetime|Hosting environment: Development
2021-04-11 23:12:17.6521|INFO|Microsoft.Hosting.Lifetime|Content root path: D:\PRACA_MAGISTERSKA\Backend\Backend
2021-04-11 23:12:17.6521|DEBUG|Microsoft.Extensions.Hosting.Internal.Host|Hosting started
2021-04-11 23:12:27.2085|DEBUG|Microsoft.AspNetCore.Server.Kestrel|Connection id "0HM7T5Q17C3O1" accepted.
2021-04-11 23:12:27.2085|DEBUG|Microsoft.AspNetCore.Server.Kestrel|Connection id "0HM7T5Q17C3O1" started.
2021-04-11 23:12:27.2634|INFO|Microsoft.AspNetCore.Hosting.Diagnostics|Request starting HTTP/1.1 OPTIONS http://localhost:8111/users/authenticate  
2021-04-11 23:12:27.2634|DEBUG|Microsoft.AspNetCore.HostFiltering.HostFilteringMiddleware|Wildcard detected, all requests with hosts will be allowed.
2021-04-11 23:12:27.3217|DEBUG|Microsoft.AspNetCore.Routing.Matching.DfaMatcher|1 candidate(s) found for the request path '/users/authenticate'
2021-04-11 23:12:27.3217|DEBUG|Microsoft.AspNetCore.Routing.EndpointRoutingMiddleware|Request matched endpoint '405 HTTP Method Not Supported'
2021-04-11 23:12:27.3256|DEBUG|Microsoft.AspNetCore.Cors.Infrastructure.CorsService|The request has an origin header: 'http://localhost:4200'.
2021-04-11 23:12:27.3256|INFO|Microsoft.AspNetCore.Cors.Infrastructure.CorsService|CORS policy execution successful.
2021-04-11 23:12:27.3256|DEBUG|Microsoft.AspNetCore.Cors.Infrastructure.CorsService|The request is a preflight request.
2021-04-11 23:12:27.3395|DEBUG|Microsoft.AspNetCore.Server.Kestrel|Connection id "0HM7T5Q17C3O1" completed keep alive response.
2021-04-11 23:12:27.3635|INFO|Microsoft.AspNetCore.Hosting.Diagnostics|Request finished in 100.9732ms 204 
2021-04-11 23:12:27.3860|INFO|Microsoft.AspNetCore.Hosting.Diagnostics|Request starting HTTP/1.1 POST http://localhost:8111/users/authenticate application/json 34
2021-04-11 23:12:27.3860|DEBUG|Microsoft.AspNetCore.Routing.Matching.DfaMatcher|1 candidate(s) found for the request path '/users/authenticate'
2021-04-11 23:12:27.3860|DEBUG|Microsoft.AspNetCore.Routing.Matching.DfaMatcher|Endpoint 'Backend.Controllers.UsersController.Authenticate (Backend)' with route pattern 'Users/authenticate' is valid for the request path '/users/authenticate'
2021-04-11 23:12:27.3860|DEBUG|Microsoft.AspNetCore.Routing.EndpointRoutingMiddleware|Request matched endpoint 'Backend.Controllers.UsersController.Authenticate (Backend)'
2021-04-11 23:12:27.3860|DEBUG|Microsoft.AspNetCore.Cors.Infrastructure.CorsService|The request has an origin header: 'http://localhost:4200'.
2021-04-11 23:12:27.3860|INFO|Microsoft.AspNetCore.Cors.Infrastructure.CorsService|CORS policy execution successful.
2021-04-11 23:12:27.4297|DEBUG|Microsoft.AspNetCore.StaticFiles.StaticFileMiddleware|Static files was skipped as the request already matched an endpoint.
2021-04-11 23:12:30.3977|INFO|Microsoft.AspNetCore.Routing.EndpointMiddleware|Executing endpoint 'Backend.Controllers.UsersController.Authenticate (Backend)'
2021-04-11 23:12:30.4014|DEBUG|Microsoft.AspNetCore.Mvc.ModelBinding.ModelBinderFactory|Registered model binder providers, in the following order: Microsoft.AspNetCore.Mvc.ModelBinding.Binders.BinderTypeModelBinderProvider, Microsoft.AspNetCore.Mvc.ModelBinding.Binders.ServicesModelBinderProvider, Microsoft.AspNetCore.Mvc.ModelBinding.Binders.BodyModelBinderProvider, Microsoft.AspNetCore.Mvc.ModelBinding.Binders.HeaderModelBinderProvider, Microsoft.AspNetCore.Mvc.ModelBinding.Binders.FloatingPointTypeModelBinderProvider, Microsoft.AspNetCore.Mvc.ModelBinding.Binders.EnumTypeModelBinderProvider, Microsoft.AspNetCore.Mvc.ModelBinding.Binders.SimpleTypeModelBinderProvider, Microsoft.AspNetCore.Mvc.ModelBinding.Binders.CancellationTokenModelBinderProvider, Microsoft.AspNetCore.Mvc.ModelBinding.Binders.ByteArrayModelBinderProvider, Microsoft.AspNetCore.Mvc.ModelBinding.Binders.FormFileModelBinderProvider, Microsoft.AspNetCore.Mvc.ModelBinding.Binders.FormCollectionModelBinderProvider, Microsoft.AspNetCore.Mvc.ModelBinding.Binders.KeyValuePairModelBinderProvider, Microsoft.AspNetCore.Mvc.ModelBinding.Binders.DictionaryModelBinderProvider, Microsoft.AspNetCore.Mvc.ModelBinding.Binders.ArrayModelBinderProvider, Microsoft.AspNetCore.Mvc.ModelBinding.Binders.CollectionModelBinderProvider, Microsoft.AspNetCore.Mvc.ModelBinding.Binders.ComplexTypeModelBinderProvider
2021-04-11 23:12:30.4323|INFO|Microsoft.AspNetCore.Mvc.Infrastructure.ControllerActionInvoker|Route matched with {action = "Authenticate", controller = "Users"}. Executing controller action with signature Microsoft.AspNetCore.Mvc.IActionResult Authenticate(Backend.Auth.Models.AuthenticateRequest) on controller Backend.Controllers.UsersController (Backend).
2021-04-11 23:12:30.4323|DEBUG|Microsoft.AspNetCore.Mvc.Infrastructure.ControllerActionInvoker|Execution plan of authorization filters (in the following order): None
2021-04-11 23:12:30.4323|DEBUG|Microsoft.AspNetCore.Mvc.Infrastructure.ControllerActionInvoker|Execution plan of resource filters (in the following order): None
2021-04-11 23:12:30.4323|DEBUG|Microsoft.AspNetCore.Mvc.Infrastructure.ControllerActionInvoker|Execution plan of action filters (in the following order): Microsoft.AspNetCore.Mvc.ModelBinding.UnsupportedContentTypeFilter (Order: -3000), Microsoft.AspNetCore.Mvc.Infrastructure.ModelStateInvalidFilter (Order: -2000)
2021-04-11 23:12:30.4323|DEBUG|Microsoft.AspNetCore.Mvc.Infrastructure.ControllerActionInvoker|Execution plan of exception filters (in the following order): None
2021-04-11 23:12:30.4323|DEBUG|Microsoft.AspNetCore.Mvc.Infrastructure.ControllerActionInvoker|Execution plan of result filters (in the following order): Microsoft.AspNetCore.Mvc.Infrastructure.ClientErrorResultFilter (Order: -2000)
2021-04-11 23:12:30.4479|DEBUG|Microsoft.AspNetCore.Mvc.Infrastructure.ControllerActionInvoker|Executing controller factory for controller Backend.Controllers.UsersController (Backend)
2021-04-11 23:12:30.4872|DEBUG|Microsoft.AspNetCore.Mvc.Infrastructure.ControllerActionInvoker|Executed controller factory for controller Backend.Controllers.UsersController (Backend)
2021-04-11 23:12:30.4963|DEBUG|Microsoft.AspNetCore.Mvc.ModelBinding.ParameterBinder|Attempting to bind parameter 'model' of type 'Backend.Auth.Models.AuthenticateRequest' ...
2021-04-11 23:12:30.4963|DEBUG|Microsoft.AspNetCore.Mvc.ModelBinding.Binders.BodyModelBinder|Attempting to bind parameter 'model' of type 'Backend.Auth.Models.AuthenticateRequest' using the name '' in request data ...
2021-04-11 23:12:30.4963|DEBUG|Microsoft.AspNetCore.Mvc.ModelBinding.Binders.BodyModelBinder|Selected input formatter 'Microsoft.AspNetCore.Mvc.Formatters.SystemTextJsonInputFormatter' for content type 'application/json'.
2021-04-11 23:12:30.5146|DEBUG|Microsoft.AspNetCore.Server.Kestrel|Connection id "0HM7T5Q17C3O1", Request id "0HM7T5Q17C3O1:00000002": started reading request body.
2021-04-11 23:12:30.5146|DEBUG|Microsoft.AspNetCore.Server.Kestrel|Connection id "0HM7T5Q17C3O1", Request id "0HM7T5Q17C3O1:00000002": done reading request body.
2021-04-11 23:12:30.5146|DEBUG|Microsoft.AspNetCore.Mvc.Formatters.SystemTextJsonInputFormatter|JSON input formatter succeeded, deserializing to type 'Backend.Auth.Models.AuthenticateRequest'
2021-04-11 23:12:30.5261|DEBUG|Microsoft.AspNetCore.Mvc.ModelBinding.Binders.BodyModelBinder|Done attempting to bind parameter 'model' of type 'Backend.Auth.Models.AuthenticateRequest'.
2021-04-11 23:12:30.5261|DEBUG|Microsoft.AspNetCore.Mvc.ModelBinding.ParameterBinder|Done attempting to bind parameter 'model' of type 'Backend.Auth.Models.AuthenticateRequest'.
2021-04-11 23:12:30.5261|DEBUG|Microsoft.AspNetCore.Mvc.ModelBinding.ParameterBinder|Attempting to validate the bound parameter 'model' of type 'Backend.Auth.Models.AuthenticateRequest' ...
2021-04-11 23:12:30.5484|DEBUG|Microsoft.AspNetCore.Mvc.ModelBinding.ParameterBinder|Done attempting to validate the bound parameter 'model' of type 'Backend.Auth.Models.AuthenticateRequest'.
2021-04-11 23:12:30.6078|INFO|Microsoft.AspNetCore.Mvc.Infrastructure.ControllerActionInvoker|Executing action method Backend.Controllers.UsersController.Authenticate (Backend) - Validation state: Valid
2021-04-11 23:12:31.9654|INFO|Microsoft.AspNetCore.Mvc.Infrastructure.ControllerActionInvoker|Executed action method Backend.Controllers.UsersController.Authenticate (Backend), returned result Microsoft.AspNetCore.Mvc.OkObjectResult in 1350.1061ms.
2021-04-11 23:12:31.9654|DEBUG|Microsoft.AspNetCore.Mvc.Infrastructure.DefaultOutputFormatterSelector|List of registered output formatters, in the following order: Microsoft.AspNetCore.Mvc.Formatters.HttpNoContentOutputFormatter, Microsoft.AspNetCore.Mvc.Formatters.StringOutputFormatter, Microsoft.AspNetCore.Mvc.Formatters.StreamOutputFormatter, Microsoft.AspNetCore.Mvc.Formatters.SystemTextJsonOutputFormatter
2021-04-11 23:12:31.9816|DEBUG|Microsoft.AspNetCore.Mvc.Infrastructure.DefaultOutputFormatterSelector|No information found on request to perform content negotiation.
2021-04-11 23:12:31.9816|DEBUG|Microsoft.AspNetCore.Mvc.Infrastructure.DefaultOutputFormatterSelector|Attempting to select an output formatter without using a content type as no explicit content types were specified for the response.
2021-04-11 23:12:31.9816|DEBUG|Microsoft.AspNetCore.Mvc.Infrastructure.DefaultOutputFormatterSelector|Attempting to select the first formatter in the output formatters list which can write the result.
2021-04-11 23:12:31.9816|DEBUG|Microsoft.AspNetCore.Mvc.Infrastructure.DefaultOutputFormatterSelector|Selected output formatter 'Microsoft.AspNetCore.Mvc.Formatters.SystemTextJsonOutputFormatter' and content type 'application/json' to write the response.
2021-04-11 23:12:31.9816|INFO|Microsoft.AspNetCore.Mvc.Infrastructure.ObjectResultExecutor|Executing ObjectResult, writing value of type 'Backend.Auth.Models.AuthenticateResponse'.
2021-04-11 23:12:32.0116|INFO|Microsoft.AspNetCore.Mvc.Infrastructure.ControllerActionInvoker|Executed action Backend.Controllers.UsersController.Authenticate (Backend) in 1561.3591ms
2021-04-11 23:12:32.0116|INFO|Microsoft.AspNetCore.Routing.EndpointMiddleware|Executed endpoint 'Backend.Controllers.UsersController.Authenticate (Backend)'
2021-04-11 23:12:32.0116|DEBUG|Microsoft.AspNetCore.Server.Kestrel|Connection id "0HM7T5Q17C3O1" completed keep alive response.
2021-04-11 23:12:32.0116|INFO|Microsoft.AspNetCore.Hosting.Diagnostics|Request finished in 4637.5701ms 200 application/json; charset=utf-8
2021-04-11 23:12:32.1052|INFO|Microsoft.AspNetCore.Hosting.Diagnostics|Request starting HTTP/1.1 GET http://localhost:8111/users/get/36f97a92-9ffc-4ea9-9c82-86a06cf66062  
2021-04-11 23:12:32.1052|DEBUG|Microsoft.AspNetCore.Routing.Matching.DfaMatcher|1 candidate(s) found for the request path '/users/get/36f97a92-9ffc-4ea9-9c82-86a06cf66062'
2021-04-11 23:12:32.1052|DEBUG|Microsoft.AspNetCore.Routing.Matching.DfaMatcher|Endpoint 'Backend.Controllers.UsersController.Get (Backend)' with route pattern 'Users/get/{id}' is valid for the request path '/users/get/36f97a92-9ffc-4ea9-9c82-86a06cf66062'
2021-04-11 23:12:32.1052|DEBUG|Microsoft.AspNetCore.Routing.EndpointRoutingMiddleware|Request matched endpoint 'Backend.Controllers.UsersController.Get (Backend)'
2021-04-11 23:12:32.1052|DEBUG|Microsoft.AspNetCore.Cors.Infrastructure.CorsService|The request has an origin header: 'http://localhost:4200'.
2021-04-11 23:12:32.1052|INFO|Microsoft.AspNetCore.Cors.Infrastructure.CorsService|CORS policy execution successful.
2021-04-11 23:12:32.1052|DEBUG|Microsoft.AspNetCore.StaticFiles.StaticFileMiddleware|Static files was skipped as the request already matched an endpoint.
2021-04-11 23:12:32.1052|INFO|Microsoft.AspNetCore.Routing.EndpointMiddleware|Executing endpoint 'Backend.Controllers.UsersController.Get (Backend)'
2021-04-11 23:12:32.1254|INFO|Microsoft.AspNetCore.Mvc.Infrastructure.ControllerActionInvoker|Route matched with {action = "Get", controller = "Users"}. Executing controller action with signature Model.UserModel.DTO.UserDTO Get(System.Guid) on controller Backend.Controllers.UsersController (Backend).
2021-04-11 23:12:32.1999|DEBUG|Microsoft.AspNetCore.Mvc.Infrastructure.ControllerActionInvoker|Execution plan of authorization filters (in the following order): None
2021-04-11 23:12:32.1999|DEBUG|Microsoft.AspNetCore.Mvc.Infrastructure.ControllerActionInvoker|Execution plan of resource filters (in the following order): None
2021-04-11 23:12:32.1999|DEBUG|Microsoft.AspNetCore.Mvc.Infrastructure.ControllerActionInvoker|Execution plan of action filters (in the following order): Microsoft.AspNetCore.Mvc.ModelBinding.UnsupportedContentTypeFilter (Order: -3000), Microsoft.AspNetCore.Mvc.Infrastructure.ModelStateInvalidFilter (Order: -2000)
2021-04-11 23:12:32.1999|DEBUG|Microsoft.AspNetCore.Mvc.Infrastructure.ControllerActionInvoker|Execution plan of exception filters (in the following order): None
2021-04-11 23:12:32.1999|DEBUG|Microsoft.AspNetCore.Mvc.Infrastructure.ControllerActionInvoker|Execution plan of result filters (in the following order): Microsoft.AspNetCore.Mvc.Infrastructure.ClientErrorResultFilter (Order: -2000)
2021-04-11 23:12:32.1999|DEBUG|Microsoft.AspNetCore.Mvc.Infrastructure.ControllerActionInvoker|Executing controller factory for controller Backend.Controllers.UsersController (Backend)
2021-04-11 23:12:32.1999|DEBUG|Microsoft.AspNetCore.Mvc.Infrastructure.ControllerActionInvoker|Executed controller factory for controller Backend.Controllers.UsersController (Backend)
2021-04-11 23:12:32.1999|DEBUG|Microsoft.AspNetCore.Mvc.ModelBinding.ParameterBinder|Attempting to bind parameter 'id' of type 'System.Guid' ...
2021-04-11 23:12:32.1999|DEBUG|Microsoft.AspNetCore.Mvc.ModelBinding.Binders.SimpleTypeModelBinder|Attempting to bind parameter 'id' of type 'System.Guid' using the name 'id' in request data ...
2021-04-11 23:12:32.1999|DEBUG|Microsoft.AspNetCore.Mvc.ModelBinding.Binders.SimpleTypeModelBinder|Done attempting to bind parameter 'id' of type 'System.Guid'.
2021-04-11 23:12:32.1999|DEBUG|Microsoft.AspNetCore.Mvc.ModelBinding.ParameterBinder|Done attempting to bind parameter 'id' of type 'System.Guid'.
2021-04-11 23:12:32.1999|DEBUG|Microsoft.AspNetCore.Mvc.ModelBinding.ParameterBinder|Attempting to validate the bound parameter 'id' of type 'System.Guid' ...
2021-04-11 23:12:32.2163|DEBUG|Microsoft.AspNetCore.Mvc.ModelBinding.ParameterBinder|Done attempting to validate the bound parameter 'id' of type 'System.Guid'.
2021-04-11 23:12:32.3507|INFO|Microsoft.AspNetCore.Mvc.Infrastructure.ControllerActionInvoker|Executing action method Backend.Controllers.UsersController.Get (Backend) - Validation state: Valid
2021-04-11 23:12:32.5021|INFO|Microsoft.AspNetCore.Mvc.Infrastructure.ControllerActionInvoker|Executed action method Backend.Controllers.UsersController.Get (Backend), returned result Microsoft.AspNetCore.Mvc.ObjectResult in 150.5024ms.
2021-04-11 23:12:32.5021|DEBUG|Microsoft.AspNetCore.Mvc.Infrastructure.DefaultOutputFormatterSelector|List of registered output formatters, in the following order: Microsoft.AspNetCore.Mvc.Formatters.HttpNoContentOutputFormatter, Microsoft.AspNetCore.Mvc.Formatters.StringOutputFormatter, Microsoft.AspNetCore.Mvc.Formatters.StreamOutputFormatter, Microsoft.AspNetCore.Mvc.Formatters.SystemTextJsonOutputFormatter
2021-04-11 23:12:32.5021|DEBUG|Microsoft.AspNetCore.Mvc.Infrastructure.DefaultOutputFormatterSelector|No information found on request to perform content negotiation.
2021-04-11 23:12:32.5021|DEBUG|Microsoft.AspNetCore.Mvc.Infrastructure.DefaultOutputFormatterSelector|Attempting to select an output formatter without using a content type as no explicit content types were specified for the response.
2021-04-11 23:12:32.5021|DEBUG|Microsoft.AspNetCore.Mvc.Infrastructure.DefaultOutputFormatterSelector|Attempting to select the first formatter in the output formatters list which can write the result.
2021-04-11 23:12:32.5021|DEBUG|Microsoft.AspNetCore.Mvc.Infrastructure.DefaultOutputFormatterSelector|Selected output formatter 'Microsoft.AspNetCore.Mvc.Formatters.SystemTextJsonOutputFormatter' and content type 'application/json' to write the response.
2021-04-11 23:12:32.5021|INFO|Microsoft.AspNetCore.Mvc.Infrastructure.ObjectResultExecutor|Executing ObjectResult, writing value of type 'Model.UserModel.DTO.UserDTO'.
2021-04-11 23:12:32.5237|INFO|Microsoft.AspNetCore.Mvc.Infrastructure.ControllerActionInvoker|Executed action Backend.Controllers.UsersController.Get (Backend) in 321.8561ms
2021-04-11 23:12:32.5237|INFO|Microsoft.AspNetCore.Routing.EndpointMiddleware|Executed endpoint 'Backend.Controllers.UsersController.Get (Backend)'
2021-04-11 23:12:32.5256|DEBUG|Microsoft.AspNetCore.Server.Kestrel|Connection id "0HM7T5Q17C3O1" completed keep alive response.
2021-04-11 23:12:32.5256|INFO|Microsoft.AspNetCore.Hosting.Diagnostics|Request finished in 421.043ms 200 application/json; charset=utf-8
2021-04-11 23:14:33.5000|INFO|Microsoft.AspNetCore.Hosting.Diagnostics|Request starting HTTP/1.1 GET http://localhost:8111/users/get/36f97a92-9ffc-4ea9-9c82-86a06cf66062  
2021-04-11 23:14:33.5117|DEBUG|Microsoft.AspNetCore.Routing.Matching.DfaMatcher|1 candidate(s) found for the request path '/users/get/36f97a92-9ffc-4ea9-9c82-86a06cf66062'
2021-04-11 23:14:33.5117|DEBUG|Microsoft.AspNetCore.Routing.Matching.DfaMatcher|Endpoint 'Backend.Controllers.UsersController.Get (Backend)' with route pattern 'Users/get/{id}' is valid for the request path '/users/get/36f97a92-9ffc-4ea9-9c82-86a06cf66062'
2021-04-11 23:14:33.5117|DEBUG|Microsoft.AspNetCore.Routing.EndpointRoutingMiddleware|Request matched endpoint 'Backend.Controllers.UsersController.Get (Backend)'
2021-04-11 23:14:33.5117|DEBUG|Microsoft.AspNetCore.Cors.Infrastructure.CorsService|The request has an origin header: 'http://localhost:4200'.
2021-04-11 23:14:33.5117|INFO|Microsoft.AspNetCore.Cors.Infrastructure.CorsService|CORS policy execution successful.
2021-04-11 23:14:33.5117|DEBUG|Microsoft.AspNetCore.StaticFiles.StaticFileMiddleware|Static files was skipped as the request already matched an endpoint.
2021-04-11 23:14:33.5256|INFO|Microsoft.AspNetCore.Routing.EndpointMiddleware|Executing endpoint 'Backend.Controllers.UsersController.Get (Backend)'
2021-04-11 23:14:33.5256|INFO|Microsoft.AspNetCore.Mvc.Infrastructure.ControllerActionInvoker|Route matched with {action = "Get", controller = "Users"}. Executing controller action with signature Model.UserModel.DTO.UserDTO Get(System.Guid) on controller Backend.Controllers.UsersController (Backend).
2021-04-11 23:14:33.5256|DEBUG|Microsoft.AspNetCore.Mvc.Infrastructure.ControllerActionInvoker|Execution plan of authorization filters (in the following order): None
2021-04-11 23:14:33.5256|DEBUG|Microsoft.AspNetCore.Mvc.Infrastructure.ControllerActionInvoker|Execution plan of resource filters (in the following order): None
2021-04-11 23:14:33.5256|DEBUG|Microsoft.AspNetCore.Mvc.Infrastructure.ControllerActionInvoker|Execution plan of action filters (in the following order): Microsoft.AspNetCore.Mvc.ModelBinding.UnsupportedContentTypeFilter (Order: -3000), Microsoft.AspNetCore.Mvc.Infrastructure.ModelStateInvalidFilter (Order: -2000)
2021-04-11 23:14:33.5256|DEBUG|Microsoft.AspNetCore.Mvc.Infrastructure.ControllerActionInvoker|Execution plan of exception filters (in the following order): None
2021-04-11 23:14:33.5564|DEBUG|Microsoft.AspNetCore.Mvc.Infrastructure.ControllerActionInvoker|Execution plan of result filters (in the following order): Microsoft.AspNetCore.Mvc.Infrastructure.ClientErrorResultFilter (Order: -2000)
2021-04-11 23:14:33.5569|DEBUG|Microsoft.AspNetCore.Mvc.Infrastructure.ControllerActionInvoker|Executing controller factory for controller Backend.Controllers.UsersController (Backend)
2021-04-11 23:14:33.5569|DEBUG|Microsoft.AspNetCore.Mvc.Infrastructure.ControllerActionInvoker|Executed controller factory for controller Backend.Controllers.UsersController (Backend)
2021-04-11 23:14:33.5569|DEBUG|Microsoft.AspNetCore.Mvc.ModelBinding.ParameterBinder|Attempting to bind parameter 'id' of type 'System.Guid' ...
2021-04-11 23:14:33.5569|DEBUG|Microsoft.AspNetCore.Mvc.ModelBinding.Binders.SimpleTypeModelBinder|Attempting to bind parameter 'id' of type 'System.Guid' using the name 'id' in request data ...
2021-04-11 23:14:33.5569|DEBUG|Microsoft.AspNetCore.Mvc.ModelBinding.Binders.SimpleTypeModelBinder|Done attempting to bind parameter 'id' of type 'System.Guid'.
2021-04-11 23:14:33.5569|DEBUG|Microsoft.AspNetCore.Mvc.ModelBinding.ParameterBinder|Done attempting to bind parameter 'id' of type 'System.Guid'.
2021-04-11 23:14:33.5569|DEBUG|Microsoft.AspNetCore.Mvc.ModelBinding.ParameterBinder|Attempting to validate the bound parameter 'id' of type 'System.Guid' ...
2021-04-11 23:14:33.5569|DEBUG|Microsoft.AspNetCore.Mvc.ModelBinding.ParameterBinder|Done attempting to validate the bound parameter 'id' of type 'System.Guid'.
2021-04-11 23:14:33.6447|INFO|Microsoft.AspNetCore.Mvc.Infrastructure.ControllerActionInvoker|Executing action method Backend.Controllers.UsersController.Get (Backend) - Validation state: Valid
2021-04-11 23:14:33.8079|INFO|Microsoft.AspNetCore.Mvc.Infrastructure.ControllerActionInvoker|Executed action method Backend.Controllers.UsersController.Get (Backend), returned result Microsoft.AspNetCore.Mvc.ObjectResult in 162.2718ms.
2021-04-11 23:14:33.8079|DEBUG|Microsoft.AspNetCore.Mvc.Infrastructure.DefaultOutputFormatterSelector|List of registered output formatters, in the following order: Microsoft.AspNetCore.Mvc.Formatters.HttpNoContentOutputFormatter, Microsoft.AspNetCore.Mvc.Formatters.StringOutputFormatter, Microsoft.AspNetCore.Mvc.Formatters.StreamOutputFormatter, Microsoft.AspNetCore.Mvc.Formatters.SystemTextJsonOutputFormatter
2021-04-11 23:14:33.8079|DEBUG|Microsoft.AspNetCore.Mvc.Infrastructure.DefaultOutputFormatterSelector|No information found on request to perform content negotiation.
2021-04-11 23:14:33.8079|DEBUG|Microsoft.AspNetCore.Mvc.Infrastructure.DefaultOutputFormatterSelector|Attempting to select an output formatter without using a content type as no explicit content types were specified for the response.
2021-04-11 23:14:33.8079|DEBUG|Microsoft.AspNetCore.Mvc.Infrastructure.DefaultOutputFormatterSelector|Attempting to select the first formatter in the output formatters list which can write the result.
2021-04-11 23:14:33.8079|DEBUG|Microsoft.AspNetCore.Mvc.Infrastructure.DefaultOutputFormatterSelector|Selected output formatter 'Microsoft.AspNetCore.Mvc.Formatters.SystemTextJsonOutputFormatter' and content type 'application/json' to write the response.
2021-04-11 23:14:33.8079|INFO|Microsoft.AspNetCore.Mvc.Infrastructure.ObjectResultExecutor|Executing ObjectResult, writing value of type 'Model.UserModel.DTO.UserDTO'.
2021-04-11 23:14:33.8079|INFO|Microsoft.AspNetCore.Mvc.Infrastructure.ControllerActionInvoker|Executed action Backend.Controllers.UsersController.Get (Backend) in 256.2548ms
2021-04-11 23:14:33.8079|INFO|Microsoft.AspNetCore.Routing.EndpointMiddleware|Executed endpoint 'Backend.Controllers.UsersController.Get (Backend)'
2021-04-11 23:14:33.8298|DEBUG|Microsoft.AspNetCore.Server.Kestrel|Connection id "0HM7T5Q17C3O1" completed keep alive response.
2021-04-11 23:14:33.8298|INFO|Microsoft.AspNetCore.Hosting.Diagnostics|Request finished in 330.6146ms 200 application/json; charset=utf-8
2021-04-11 23:15:37.2133|INFO|Microsoft.AspNetCore.Hosting.Diagnostics|Request starting HTTP/1.1 GET http://localhost:8111/users/get/36f97a92-9ffc-4ea9-9c82-86a06cf66062  
2021-04-11 23:15:37.2133|DEBUG|Microsoft.AspNetCore.Routing.Matching.DfaMatcher|1 candidate(s) found for the request path '/users/get/36f97a92-9ffc-4ea9-9c82-86a06cf66062'
2021-04-11 23:15:37.2133|DEBUG|Microsoft.AspNetCore.Routing.Matching.DfaMatcher|Endpoint 'Backend.Controllers.UsersController.Get (Backend)' with route pattern 'Users/get/{id}' is valid for the request path '/users/get/36f97a92-9ffc-4ea9-9c82-86a06cf66062'
2021-04-11 23:15:37.2133|DEBUG|Microsoft.AspNetCore.Routing.EndpointRoutingMiddleware|Request matched endpoint 'Backend.Controllers.UsersController.Get (Backend)'
2021-04-11 23:15:37.2133|DEBUG|Microsoft.AspNetCore.Cors.Infrastructure.CorsService|The request has an origin header: 'http://localhost:4200'.
2021-04-11 23:15:37.2133|INFO|Microsoft.AspNetCore.Cors.Infrastructure.CorsService|CORS policy execution successful.
2021-04-11 23:15:37.2653|DEBUG|Microsoft.AspNetCore.StaticFiles.StaticFileMiddleware|Static files was skipped as the request already matched an endpoint.
2021-04-11 23:15:37.2653|INFO|Microsoft.AspNetCore.Routing.EndpointMiddleware|Executing endpoint 'Backend.Controllers.UsersController.Get (Backend)'
2021-04-11 23:15:37.2765|INFO|Microsoft.AspNetCore.Mvc.Infrastructure.ControllerActionInvoker|Route matched with {action = "Get", controller = "Users"}. Executing controller action with signature Model.UserModel.DTO.UserDTO Get(System.Guid) on controller Backend.Controllers.UsersController (Backend).
2021-04-11 23:15:37.2765|DEBUG|Microsoft.AspNetCore.Mvc.Infrastructure.ControllerActionInvoker|Execution plan of authorization filters (in the following order): None
2021-04-11 23:15:37.2765|DEBUG|Microsoft.AspNetCore.Mvc.Infrastructure.ControllerActionInvoker|Execution plan of resource filters (in the following order): None
2021-04-11 23:15:37.2765|DEBUG|Microsoft.AspNetCore.Mvc.Infrastructure.ControllerActionInvoker|Execution plan of action filters (in the following order): Microsoft.AspNetCore.Mvc.ModelBinding.UnsupportedContentTypeFilter (Order: -3000), Microsoft.AspNetCore.Mvc.Infrastructure.ModelStateInvalidFilter (Order: -2000)
2021-04-11 23:15:37.2765|DEBUG|Microsoft.AspNetCore.Mvc.Infrastructure.ControllerActionInvoker|Execution plan of exception filters (in the following order): None
2021-04-11 23:15:37.2765|DEBUG|Microsoft.AspNetCore.Mvc.Infrastructure.ControllerActionInvoker|Execution plan of result filters (in the following order): Microsoft.AspNetCore.Mvc.Infrastructure.ClientErrorResultFilter (Order: -2000)
2021-04-11 23:15:37.2765|DEBUG|Microsoft.AspNetCore.Mvc.Infrastructure.ControllerActionInvoker|Executing controller factory for controller Backend.Controllers.UsersController (Backend)
2021-04-11 23:15:37.2765|DEBUG|Microsoft.AspNetCore.Mvc.Infrastructure.ControllerActionInvoker|Executed controller factory for controller Backend.Controllers.UsersController (Backend)
2021-04-11 23:15:37.2765|DEBUG|Microsoft.AspNetCore.Mvc.ModelBinding.ParameterBinder|Attempting to bind parameter 'id' of type 'System.Guid' ...
2021-04-11 23:15:37.2765|DEBUG|Microsoft.AspNetCore.Mvc.ModelBinding.Binders.SimpleTypeModelBinder|Attempting to bind parameter 'id' of type 'System.Guid' using the name 'id' in request data ...
2021-04-11 23:15:37.2765|DEBUG|Microsoft.AspNetCore.Mvc.ModelBinding.Binders.SimpleTypeModelBinder|Done attempting to bind parameter 'id' of type 'System.Guid'.
2021-04-11 23:15:37.2765|DEBUG|Microsoft.AspNetCore.Mvc.ModelBinding.ParameterBinder|Done attempting to bind parameter 'id' of type 'System.Guid'.
2021-04-11 23:15:37.2765|DEBUG|Microsoft.AspNetCore.Mvc.ModelBinding.ParameterBinder|Attempting to validate the bound parameter 'id' of type 'System.Guid' ...
2021-04-11 23:15:37.2765|DEBUG|Microsoft.AspNetCore.Mvc.ModelBinding.ParameterBinder|Done attempting to validate the bound parameter 'id' of type 'System.Guid'.
2021-04-11 23:15:37.3367|INFO|Microsoft.AspNetCore.Mvc.Infrastructure.ControllerActionInvoker|Executing action method Backend.Controllers.UsersController.Get (Backend) - Validation state: Valid
2021-04-11 23:15:37.5700|INFO|Microsoft.AspNetCore.Mvc.Infrastructure.ControllerActionInvoker|Executed action method Backend.Controllers.UsersController.Get (Backend), returned result Microsoft.AspNetCore.Mvc.ObjectResult in 220.4283ms.
2021-04-11 23:15:37.5774|DEBUG|Microsoft.AspNetCore.Mvc.Infrastructure.DefaultOutputFormatterSelector|List of registered output formatters, in the following order: Microsoft.AspNetCore.Mvc.Formatters.HttpNoContentOutputFormatter, Microsoft.AspNetCore.Mvc.Formatters.StringOutputFormatter, Microsoft.AspNetCore.Mvc.Formatters.StreamOutputFormatter, Microsoft.AspNetCore.Mvc.Formatters.SystemTextJsonOutputFormatter
2021-04-11 23:15:37.5774|DEBUG|Microsoft.AspNetCore.Mvc.Infrastructure.DefaultOutputFormatterSelector|No information found on request to perform content negotiation.
2021-04-11 23:15:37.5774|DEBUG|Microsoft.AspNetCore.Mvc.Infrastructure.DefaultOutputFormatterSelector|Attempting to select an output formatter without using a content type as no explicit content types were specified for the response.
2021-04-11 23:15:37.5774|DEBUG|Microsoft.AspNetCore.Mvc.Infrastructure.DefaultOutputFormatterSelector|Attempting to select the first formatter in the output formatters list which can write the result.
2021-04-11 23:15:37.5774|DEBUG|Microsoft.AspNetCore.Mvc.Infrastructure.DefaultOutputFormatterSelector|Selected output formatter 'Microsoft.AspNetCore.Mvc.Formatters.SystemTextJsonOutputFormatter' and content type 'application/json' to write the response.
2021-04-11 23:15:37.5774|INFO|Microsoft.AspNetCore.Mvc.Infrastructure.ObjectResultExecutor|Executing ObjectResult, writing value of type 'Model.UserModel.DTO.UserDTO'.
2021-04-11 23:15:37.5774|INFO|Microsoft.AspNetCore.Mvc.Infrastructure.ControllerActionInvoker|Executed action Backend.Controllers.UsersController.Get (Backend) in 299.8773ms
2021-04-11 23:15:37.6051|INFO|Microsoft.AspNetCore.Routing.EndpointMiddleware|Executed endpoint 'Backend.Controllers.UsersController.Get (Backend)'
2021-04-11 23:15:37.6051|DEBUG|Microsoft.AspNetCore.Server.Kestrel|Connection id "0HM7T5Q17C3O1" completed keep alive response.
2021-04-11 23:15:37.6051|INFO|Microsoft.AspNetCore.Hosting.Diagnostics|Request finished in 402.074ms 200 application/json; charset=utf-8
2021-04-11 23:17:13.1574|INFO|Microsoft.AspNetCore.Hosting.Diagnostics|Request starting HTTP/1.1 GET http://localhost:8111/users/get/36f97a92-9ffc-4ea9-9c82-86a06cf66062  
2021-04-11 23:17:13.2104|DEBUG|Microsoft.AspNetCore.Routing.Matching.DfaMatcher|1 candidate(s) found for the request path '/users/get/36f97a92-9ffc-4ea9-9c82-86a06cf66062'
2021-04-11 23:17:13.2222|DEBUG|Microsoft.AspNetCore.Routing.Matching.DfaMatcher|Endpoint 'Backend.Controllers.UsersController.Get (Backend)' with route pattern 'Users/get/{id}' is valid for the request path '/users/get/36f97a92-9ffc-4ea9-9c82-86a06cf66062'
2021-04-11 23:17:13.2222|DEBUG|Microsoft.AspNetCore.Routing.EndpointRoutingMiddleware|Request matched endpoint 'Backend.Controllers.UsersController.Get (Backend)'
2021-04-11 23:17:13.2222|DEBUG|Microsoft.AspNetCore.Cors.Infrastructure.CorsService|The request has an origin header: 'http://localhost:4200'.
2021-04-11 23:17:13.2222|INFO|Microsoft.AspNetCore.Cors.Infrastructure.CorsService|CORS policy execution successful.
2021-04-11 23:17:13.2441|DEBUG|Microsoft.AspNetCore.StaticFiles.StaticFileMiddleware|Static files was skipped as the request already matched an endpoint.
2021-04-11 23:17:13.2469|INFO|Microsoft.AspNetCore.Routing.EndpointMiddleware|Executing endpoint 'Backend.Controllers.UsersController.Get (Backend)'
2021-04-11 23:17:13.2469|INFO|Microsoft.AspNetCore.Mvc.Infrastructure.ControllerActionInvoker|Route matched with {action = "Get", controller = "Users"}. Executing controller action with signature Model.UserModel.DTO.UserDTO Get(System.Guid) on controller Backend.Controllers.UsersController (Backend).
2021-04-11 23:17:13.2469|DEBUG|Microsoft.AspNetCore.Mvc.Infrastructure.ControllerActionInvoker|Execution plan of authorization filters (in the following order): None
2021-04-11 23:17:13.2469|DEBUG|Microsoft.AspNetCore.Mvc.Infrastructure.ControllerActionInvoker|Execution plan of resource filters (in the following order): None
2021-04-11 23:17:13.2469|DEBUG|Microsoft.AspNetCore.Mvc.Infrastructure.ControllerActionInvoker|Execution plan of action filters (in the following order): Microsoft.AspNetCore.Mvc.ModelBinding.UnsupportedContentTypeFilter (Order: -3000), Microsoft.AspNetCore.Mvc.Infrastructure.ModelStateInvalidFilter (Order: -2000)
2021-04-11 23:17:13.2469|DEBUG|Microsoft.AspNetCore.Mvc.Infrastructure.ControllerActionInvoker|Execution plan of exception filters (in the following order): None
2021-04-11 23:17:13.2469|DEBUG|Microsoft.AspNetCore.Mvc.Infrastructure.ControllerActionInvoker|Execution plan of result filters (in the following order): Microsoft.AspNetCore.Mvc.Infrastructure.ClientErrorResultFilter (Order: -2000)
2021-04-11 23:17:13.2469|DEBUG|Microsoft.AspNetCore.Mvc.Infrastructure.ControllerActionInvoker|Executing controller factory for controller Backend.Controllers.UsersController (Backend)
2021-04-11 23:17:13.2469|DEBUG|Microsoft.AspNetCore.Mvc.Infrastructure.ControllerActionInvoker|Executed controller factory for controller Backend.Controllers.UsersController (Backend)
2021-04-11 23:17:13.2469|DEBUG|Microsoft.AspNetCore.Mvc.ModelBinding.ParameterBinder|Attempting to bind parameter 'id' of type 'System.Guid' ...
2021-04-11 23:17:13.2613|DEBUG|Microsoft.AspNetCore.Mvc.ModelBinding.Binders.SimpleTypeModelBinder|Attempting to bind parameter 'id' of type 'System.Guid' using the name 'id' in request data ...
2021-04-11 23:17:13.2613|DEBUG|Microsoft.AspNetCore.Mvc.ModelBinding.Binders.SimpleTypeModelBinder|Done attempting to bind parameter 'id' of type 'System.Guid'.
2021-04-11 23:17:13.2613|DEBUG|Microsoft.AspNetCore.Mvc.ModelBinding.ParameterBinder|Done attempting to bind parameter 'id' of type 'System.Guid'.
2021-04-11 23:17:13.2613|DEBUG|Microsoft.AspNetCore.Mvc.ModelBinding.ParameterBinder|Attempting to validate the bound parameter 'id' of type 'System.Guid' ...
2021-04-11 23:17:13.2613|DEBUG|Microsoft.AspNetCore.Mvc.ModelBinding.ParameterBinder|Done attempting to validate the bound parameter 'id' of type 'System.Guid'.
2021-04-11 23:17:13.2943|INFO|Microsoft.AspNetCore.Mvc.Infrastructure.ControllerActionInvoker|Executing action method Backend.Controllers.UsersController.Get (Backend) - Validation state: Valid
2021-04-11 23:17:13.4196|INFO|Microsoft.AspNetCore.Mvc.Infrastructure.ControllerActionInvoker|Executed action method Backend.Controllers.UsersController.Get (Backend), returned result Microsoft.AspNetCore.Mvc.ObjectResult in 124.6363ms.
2021-04-11 23:17:13.4196|DEBUG|Microsoft.AspNetCore.Mvc.Infrastructure.DefaultOutputFormatterSelector|List of registered output formatters, in the following order: Microsoft.AspNetCore.Mvc.Formatters.HttpNoContentOutputFormatter, Microsoft.AspNetCore.Mvc.Formatters.StringOutputFormatter, Microsoft.AspNetCore.Mvc.Formatters.StreamOutputFormatter, Microsoft.AspNetCore.Mvc.Formatters.SystemTextJsonOutputFormatter
2021-04-11 23:17:13.4196|DEBUG|Microsoft.AspNetCore.Mvc.Infrastructure.DefaultOutputFormatterSelector|No information found on request to perform content negotiation.
2021-04-11 23:17:13.4196|DEBUG|Microsoft.AspNetCore.Mvc.Infrastructure.DefaultOutputFormatterSelector|Attempting to select an output formatter without using a content type as no explicit content types were specified for the response.
2021-04-11 23:17:13.4196|DEBUG|Microsoft.AspNetCore.Mvc.Infrastructure.DefaultOutputFormatterSelector|Attempting to select the first formatter in the output formatters list which can write the result.
2021-04-11 23:17:13.4196|DEBUG|Microsoft.AspNetCore.Mvc.Infrastructure.DefaultOutputFormatterSelector|Selected output formatter 'Microsoft.AspNetCore.Mvc.Formatters.SystemTextJsonOutputFormatter' and content type 'application/json' to write the response.
2021-04-11 23:17:13.4196|INFO|Microsoft.AspNetCore.Mvc.Infrastructure.ObjectResultExecutor|Executing ObjectResult, writing value of type 'Model.UserModel.DTO.UserDTO'.
2021-04-11 23:17:13.4196|INFO|Microsoft.AspNetCore.Mvc.Infrastructure.ControllerActionInvoker|Executed action Backend.Controllers.UsersController.Get (Backend) in 167.5399ms
2021-04-11 23:17:13.4196|INFO|Microsoft.AspNetCore.Routing.EndpointMiddleware|Executed endpoint 'Backend.Controllers.UsersController.Get (Backend)'
2021-04-11 23:17:13.4196|DEBUG|Microsoft.AspNetCore.Server.Kestrel|Connection id "0HM7T5Q17C3O1" completed keep alive response.
2021-04-11 23:17:13.4196|INFO|Microsoft.AspNetCore.Hosting.Diagnostics|Request finished in 268.4288ms 200 application/json; charset=utf-8
2021-04-11 23:17:19.8240|INFO|Microsoft.AspNetCore.Hosting.Diagnostics|Request starting HTTP/1.1 GET http://localhost:8111/users/get/36f97a92-9ffc-4ea9-9c82-86a06cf66062  
2021-04-11 23:17:19.8240|DEBUG|Microsoft.AspNetCore.Routing.Matching.DfaMatcher|1 candidate(s) found for the request path '/users/get/36f97a92-9ffc-4ea9-9c82-86a06cf66062'
2021-04-11 23:17:19.8240|DEBUG|Microsoft.AspNetCore.Routing.Matching.DfaMatcher|Endpoint 'Backend.Controllers.UsersController.Get (Backend)' with route pattern 'Users/get/{id}' is valid for the request path '/users/get/36f97a92-9ffc-4ea9-9c82-86a06cf66062'
2021-04-11 23:17:19.8240|DEBUG|Microsoft.AspNetCore.Routing.EndpointRoutingMiddleware|Request matched endpoint 'Backend.Controllers.UsersController.Get (Backend)'
2021-04-11 23:17:19.8240|DEBUG|Microsoft.AspNetCore.Cors.Infrastructure.CorsService|The request has an origin header: 'http://localhost:4200'.
2021-04-11 23:17:19.8240|INFO|Microsoft.AspNetCore.Cors.Infrastructure.CorsService|CORS policy execution successful.
2021-04-11 23:17:19.8240|DEBUG|Microsoft.AspNetCore.StaticFiles.StaticFileMiddleware|Static files was skipped as the request already matched an endpoint.
2021-04-11 23:17:19.8240|INFO|Microsoft.AspNetCore.Routing.EndpointMiddleware|Executing endpoint 'Backend.Controllers.UsersController.Get (Backend)'
2021-04-11 23:17:19.8240|INFO|Microsoft.AspNetCore.Mvc.Infrastructure.ControllerActionInvoker|Route matched with {action = "Get", controller = "Users"}. Executing controller action with signature Model.UserModel.DTO.UserDTO Get(System.Guid) on controller Backend.Controllers.UsersController (Backend).
2021-04-11 23:17:19.8240|DEBUG|Microsoft.AspNetCore.Mvc.Infrastructure.ControllerActionInvoker|Execution plan of authorization filters (in the following order): None
2021-04-11 23:17:19.8240|DEBUG|Microsoft.AspNetCore.Mvc.Infrastructure.ControllerActionInvoker|Execution plan of resource filters (in the following order): None
2021-04-11 23:17:19.8240|DEBUG|Microsoft.AspNetCore.Mvc.Infrastructure.ControllerActionInvoker|Execution plan of action filters (in the following order): Microsoft.AspNetCore.Mvc.ModelBinding.UnsupportedContentTypeFilter (Order: -3000), Microsoft.AspNetCore.Mvc.Infrastructure.ModelStateInvalidFilter (Order: -2000)
2021-04-11 23:17:19.8240|DEBUG|Microsoft.AspNetCore.Mvc.Infrastructure.ControllerActionInvoker|Execution plan of exception filters (in the following order): None
2021-04-11 23:17:19.8240|DEBUG|Microsoft.AspNetCore.Mvc.Infrastructure.ControllerActionInvoker|Execution plan of result filters (in the following order): Microsoft.AspNetCore.Mvc.Infrastructure.ClientErrorResultFilter (Order: -2000)
2021-04-11 23:17:19.8240|DEBUG|Microsoft.AspNetCore.Mvc.Infrastructure.ControllerActionInvoker|Executing controller factory for controller Backend.Controllers.UsersController (Backend)
2021-04-11 23:17:19.8240|DEBUG|Microsoft.AspNetCore.Mvc.Infrastructure.ControllerActionInvoker|Executed controller factory for controller Backend.Controllers.UsersController (Backend)
2021-04-11 23:17:19.8240|DEBUG|Microsoft.AspNetCore.Mvc.ModelBinding.ParameterBinder|Attempting to bind parameter 'id' of type 'System.Guid' ...
2021-04-11 23:17:19.8240|DEBUG|Microsoft.AspNetCore.Mvc.ModelBinding.Binders.SimpleTypeModelBinder|Attempting to bind parameter 'id' of type 'System.Guid' using the name 'id' in request data ...
2021-04-11 23:17:19.8240|DEBUG|Microsoft.AspNetCore.Mvc.ModelBinding.Binders.SimpleTypeModelBinder|Done attempting to bind parameter 'id' of type 'System.Guid'.
2021-04-11 23:17:19.8240|DEBUG|Microsoft.AspNetCore.Mvc.ModelBinding.ParameterBinder|Done attempting to bind parameter 'id' of type 'System.Guid'.
2021-04-11 23:17:19.8240|DEBUG|Microsoft.AspNetCore.Mvc.ModelBinding.ParameterBinder|Attempting to validate the bound parameter 'id' of type 'System.Guid' ...
2021-04-11 23:17:19.8240|DEBUG|Microsoft.AspNetCore.Mvc.ModelBinding.ParameterBinder|Done attempting to validate the bound parameter 'id' of type 'System.Guid'.
2021-04-11 23:17:19.8812|INFO|Microsoft.AspNetCore.Mvc.Infrastructure.ControllerActionInvoker|Executing action method Backend.Controllers.UsersController.Get (Backend) - Validation state: Valid
2021-04-11 23:17:19.9982|INFO|Microsoft.AspNetCore.Mvc.Infrastructure.ControllerActionInvoker|Executed action method Backend.Controllers.UsersController.Get (Backend), returned result Microsoft.AspNetCore.Mvc.ObjectResult in 116.259ms.
2021-04-11 23:17:19.9982|DEBUG|Microsoft.AspNetCore.Mvc.Infrastructure.DefaultOutputFormatterSelector|List of registered output formatters, in the following order: Microsoft.AspNetCore.Mvc.Formatters.HttpNoContentOutputFormatter, Microsoft.AspNetCore.Mvc.Formatters.StringOutputFormatter, Microsoft.AspNetCore.Mvc.Formatters.StreamOutputFormatter, Microsoft.AspNetCore.Mvc.Formatters.SystemTextJsonOutputFormatter
2021-04-11 23:17:19.9982|DEBUG|Microsoft.AspNetCore.Mvc.Infrastructure.DefaultOutputFormatterSelector|No information found on request to perform content negotiation.
2021-04-11 23:17:19.9982|DEBUG|Microsoft.AspNetCore.Mvc.Infrastructure.DefaultOutputFormatterSelector|Attempting to select an output formatter without using a content type as no explicit content types were specified for the response.
2021-04-11 23:17:19.9982|DEBUG|Microsoft.AspNetCore.Mvc.Infrastructure.DefaultOutputFormatterSelector|Attempting to select the first formatter in the output formatters list which can write the result.
2021-04-11 23:17:19.9982|DEBUG|Microsoft.AspNetCore.Mvc.Infrastructure.DefaultOutputFormatterSelector|Selected output formatter 'Microsoft.AspNetCore.Mvc.Formatters.SystemTextJsonOutputFormatter' and content type 'application/json' to write the response.
2021-04-11 23:17:19.9982|INFO|Microsoft.AspNetCore.Mvc.Infrastructure.ObjectResultExecutor|Executing ObjectResult, writing value of type 'Model.UserModel.DTO.UserDTO'.
2021-04-11 23:17:19.9982|INFO|Microsoft.AspNetCore.Mvc.Infrastructure.ControllerActionInvoker|Executed action Backend.Controllers.UsersController.Get (Backend) in 168.9257ms
2021-04-11 23:17:19.9982|INFO|Microsoft.AspNetCore.Routing.EndpointMiddleware|Executed endpoint 'Backend.Controllers.UsersController.Get (Backend)'
2021-04-11 23:17:19.9982|DEBUG|Microsoft.AspNetCore.Server.Kestrel|Connection id "0HM7T5Q17C3O1" completed keep alive response.
2021-04-11 23:17:19.9982|INFO|Microsoft.AspNetCore.Hosting.Diagnostics|Request finished in 183.4591ms 200 application/json; charset=utf-8
2021-04-11 23:18:06.4705|DEBUG|Microsoft.AspNetCore.Server.Kestrel|Connection id "0HM7T5Q17C3O2" accepted.
2021-04-11 23:18:06.4705|DEBUG|Microsoft.AspNetCore.Server.Kestrel|Connection id "0HM7T5Q17C3O2" started.
2021-04-11 23:18:06.4705|DEBUG|Microsoft.AspNetCore.Server.Kestrel.Transport.Sockets|Connection id "0HM7T5Q17C3O2" received FIN.
2021-04-11 23:18:06.4705|DEBUG|Microsoft.AspNetCore.Server.Kestrel|Connection id "0HM7T5Q17C3O3" accepted.
2021-04-11 23:18:06.4853|DEBUG|Microsoft.AspNetCore.Server.Kestrel|Connection id "0HM7T5Q17C3O3" started.
2021-04-11 23:18:06.5072|DEBUG|Microsoft.AspNetCore.Server.Kestrel|Connection id "0HM7T5Q17C3O2" disconnecting.
2021-04-11 23:18:06.5072|INFO|Microsoft.AspNetCore.Hosting.Diagnostics|Request starting HTTP/1.1 GET http://localhost:8111/Users/get/F2ACC921-E67A-4481-B645-24F23CE4E8C7  
2021-04-11 23:18:06.5072|DEBUG|Microsoft.AspNetCore.Server.Kestrel.Transport.Sockets|Connection id "0HM7T5Q17C3O2" sending FIN because: "The client closed the connection."
2021-04-11 23:18:06.5072|DEBUG|Microsoft.AspNetCore.Routing.Matching.DfaMatcher|1 candidate(s) found for the request path '/Users/get/F2ACC921-E67A-4481-B645-24F23CE4E8C7'
2021-04-11 23:18:06.5072|DEBUG|Microsoft.AspNetCore.Routing.Matching.DfaMatcher|Endpoint 'Backend.Controllers.UsersController.Get (Backend)' with route pattern 'Users/get/{id}' is valid for the request path '/Users/get/F2ACC921-E67A-4481-B645-24F23CE4E8C7'
2021-04-11 23:18:06.5072|DEBUG|Microsoft.AspNetCore.Routing.EndpointRoutingMiddleware|Request matched endpoint 'Backend.Controllers.UsersController.Get (Backend)'
2021-04-11 23:18:06.5108|DEBUG|Microsoft.AspNetCore.StaticFiles.StaticFileMiddleware|Static files was skipped as the request already matched an endpoint.
2021-04-11 23:18:06.5296|DEBUG|Microsoft.AspNetCore.Server.Kestrel|Connection id "0HM7T5Q17C3O2" stopped.
2021-04-11 23:18:06.6830|INFO|Microsoft.AspNetCore.Routing.EndpointMiddleware|Executing endpoint 'Backend.Controllers.UsersController.Get (Backend)'
2021-04-11 23:18:06.6830|INFO|Microsoft.AspNetCore.Mvc.Infrastructure.ControllerActionInvoker|Route matched with {action = "Get", controller = "Users"}. Executing controller action with signature Model.UserModel.DTO.UserDTO Get(System.Guid) on controller Backend.Controllers.UsersController (Backend).
2021-04-11 23:18:06.6830|DEBUG|Microsoft.AspNetCore.Mvc.Infrastructure.ControllerActionInvoker|Execution plan of authorization filters (in the following order): None
2021-04-11 23:18:06.6830|DEBUG|Microsoft.AspNetCore.Mvc.Infrastructure.ControllerActionInvoker|Execution plan of resource filters (in the following order): None
2021-04-11 23:18:06.6830|DEBUG|Microsoft.AspNetCore.Mvc.Infrastructure.ControllerActionInvoker|Execution plan of action filters (in the following order): Microsoft.AspNetCore.Mvc.ModelBinding.UnsupportedContentTypeFilter (Order: -3000), Microsoft.AspNetCore.Mvc.Infrastructure.ModelStateInvalidFilter (Order: -2000)
2021-04-11 23:18:06.6830|DEBUG|Microsoft.AspNetCore.Mvc.Infrastructure.ControllerActionInvoker|Execution plan of exception filters (in the following order): None
2021-04-11 23:18:06.6830|DEBUG|Microsoft.AspNetCore.Mvc.Infrastructure.ControllerActionInvoker|Execution plan of result filters (in the following order): Microsoft.AspNetCore.Mvc.Infrastructure.ClientErrorResultFilter (Order: -2000)
2021-04-11 23:18:06.6830|DEBUG|Microsoft.AspNetCore.Mvc.Infrastructure.ControllerActionInvoker|Executing controller factory for controller Backend.Controllers.UsersController (Backend)
2021-04-11 23:18:06.6830|DEBUG|Microsoft.AspNetCore.Mvc.Infrastructure.ControllerActionInvoker|Executed controller factory for controller Backend.Controllers.UsersController (Backend)
2021-04-11 23:18:06.6830|DEBUG|Microsoft.AspNetCore.Mvc.ModelBinding.ParameterBinder|Attempting to bind parameter 'id' of type 'System.Guid' ...
2021-04-11 23:18:06.6830|DEBUG|Microsoft.AspNetCore.Mvc.ModelBinding.Binders.SimpleTypeModelBinder|Attempting to bind parameter 'id' of type 'System.Guid' using the name 'id' in request data ...
2021-04-11 23:18:06.6830|DEBUG|Microsoft.AspNetCore.Mvc.ModelBinding.Binders.SimpleTypeModelBinder|Done attempting to bind parameter 'id' of type 'System.Guid'.
2021-04-11 23:18:06.6830|DEBUG|Microsoft.AspNetCore.Mvc.ModelBinding.ParameterBinder|Done attempting to bind parameter 'id' of type 'System.Guid'.
2021-04-11 23:18:06.6830|DEBUG|Microsoft.AspNetCore.Mvc.ModelBinding.ParameterBinder|Attempting to validate the bound parameter 'id' of type 'System.Guid' ...
2021-04-11 23:18:06.6830|DEBUG|Microsoft.AspNetCore.Mvc.ModelBinding.ParameterBinder|Done attempting to validate the bound parameter 'id' of type 'System.Guid'.
2021-04-11 23:18:06.7145|INFO|Microsoft.AspNetCore.Mvc.Infrastructure.ControllerActionInvoker|Executing action method Backend.Controllers.UsersController.Get (Backend) - Validation state: Valid
2021-04-11 23:18:06.7895|INFO|Microsoft.AspNetCore.Mvc.Infrastructure.ControllerActionInvoker|Executed action method Backend.Controllers.UsersController.Get (Backend), returned result Microsoft.AspNetCore.Mvc.ObjectResult in 74.4595ms.
2021-04-11 23:18:06.7895|DEBUG|Microsoft.AspNetCore.Mvc.Infrastructure.DefaultOutputFormatterSelector|List of registered output formatters, in the following order: Microsoft.AspNetCore.Mvc.Formatters.HttpNoContentOutputFormatter, Microsoft.AspNetCore.Mvc.Formatters.StringOutputFormatter, Microsoft.AspNetCore.Mvc.Formatters.StreamOutputFormatter, Microsoft.AspNetCore.Mvc.Formatters.SystemTextJsonOutputFormatter
2021-04-11 23:18:06.7895|DEBUG|Microsoft.AspNetCore.Mvc.Infrastructure.DefaultOutputFormatterSelector|No information found on request to perform content negotiation.
2021-04-11 23:18:06.7895|DEBUG|Microsoft.AspNetCore.Mvc.Infrastructure.DefaultOutputFormatterSelector|Attempting to select an output formatter without using a content type as no explicit content types were specified for the response.
2021-04-11 23:18:06.7908|DEBUG|Microsoft.AspNetCore.Mvc.Infrastructure.DefaultOutputFormatterSelector|Attempting to select the first formatter in the output formatters list which can write the result.
2021-04-11 23:18:06.7908|DEBUG|Microsoft.AspNetCore.Mvc.Infrastructure.DefaultOutputFormatterSelector|Selected output formatter 'Microsoft.AspNetCore.Mvc.Formatters.SystemTextJsonOutputFormatter' and content type 'application/json' to write the response.
2021-04-11 23:18:06.7908|INFO|Microsoft.AspNetCore.Mvc.Infrastructure.ObjectResultExecutor|Executing ObjectResult, writing value of type 'Model.UserModel.DTO.UserDTO'.
2021-04-11 23:18:06.7908|INFO|Microsoft.AspNetCore.Mvc.Infrastructure.ControllerActionInvoker|Executed action Backend.Controllers.UsersController.Get (Backend) in 105.2602ms
2021-04-11 23:18:06.7908|INFO|Microsoft.AspNetCore.Routing.EndpointMiddleware|Executed endpoint 'Backend.Controllers.UsersController.Get (Backend)'
2021-04-11 23:18:06.7908|DEBUG|Microsoft.AspNetCore.Server.Kestrel|Connection id "0HM7T5Q17C3O3" completed keep alive response.
2021-04-11 23:18:06.7908|INFO|Microsoft.AspNetCore.Hosting.Diagnostics|Request finished in 286.5501ms 200 application/json; charset=utf-8
2021-04-11 23:26:05.5482|DEBUG|Microsoft.AspNetCore.Server.Kestrel.Transport.Sockets|Connection id "0HM7T5Q17C3O1" received FIN.
2021-04-11 23:26:05.5482|DEBUG|Microsoft.AspNetCore.Server.Kestrel|Connection id "0HM7T5Q17C3O1" disconnecting.
2021-04-11 23:26:05.5482|DEBUG|Microsoft.AspNetCore.Server.Kestrel.Transport.Sockets|Connection id "0HM7T5Q17C3O1" sending FIN because: "The client closed the connection."
2021-04-11 23:26:05.5979|DEBUG|Microsoft.AspNetCore.Server.Kestrel|Connection id "0HM7T5Q17C3O1" stopped.
2021-04-11 23:26:06.4920|DEBUG|Microsoft.AspNetCore.Server.Kestrel|Connection id "0HM7T5Q17C3O4" accepted.
2021-04-11 23:26:06.4920|DEBUG|Microsoft.AspNetCore.Server.Kestrel|Connection id "0HM7T5Q17C3O4" started.
2021-04-11 23:26:06.4920|INFO|Microsoft.AspNetCore.Hosting.Diagnostics|Request starting HTTP/1.1 GET http://localhost:8111/users/get/36f97a92-9ffc-4ea9-9c82-86a06cf66062  
2021-04-11 23:26:06.4975|DEBUG|Microsoft.AspNetCore.Routing.Matching.DfaMatcher|1 candidate(s) found for the request path '/users/get/36f97a92-9ffc-4ea9-9c82-86a06cf66062'
2021-04-11 23:26:06.4975|DEBUG|Microsoft.AspNetCore.Routing.Matching.DfaMatcher|Endpoint 'Backend.Controllers.UsersController.Get (Backend)' with route pattern 'Users/get/{id}' is valid for the request path '/users/get/36f97a92-9ffc-4ea9-9c82-86a06cf66062'
2021-04-11 23:26:06.4975|DEBUG|Microsoft.AspNetCore.Routing.EndpointRoutingMiddleware|Request matched endpoint 'Backend.Controllers.UsersController.Get (Backend)'
2021-04-11 23:26:06.4975|DEBUG|Microsoft.AspNetCore.Cors.Infrastructure.CorsService|The request has an origin header: 'http://localhost:4200'.
2021-04-11 23:26:06.4975|INFO|Microsoft.AspNetCore.Cors.Infrastructure.CorsService|CORS policy execution successful.
2021-04-11 23:26:06.5199|DEBUG|Microsoft.AspNetCore.StaticFiles.StaticFileMiddleware|Static files was skipped as the request already matched an endpoint.
2021-04-11 23:26:06.5199|INFO|Microsoft.AspNetCore.Routing.EndpointMiddleware|Executing endpoint 'Backend.Controllers.UsersController.Get (Backend)'
2021-04-11 23:26:06.5401|INFO|Microsoft.AspNetCore.Mvc.Infrastructure.ControllerActionInvoker|Route matched with {action = "Get", controller = "Users"}. Executing controller action with signature Model.UserModel.DTO.UserDTO Get(System.Guid) on controller Backend.Controllers.UsersController (Backend).
2021-04-11 23:26:06.5454|DEBUG|Microsoft.AspNetCore.Mvc.Infrastructure.ControllerActionInvoker|Execution plan of authorization filters (in the following order): None
2021-04-11 23:26:06.5454|DEBUG|Microsoft.AspNetCore.Mvc.Infrastructure.ControllerActionInvoker|Execution plan of resource filters (in the following order): None
2021-04-11 23:26:06.5454|DEBUG|Microsoft.AspNetCore.Mvc.Infrastructure.ControllerActionInvoker|Execution plan of action filters (in the following order): Microsoft.AspNetCore.Mvc.ModelBinding.UnsupportedContentTypeFilter (Order: -3000), Microsoft.AspNetCore.Mvc.Infrastructure.ModelStateInvalidFilter (Order: -2000)
2021-04-11 23:26:06.5454|DEBUG|Microsoft.AspNetCore.Mvc.Infrastructure.ControllerActionInvoker|Execution plan of exception filters (in the following order): None
2021-04-11 23:26:06.5454|DEBUG|Microsoft.AspNetCore.Mvc.Infrastructure.ControllerActionInvoker|Execution plan of result filters (in the following order): Microsoft.AspNetCore.Mvc.Infrastructure.ClientErrorResultFilter (Order: -2000)
2021-04-11 23:26:06.5454|DEBUG|Microsoft.AspNetCore.Mvc.Infrastructure.ControllerActionInvoker|Executing controller factory for controller Backend.Controllers.UsersController (Backend)
2021-04-11 23:26:06.5454|DEBUG|Microsoft.AspNetCore.Mvc.Infrastructure.ControllerActionInvoker|Executed controller factory for controller Backend.Controllers.UsersController (Backend)
2021-04-11 23:26:06.5454|DEBUG|Microsoft.AspNetCore.Mvc.ModelBinding.ParameterBinder|Attempting to bind parameter 'id' of type 'System.Guid' ...
2021-04-11 23:26:06.5454|DEBUG|Microsoft.AspNetCore.Mvc.ModelBinding.Binders.SimpleTypeModelBinder|Attempting to bind parameter 'id' of type 'System.Guid' using the name 'id' in request data ...
2021-04-11 23:26:06.5454|DEBUG|Microsoft.AspNetCore.Mvc.ModelBinding.Binders.SimpleTypeModelBinder|Done attempting to bind parameter 'id' of type 'System.Guid'.
2021-04-11 23:26:06.5454|DEBUG|Microsoft.AspNetCore.Mvc.ModelBinding.ParameterBinder|Done attempting to bind parameter 'id' of type 'System.Guid'.
2021-04-11 23:26:06.5454|DEBUG|Microsoft.AspNetCore.Mvc.ModelBinding.ParameterBinder|Attempting to validate the bound parameter 'id' of type 'System.Guid' ...
2021-04-11 23:26:06.5454|DEBUG|Microsoft.AspNetCore.Mvc.ModelBinding.ParameterBinder|Done attempting to validate the bound parameter 'id' of type 'System.Guid'.
2021-04-11 23:26:06.5858|INFO|Microsoft.AspNetCore.Mvc.Infrastructure.ControllerActionInvoker|Executing action method Backend.Controllers.UsersController.Get (Backend) - Validation state: Valid
2021-04-11 23:26:06.7490|INFO|Microsoft.AspNetCore.Mvc.Infrastructure.ControllerActionInvoker|Executed action method Backend.Controllers.UsersController.Get (Backend), returned result Microsoft.AspNetCore.Mvc.ObjectResult in 159.5832ms.
2021-04-11 23:26:06.7490|DEBUG|Microsoft.AspNetCore.Mvc.Infrastructure.DefaultOutputFormatterSelector|List of registered output formatters, in the following order: Microsoft.AspNetCore.Mvc.Formatters.HttpNoContentOutputFormatter, Microsoft.AspNetCore.Mvc.Formatters.StringOutputFormatter, Microsoft.AspNetCore.Mvc.Formatters.StreamOutputFormatter, Microsoft.AspNetCore.Mvc.Formatters.SystemTextJsonOutputFormatter
2021-04-11 23:26:06.7490|DEBUG|Microsoft.AspNetCore.Mvc.Infrastructure.DefaultOutputFormatterSelector|No information found on request to perform content negotiation.
2021-04-11 23:26:06.7490|DEBUG|Microsoft.AspNetCore.Mvc.Infrastructure.DefaultOutputFormatterSelector|Attempting to select an output formatter without using a content type as no explicit content types were specified for the response.
2021-04-11 23:26:06.7490|DEBUG|Microsoft.AspNetCore.Mvc.Infrastructure.DefaultOutputFormatterSelector|Attempting to select the first formatter in the output formatters list which can write the result.
2021-04-11 23:26:06.7490|DEBUG|Microsoft.AspNetCore.Mvc.Infrastructure.DefaultOutputFormatterSelector|Selected output formatter 'Microsoft.AspNetCore.Mvc.Formatters.SystemTextJsonOutputFormatter' and content type 'application/json' to write the response.
2021-04-11 23:26:06.7490|INFO|Microsoft.AspNetCore.Mvc.Infrastructure.ObjectResultExecutor|Executing ObjectResult, writing value of type 'Model.UserModel.DTO.UserDTO'.
2021-04-11 23:26:06.7490|INFO|Microsoft.AspNetCore.Mvc.Infrastructure.ControllerActionInvoker|Executed action Backend.Controllers.UsersController.Get (Backend) in 208.0895ms
2021-04-11 23:26:06.7490|INFO|Microsoft.AspNetCore.Routing.EndpointMiddleware|Executed endpoint 'Backend.Controllers.UsersController.Get (Backend)'
2021-04-11 23:26:06.7490|DEBUG|Microsoft.AspNetCore.Server.Kestrel|Connection id "0HM7T5Q17C3O4" completed keep alive response.
2021-04-11 23:26:06.7490|INFO|Microsoft.AspNetCore.Hosting.Diagnostics|Request finished in 264.5051ms 200 application/json; charset=utf-8
2021-04-11 23:40:36.5905|DEBUG|Microsoft.AspNetCore.Server.Kestrel.Transport.Sockets|Connection id "0HM7T5Q17C3O4" received FIN.
2021-04-11 23:40:36.6239|DEBUG|Microsoft.AspNetCore.Server.Kestrel|Connection id "0HM7T5Q17C3O4" disconnecting.
2021-04-11 23:40:36.6239|DEBUG|Microsoft.AspNetCore.Server.Kestrel.Transport.Sockets|Connection id "0HM7T5Q17C3O4" sending FIN because: "The client closed the connection."
2021-04-11 23:40:36.6385|DEBUG|Microsoft.AspNetCore.Server.Kestrel|Connection id "0HM7T5Q17C3O4" stopped.
