2021-06-05 12:36:42.0396|DEBUG|Microsoft.Extensions.Hosting.Internal.Host|Hosting starting
2021-06-05 12:36:42.9741|DEBUG|Microsoft.AspNetCore.Server.Kestrel.Core.KestrelServer|Failed to locate the development https certificate at '(null)'.
2021-06-05 12:36:43.0550|INFO|Microsoft.Hosting.Lifetime|Now listening on: http://localhost:8111
2021-06-05 12:36:43.0605|DEBUG|Microsoft.AspNetCore.Hosting.Diagnostics|Loaded hosting startup assembly Backend
2021-06-05 12:36:43.0605|INFO|Microsoft.Hosting.Lifetime|Application started. Press Ctrl+C to shut down.
2021-06-05 12:36:43.0605|INFO|Microsoft.Hosting.Lifetime|Hosting environment: Development
2021-06-05 12:36:43.0605|INFO|Microsoft.Hosting.Lifetime|Content root path: D:\PRACA_MAGISTERSKA\Backend\Backend
2021-06-05 12:36:43.0605|DEBUG|Microsoft.Extensions.Hosting.Internal.Host|Hosting started
2021-06-05 12:37:06.7327|DEBUG|Microsoft.AspNetCore.Server.Kestrel.Transport.Sockets|Connection id "0HM981NEPO90B" received FIN.
2021-06-05 12:37:06.7619|DEBUG|Microsoft.AspNetCore.Server.Kestrel|Connection id "0HM981NEPO90B" accepted.
2021-06-05 12:37:06.7749|DEBUG|Microsoft.AspNetCore.Server.Kestrel|Connection id "0HM981NEPO90B" started.
2021-06-05 12:37:06.7749|DEBUG|Microsoft.AspNetCore.Server.Kestrel|Connection id "0HM981NEPO90C" accepted.
2021-06-05 12:37:06.7901|DEBUG|Microsoft.AspNetCore.Server.Kestrel|Connection id "0HM981NEPO90C" started.
2021-06-05 12:37:06.7901|DEBUG|Microsoft.AspNetCore.Server.Kestrel.Transport.Sockets|Connection id "0HM981NEPO90B" sending FIN because: "The client closed the connection."
2021-06-05 12:37:06.7901|DEBUG|Microsoft.AspNetCore.Server.Kestrel|Connection id "0HM981NEPO90B" disconnecting.
2021-06-05 12:37:06.8184|DEBUG|Microsoft.AspNetCore.Server.Kestrel|Connection id "0HM981NEPO90B" stopped.
2021-06-05 12:37:06.8461|INFO|Microsoft.AspNetCore.Hosting.Diagnostics|Request starting HTTP/1.1 POST http://localhost:8111/Users/authenticate application/json 48
2021-06-05 12:37:06.8461|DEBUG|Microsoft.AspNetCore.HostFiltering.HostFilteringMiddleware|Wildcard detected, all requests with hosts will be allowed.
2021-06-05 12:37:06.8838|DEBUG|Microsoft.AspNetCore.Routing.Matching.DfaMatcher|1 candidate(s) found for the request path '/Users/authenticate'
2021-06-05 12:37:06.8838|DEBUG|Microsoft.AspNetCore.Routing.Matching.DfaMatcher|Endpoint 'Backend.Controllers.UsersController.Authenticate (Backend)' with route pattern 'Users/authenticate' is valid for the request path '/Users/authenticate'
2021-06-05 12:37:06.8838|DEBUG|Microsoft.AspNetCore.Routing.EndpointRoutingMiddleware|Request matched endpoint 'Backend.Controllers.UsersController.Authenticate (Backend)'
2021-06-05 12:37:06.9212|DEBUG|Microsoft.AspNetCore.StaticFiles.StaticFileMiddleware|Static files was skipped as the request already matched an endpoint.
2021-06-05 12:37:06.9212|DEBUG|Microsoft.AspNetCore.StaticFiles.StaticFileMiddleware|Static files was skipped as the request already matched an endpoint.
2021-06-05 12:37:06.9430|DEBUG|Microsoft.AspNetCore.StaticFiles.StaticFileMiddleware|Static files was skipped as the request already matched an endpoint.
2021-06-05 12:37:10.2729|INFO|Microsoft.AspNetCore.Routing.EndpointMiddleware|Executing endpoint 'Backend.Controllers.UsersController.Authenticate (Backend)'
2021-06-05 12:37:10.2789|DEBUG|Microsoft.AspNetCore.Mvc.ModelBinding.ModelBinderFactory|Registered model binder providers, in the following order: Microsoft.AspNetCore.Mvc.ModelBinding.Binders.BinderTypeModelBinderProvider, Microsoft.AspNetCore.Mvc.ModelBinding.Binders.ServicesModelBinderProvider, Microsoft.AspNetCore.Mvc.ModelBinding.Binders.BodyModelBinderProvider, Microsoft.AspNetCore.Mvc.ModelBinding.Binders.HeaderModelBinderProvider, Microsoft.AspNetCore.Mvc.ModelBinding.Binders.FloatingPointTypeModelBinderProvider, Microsoft.AspNetCore.Mvc.ModelBinding.Binders.EnumTypeModelBinderProvider, Microsoft.AspNetCore.Mvc.ModelBinding.Binders.SimpleTypeModelBinderProvider, Microsoft.AspNetCore.Mvc.ModelBinding.Binders.CancellationTokenModelBinderProvider, Microsoft.AspNetCore.Mvc.ModelBinding.Binders.ByteArrayModelBinderProvider, Microsoft.AspNetCore.Mvc.ModelBinding.Binders.FormFileModelBinderProvider, Microsoft.AspNetCore.Mvc.ModelBinding.Binders.FormCollectionModelBinderProvider, Microsoft.AspNetCore.Mvc.ModelBinding.Binders.KeyValuePairModelBinderProvider, Microsoft.AspNetCore.Mvc.ModelBinding.Binders.DictionaryModelBinderProvider, Microsoft.AspNetCore.Mvc.ModelBinding.Binders.ArrayModelBinderProvider, Microsoft.AspNetCore.Mvc.ModelBinding.Binders.CollectionModelBinderProvider, Microsoft.AspNetCore.Mvc.ModelBinding.Binders.ComplexTypeModelBinderProvider
2021-06-05 12:37:10.3232|INFO|Microsoft.AspNetCore.Mvc.Infrastructure.ControllerActionInvoker|Route matched with {action = "Authenticate", controller = "Users"}. Executing controller action with signature Microsoft.AspNetCore.Mvc.IActionResult Authenticate(Backend.Auth.Models.AuthenticateRequest) on controller Backend.Controllers.UsersController (Backend).
2021-06-05 12:37:10.3232|DEBUG|Microsoft.AspNetCore.Mvc.Infrastructure.ControllerActionInvoker|Execution plan of authorization filters (in the following order): None
2021-06-05 12:37:10.3232|DEBUG|Microsoft.AspNetCore.Mvc.Infrastructure.ControllerActionInvoker|Execution plan of resource filters (in the following order): None
2021-06-05 12:37:10.3232|DEBUG|Microsoft.AspNetCore.Mvc.Infrastructure.ControllerActionInvoker|Execution plan of action filters (in the following order): Microsoft.AspNetCore.Mvc.ModelBinding.UnsupportedContentTypeFilter (Order: -3000), Microsoft.AspNetCore.Mvc.Infrastructure.ModelStateInvalidFilter (Order: -2000)
2021-06-05 12:37:10.3232|DEBUG|Microsoft.AspNetCore.Mvc.Infrastructure.ControllerActionInvoker|Execution plan of exception filters (in the following order): None
2021-06-05 12:37:10.3232|DEBUG|Microsoft.AspNetCore.Mvc.Infrastructure.ControllerActionInvoker|Execution plan of result filters (in the following order): Microsoft.AspNetCore.Mvc.Infrastructure.ClientErrorResultFilter (Order: -2000)
2021-06-05 12:37:10.3232|DEBUG|Microsoft.AspNetCore.Mvc.Infrastructure.ControllerActionInvoker|Executing controller factory for controller Backend.Controllers.UsersController (Backend)
2021-06-05 12:37:10.4141|DEBUG|Microsoft.AspNetCore.Mvc.Infrastructure.ControllerActionInvoker|Executed controller factory for controller Backend.Controllers.UsersController (Backend)
2021-06-05 12:37:10.4400|DEBUG|Microsoft.AspNetCore.Mvc.ModelBinding.ParameterBinder|Attempting to bind parameter 'model' of type 'Backend.Auth.Models.AuthenticateRequest' ...
2021-06-05 12:37:10.4400|DEBUG|Microsoft.AspNetCore.Mvc.ModelBinding.Binders.BodyModelBinder|Attempting to bind parameter 'model' of type 'Backend.Auth.Models.AuthenticateRequest' using the name '' in request data ...
2021-06-05 12:37:10.4471|DEBUG|Microsoft.AspNetCore.Mvc.ModelBinding.Binders.BodyModelBinder|Selected input formatter 'Microsoft.AspNetCore.Mvc.Formatters.SystemTextJsonInputFormatter' for content type 'application/json'.
2021-06-05 12:37:10.4471|DEBUG|Microsoft.AspNetCore.Server.Kestrel|Connection id "0HM981NEPO90C", Request id "0HM981NEPO90C:00000001": started reading request body.
2021-06-05 12:37:10.4471|DEBUG|Microsoft.AspNetCore.Server.Kestrel|Connection id "0HM981NEPO90C", Request id "0HM981NEPO90C:00000001": done reading request body.
2021-06-05 12:37:10.4640|DEBUG|Microsoft.AspNetCore.Mvc.Formatters.SystemTextJsonInputFormatter|JSON input formatter succeeded, deserializing to type 'Backend.Auth.Models.AuthenticateRequest'
2021-06-05 12:37:10.4640|DEBUG|Microsoft.AspNetCore.Mvc.ModelBinding.Binders.BodyModelBinder|Done attempting to bind parameter 'model' of type 'Backend.Auth.Models.AuthenticateRequest'.
2021-06-05 12:37:10.4640|DEBUG|Microsoft.AspNetCore.Mvc.ModelBinding.ParameterBinder|Done attempting to bind parameter 'model' of type 'Backend.Auth.Models.AuthenticateRequest'.
2021-06-05 12:37:10.4640|DEBUG|Microsoft.AspNetCore.Mvc.ModelBinding.ParameterBinder|Attempting to validate the bound parameter 'model' of type 'Backend.Auth.Models.AuthenticateRequest' ...
2021-06-05 12:37:10.4640|DEBUG|Microsoft.AspNetCore.Mvc.ModelBinding.ParameterBinder|Done attempting to validate the bound parameter 'model' of type 'Backend.Auth.Models.AuthenticateRequest'.
2021-06-05 12:37:10.5342|INFO|Microsoft.AspNetCore.Mvc.Infrastructure.ControllerActionInvoker|Executing action method Backend.Controllers.UsersController.Authenticate (Backend) - Validation state: Valid
2021-06-05 12:37:21.0132|INFO|Microsoft.AspNetCore.Mvc.Infrastructure.ControllerActionInvoker|Executed action method Backend.Controllers.UsersController.Authenticate (Backend), returned result Microsoft.AspNetCore.Mvc.OkObjectResult in 10456.8079ms.
2021-06-05 12:37:21.0242|DEBUG|Microsoft.AspNetCore.Mvc.Infrastructure.DefaultOutputFormatterSelector|List of registered output formatters, in the following order: Microsoft.AspNetCore.Mvc.Formatters.HttpNoContentOutputFormatter, Microsoft.AspNetCore.Mvc.Formatters.StringOutputFormatter, Microsoft.AspNetCore.Mvc.Formatters.StreamOutputFormatter, Microsoft.AspNetCore.Mvc.Formatters.SystemTextJsonOutputFormatter
2021-06-05 12:37:21.0242|DEBUG|Microsoft.AspNetCore.Mvc.Infrastructure.DefaultOutputFormatterSelector|No information found on request to perform content negotiation.
2021-06-05 12:37:21.0242|DEBUG|Microsoft.AspNetCore.Mvc.Infrastructure.DefaultOutputFormatterSelector|Attempting to select an output formatter without using a content type as no explicit content types were specified for the response.
2021-06-05 12:37:21.0242|DEBUG|Microsoft.AspNetCore.Mvc.Infrastructure.DefaultOutputFormatterSelector|Attempting to select the first formatter in the output formatters list which can write the result.
2021-06-05 12:37:21.0242|DEBUG|Microsoft.AspNetCore.Mvc.Infrastructure.DefaultOutputFormatterSelector|Selected output formatter 'Microsoft.AspNetCore.Mvc.Formatters.SystemTextJsonOutputFormatter' and content type 'application/json' to write the response.
2021-06-05 12:37:21.0242|INFO|Microsoft.AspNetCore.Mvc.Infrastructure.ObjectResultExecutor|Executing ObjectResult, writing value of type 'Backend.Auth.Models.AuthenticateResponse'.
2021-06-05 12:37:21.0682|INFO|Microsoft.AspNetCore.Mvc.Infrastructure.ControllerActionInvoker|Executed action Backend.Controllers.UsersController.Authenticate (Backend) in 10736.8299ms
2021-06-05 12:37:21.0682|INFO|Microsoft.AspNetCore.Routing.EndpointMiddleware|Executed endpoint 'Backend.Controllers.UsersController.Authenticate (Backend)'
2021-06-05 12:37:21.0724|DEBUG|Microsoft.AspNetCore.Server.Kestrel|Connection id "0HM981NEPO90C" completed keep alive response.
2021-06-05 12:37:21.0936|INFO|Microsoft.AspNetCore.Hosting.Diagnostics|Request finished in 14248.493ms 200 application/json; charset=utf-8
2021-06-05 12:37:29.6447|INFO|Microsoft.AspNetCore.Hosting.Diagnostics|Request starting HTTP/1.1 GET http://localhost:8111/Users/GetAll  
2021-06-05 12:37:29.6447|DEBUG|Microsoft.AspNetCore.Routing.Matching.DfaMatcher|1 candidate(s) found for the request path '/Users/GetAll'
2021-06-05 12:37:29.6498|DEBUG|Microsoft.AspNetCore.Routing.Matching.DfaMatcher|Endpoint 'Backend.Controllers.UsersController.GetAll (Backend)' with route pattern 'Users/GetAll' is valid for the request path '/Users/GetAll'
2021-06-05 12:37:29.6498|DEBUG|Microsoft.AspNetCore.Routing.EndpointRoutingMiddleware|Request matched endpoint 'Backend.Controllers.UsersController.GetAll (Backend)'
2021-06-05 12:37:29.6498|DEBUG|Microsoft.AspNetCore.StaticFiles.StaticFileMiddleware|Static files was skipped as the request already matched an endpoint.
2021-06-05 12:37:29.6498|DEBUG|Microsoft.AspNetCore.StaticFiles.StaticFileMiddleware|Static files was skipped as the request already matched an endpoint.
2021-06-05 12:37:29.6498|DEBUG|Microsoft.AspNetCore.StaticFiles.StaticFileMiddleware|Static files was skipped as the request already matched an endpoint.
2021-06-05 12:37:29.6498|INFO|Microsoft.AspNetCore.Routing.EndpointMiddleware|Executing endpoint 'Backend.Controllers.UsersController.GetAll (Backend)'
2021-06-05 12:37:29.6498|INFO|Microsoft.AspNetCore.Mvc.Infrastructure.ControllerActionInvoker|Route matched with {action = "GetAll", controller = "Users"}. Executing controller action with signature Microsoft.AspNetCore.Mvc.IActionResult GetAll() on controller Backend.Controllers.UsersController (Backend).
2021-06-05 12:37:29.6498|DEBUG|Microsoft.AspNetCore.Mvc.Infrastructure.ControllerActionInvoker|Execution plan of authorization filters (in the following order): None
2021-06-05 12:37:29.6498|DEBUG|Microsoft.AspNetCore.Mvc.Infrastructure.ControllerActionInvoker|Execution plan of resource filters (in the following order): None
2021-06-05 12:37:29.6498|DEBUG|Microsoft.AspNetCore.Mvc.Infrastructure.ControllerActionInvoker|Execution plan of action filters (in the following order): Microsoft.AspNetCore.Mvc.ModelBinding.UnsupportedContentTypeFilter (Order: -3000), Microsoft.AspNetCore.Mvc.Infrastructure.ModelStateInvalidFilter (Order: -2000)
2021-06-05 12:37:29.6498|DEBUG|Microsoft.AspNetCore.Mvc.Infrastructure.ControllerActionInvoker|Execution plan of exception filters (in the following order): None
2021-06-05 12:37:29.6498|DEBUG|Microsoft.AspNetCore.Mvc.Infrastructure.ControllerActionInvoker|Execution plan of result filters (in the following order): Microsoft.AspNetCore.Mvc.Infrastructure.ClientErrorResultFilter (Order: -2000)
2021-06-05 12:37:29.6498|DEBUG|Microsoft.AspNetCore.Mvc.Infrastructure.ControllerActionInvoker|Executing controller factory for controller Backend.Controllers.UsersController (Backend)
2021-06-05 12:37:29.6654|DEBUG|Microsoft.AspNetCore.Mvc.Infrastructure.ControllerActionInvoker|Executed controller factory for controller Backend.Controllers.UsersController (Backend)
2021-06-05 12:37:29.6964|INFO|Microsoft.AspNetCore.Mvc.Infrastructure.ControllerActionInvoker|Executing action method Backend.Controllers.UsersController.GetAll (Backend) - Validation state: Valid
2021-06-05 12:37:29.7957|INFO|Microsoft.AspNetCore.Mvc.Infrastructure.ControllerActionInvoker|Executed action method Backend.Controllers.UsersController.GetAll (Backend), returned result Microsoft.AspNetCore.Mvc.OkObjectResult in 98.7168ms.
2021-06-05 12:37:29.7957|DEBUG|Microsoft.AspNetCore.Mvc.Infrastructure.DefaultOutputFormatterSelector|List of registered output formatters, in the following order: Microsoft.AspNetCore.Mvc.Formatters.HttpNoContentOutputFormatter, Microsoft.AspNetCore.Mvc.Formatters.StringOutputFormatter, Microsoft.AspNetCore.Mvc.Formatters.StreamOutputFormatter, Microsoft.AspNetCore.Mvc.Formatters.SystemTextJsonOutputFormatter
2021-06-05 12:37:29.7957|DEBUG|Microsoft.AspNetCore.Mvc.Infrastructure.DefaultOutputFormatterSelector|No information found on request to perform content negotiation.
2021-06-05 12:37:29.7957|DEBUG|Microsoft.AspNetCore.Mvc.Infrastructure.DefaultOutputFormatterSelector|Attempting to select an output formatter without using a content type as no explicit content types were specified for the response.
2021-06-05 12:37:29.7957|DEBUG|Microsoft.AspNetCore.Mvc.Infrastructure.DefaultOutputFormatterSelector|Attempting to select the first formatter in the output formatters list which can write the result.
2021-06-05 12:37:29.7957|DEBUG|Microsoft.AspNetCore.Mvc.Infrastructure.DefaultOutputFormatterSelector|Selected output formatter 'Microsoft.AspNetCore.Mvc.Formatters.SystemTextJsonOutputFormatter' and content type 'application/json' to write the response.
2021-06-05 12:37:29.7957|INFO|Microsoft.AspNetCore.Mvc.Infrastructure.ObjectResultExecutor|Executing ObjectResult, writing value of type 'System.Collections.Generic.List`1[[Model.UserModel.DTO.UserDTO, Model, Version=1.0.0.0, Culture=neutral, PublicKeyToken=null]]'.
2021-06-05 12:37:29.8111|INFO|Microsoft.AspNetCore.Mvc.Infrastructure.ControllerActionInvoker|Executed action Backend.Controllers.UsersController.GetAll (Backend) in 146.4982ms
2021-06-05 12:37:29.8111|INFO|Microsoft.AspNetCore.Routing.EndpointMiddleware|Executed endpoint 'Backend.Controllers.UsersController.GetAll (Backend)'
2021-06-05 12:37:29.8111|DEBUG|Microsoft.AspNetCore.Server.Kestrel|Connection id "0HM981NEPO90C" completed keep alive response.
2021-06-05 12:37:29.8111|INFO|Microsoft.AspNetCore.Hosting.Diagnostics|Request finished in 168.2415ms 200 application/json; charset=utf-8
2021-06-05 12:37:53.0489|INFO|Microsoft.AspNetCore.Hosting.Diagnostics|Request starting HTTP/1.1 GET http://localhost:8111/Users/GetAll  
2021-06-05 12:37:53.0632|DEBUG|Microsoft.AspNetCore.Routing.Matching.DfaMatcher|1 candidate(s) found for the request path '/Users/GetAll'
2021-06-05 12:37:53.0632|DEBUG|Microsoft.AspNetCore.Routing.Matching.DfaMatcher|Endpoint 'Backend.Controllers.UsersController.GetAll (Backend)' with route pattern 'Users/GetAll' is valid for the request path '/Users/GetAll'
2021-06-05 12:37:53.0632|DEBUG|Microsoft.AspNetCore.Routing.EndpointRoutingMiddleware|Request matched endpoint 'Backend.Controllers.UsersController.GetAll (Backend)'
2021-06-05 12:37:53.0632|DEBUG|Microsoft.AspNetCore.StaticFiles.StaticFileMiddleware|Static files was skipped as the request already matched an endpoint.
2021-06-05 12:37:53.0716|DEBUG|Microsoft.AspNetCore.StaticFiles.StaticFileMiddleware|Static files was skipped as the request already matched an endpoint.
2021-06-05 12:37:53.0716|DEBUG|Microsoft.AspNetCore.StaticFiles.StaticFileMiddleware|Static files was skipped as the request already matched an endpoint.
2021-06-05 12:37:53.2784|INFO|Microsoft.AspNetCore.Routing.EndpointMiddleware|Executing endpoint 'Backend.Controllers.UsersController.GetAll (Backend)'
2021-06-05 12:37:53.2784|INFO|Microsoft.AspNetCore.Mvc.Infrastructure.ControllerActionInvoker|Route matched with {action = "GetAll", controller = "Users"}. Executing controller action with signature Microsoft.AspNetCore.Mvc.IActionResult GetAll() on controller Backend.Controllers.UsersController (Backend).
2021-06-05 12:37:53.2784|DEBUG|Microsoft.AspNetCore.Mvc.Infrastructure.ControllerActionInvoker|Execution plan of authorization filters (in the following order): None
2021-06-05 12:37:53.2784|DEBUG|Microsoft.AspNetCore.Mvc.Infrastructure.ControllerActionInvoker|Execution plan of resource filters (in the following order): None
2021-06-05 12:37:53.2784|DEBUG|Microsoft.AspNetCore.Mvc.Infrastructure.ControllerActionInvoker|Execution plan of action filters (in the following order): Microsoft.AspNetCore.Mvc.ModelBinding.UnsupportedContentTypeFilter (Order: -3000), Microsoft.AspNetCore.Mvc.Infrastructure.ModelStateInvalidFilter (Order: -2000)
2021-06-05 12:37:53.2784|DEBUG|Microsoft.AspNetCore.Mvc.Infrastructure.ControllerActionInvoker|Execution plan of exception filters (in the following order): None
2021-06-05 12:37:53.2784|DEBUG|Microsoft.AspNetCore.Mvc.Infrastructure.ControllerActionInvoker|Execution plan of result filters (in the following order): Microsoft.AspNetCore.Mvc.Infrastructure.ClientErrorResultFilter (Order: -2000)
2021-06-05 12:37:53.2784|DEBUG|Microsoft.AspNetCore.Mvc.Infrastructure.ControllerActionInvoker|Executing controller factory for controller Backend.Controllers.UsersController (Backend)
2021-06-05 12:37:53.2784|DEBUG|Microsoft.AspNetCore.Mvc.Infrastructure.ControllerActionInvoker|Executed controller factory for controller Backend.Controllers.UsersController (Backend)
2021-06-05 12:37:53.3089|INFO|Microsoft.AspNetCore.Mvc.Infrastructure.ControllerActionInvoker|Executing action method Backend.Controllers.UsersController.GetAll (Backend) - Validation state: Valid
2021-06-05 12:37:53.4117|INFO|Microsoft.AspNetCore.Mvc.Infrastructure.ControllerActionInvoker|Executed action method Backend.Controllers.UsersController.GetAll (Backend), returned result Microsoft.AspNetCore.Mvc.OkObjectResult in 102.1085ms.
2021-06-05 12:37:53.4117|DEBUG|Microsoft.AspNetCore.Mvc.Infrastructure.DefaultOutputFormatterSelector|List of registered output formatters, in the following order: Microsoft.AspNetCore.Mvc.Formatters.HttpNoContentOutputFormatter, Microsoft.AspNetCore.Mvc.Formatters.StringOutputFormatter, Microsoft.AspNetCore.Mvc.Formatters.StreamOutputFormatter, Microsoft.AspNetCore.Mvc.Formatters.SystemTextJsonOutputFormatter
2021-06-05 12:37:53.4117|DEBUG|Microsoft.AspNetCore.Mvc.Infrastructure.DefaultOutputFormatterSelector|No information found on request to perform content negotiation.
2021-06-05 12:37:53.4117|DEBUG|Microsoft.AspNetCore.Mvc.Infrastructure.DefaultOutputFormatterSelector|Attempting to select an output formatter without using a content type as no explicit content types were specified for the response.
2021-06-05 12:37:53.4147|DEBUG|Microsoft.AspNetCore.Mvc.Infrastructure.DefaultOutputFormatterSelector|Attempting to select the first formatter in the output formatters list which can write the result.
2021-06-05 12:37:53.4147|DEBUG|Microsoft.AspNetCore.Mvc.Infrastructure.DefaultOutputFormatterSelector|Selected output formatter 'Microsoft.AspNetCore.Mvc.Formatters.SystemTextJsonOutputFormatter' and content type 'application/json' to write the response.
2021-06-05 12:37:53.4147|INFO|Microsoft.AspNetCore.Mvc.Infrastructure.ObjectResultExecutor|Executing ObjectResult, writing value of type 'System.Collections.Generic.List`1[[Model.UserModel.DTO.UserDTO, Model, Version=1.0.0.0, Culture=neutral, PublicKeyToken=null]]'.
2021-06-05 12:37:53.4147|INFO|Microsoft.AspNetCore.Mvc.Infrastructure.ControllerActionInvoker|Executed action Backend.Controllers.UsersController.GetAll (Backend) in 134.1394ms
2021-06-05 12:37:53.4147|INFO|Microsoft.AspNetCore.Routing.EndpointMiddleware|Executed endpoint 'Backend.Controllers.UsersController.GetAll (Backend)'
2021-06-05 12:37:53.4147|DEBUG|Microsoft.AspNetCore.Server.Kestrel|Connection id "0HM981NEPO90C" completed keep alive response.
2021-06-05 12:37:53.4147|INFO|Microsoft.AspNetCore.Hosting.Diagnostics|Request finished in 372.7868ms 200 application/json; charset=utf-8
2021-06-05 12:37:55.4800|INFO|Microsoft.AspNetCore.Hosting.Diagnostics|Request starting HTTP/1.1 GET http://localhost:8111/Users/GetAll  
2021-06-05 12:37:55.4800|DEBUG|Microsoft.AspNetCore.Routing.Matching.DfaMatcher|1 candidate(s) found for the request path '/Users/GetAll'
2021-06-05 12:37:55.4800|DEBUG|Microsoft.AspNetCore.Routing.Matching.DfaMatcher|Endpoint 'Backend.Controllers.UsersController.GetAll (Backend)' with route pattern 'Users/GetAll' is valid for the request path '/Users/GetAll'
2021-06-05 12:37:55.4800|DEBUG|Microsoft.AspNetCore.Routing.EndpointRoutingMiddleware|Request matched endpoint 'Backend.Controllers.UsersController.GetAll (Backend)'
2021-06-05 12:37:55.4800|DEBUG|Microsoft.AspNetCore.StaticFiles.StaticFileMiddleware|Static files was skipped as the request already matched an endpoint.
2021-06-05 12:37:55.4800|DEBUG|Microsoft.AspNetCore.StaticFiles.StaticFileMiddleware|Static files was skipped as the request already matched an endpoint.
2021-06-05 12:37:55.4800|DEBUG|Microsoft.AspNetCore.StaticFiles.StaticFileMiddleware|Static files was skipped as the request already matched an endpoint.
2021-06-05 12:37:55.6055|INFO|Microsoft.AspNetCore.Routing.EndpointMiddleware|Executing endpoint 'Backend.Controllers.UsersController.GetAll (Backend)'
2021-06-05 12:37:55.6055|INFO|Microsoft.AspNetCore.Mvc.Infrastructure.ControllerActionInvoker|Route matched with {action = "GetAll", controller = "Users"}. Executing controller action with signature Microsoft.AspNetCore.Mvc.IActionResult GetAll() on controller Backend.Controllers.UsersController (Backend).
2021-06-05 12:37:55.6055|DEBUG|Microsoft.AspNetCore.Mvc.Infrastructure.ControllerActionInvoker|Execution plan of authorization filters (in the following order): None
2021-06-05 12:37:55.6055|DEBUG|Microsoft.AspNetCore.Mvc.Infrastructure.ControllerActionInvoker|Execution plan of resource filters (in the following order): None
2021-06-05 12:37:55.6055|DEBUG|Microsoft.AspNetCore.Mvc.Infrastructure.ControllerActionInvoker|Execution plan of action filters (in the following order): Microsoft.AspNetCore.Mvc.ModelBinding.UnsupportedContentTypeFilter (Order: -3000), Microsoft.AspNetCore.Mvc.Infrastructure.ModelStateInvalidFilter (Order: -2000)
2021-06-05 12:37:55.6055|DEBUG|Microsoft.AspNetCore.Mvc.Infrastructure.ControllerActionInvoker|Execution plan of exception filters (in the following order): None
2021-06-05 12:37:55.6055|DEBUG|Microsoft.AspNetCore.Mvc.Infrastructure.ControllerActionInvoker|Execution plan of result filters (in the following order): Microsoft.AspNetCore.Mvc.Infrastructure.ClientErrorResultFilter (Order: -2000)
2021-06-05 12:37:55.6055|DEBUG|Microsoft.AspNetCore.Mvc.Infrastructure.ControllerActionInvoker|Executing controller factory for controller Backend.Controllers.UsersController (Backend)
2021-06-05 12:37:55.6055|DEBUG|Microsoft.AspNetCore.Mvc.Infrastructure.ControllerActionInvoker|Executed controller factory for controller Backend.Controllers.UsersController (Backend)
2021-06-05 12:37:55.6437|INFO|Microsoft.AspNetCore.Mvc.Infrastructure.ControllerActionInvoker|Executing action method Backend.Controllers.UsersController.GetAll (Backend) - Validation state: Valid
2021-06-05 12:37:55.7400|INFO|Microsoft.AspNetCore.Mvc.Infrastructure.ControllerActionInvoker|Executed action method Backend.Controllers.UsersController.GetAll (Backend), returned result Microsoft.AspNetCore.Mvc.OkObjectResult in 95.7587ms.
2021-06-05 12:37:55.7400|DEBUG|Microsoft.AspNetCore.Mvc.Infrastructure.DefaultOutputFormatterSelector|List of registered output formatters, in the following order: Microsoft.AspNetCore.Mvc.Formatters.HttpNoContentOutputFormatter, Microsoft.AspNetCore.Mvc.Formatters.StringOutputFormatter, Microsoft.AspNetCore.Mvc.Formatters.StreamOutputFormatter, Microsoft.AspNetCore.Mvc.Formatters.SystemTextJsonOutputFormatter
2021-06-05 12:37:55.7400|DEBUG|Microsoft.AspNetCore.Mvc.Infrastructure.DefaultOutputFormatterSelector|No information found on request to perform content negotiation.
2021-06-05 12:37:55.7400|DEBUG|Microsoft.AspNetCore.Mvc.Infrastructure.DefaultOutputFormatterSelector|Attempting to select an output formatter without using a content type as no explicit content types were specified for the response.
2021-06-05 12:37:55.7400|DEBUG|Microsoft.AspNetCore.Mvc.Infrastructure.DefaultOutputFormatterSelector|Attempting to select the first formatter in the output formatters list which can write the result.
2021-06-05 12:37:55.7400|DEBUG|Microsoft.AspNetCore.Mvc.Infrastructure.DefaultOutputFormatterSelector|Selected output formatter 'Microsoft.AspNetCore.Mvc.Formatters.SystemTextJsonOutputFormatter' and content type 'application/json' to write the response.
2021-06-05 12:37:55.7400|INFO|Microsoft.AspNetCore.Mvc.Infrastructure.ObjectResultExecutor|Executing ObjectResult, writing value of type 'System.Collections.Generic.List`1[[Model.UserModel.DTO.UserDTO, Model, Version=1.0.0.0, Culture=neutral, PublicKeyToken=null]]'.
2021-06-05 12:37:55.7446|INFO|Microsoft.AspNetCore.Mvc.Infrastructure.ControllerActionInvoker|Executed action Backend.Controllers.UsersController.GetAll (Backend) in 133.7413ms
2021-06-05 12:37:55.7446|INFO|Microsoft.AspNetCore.Routing.EndpointMiddleware|Executed endpoint 'Backend.Controllers.UsersController.GetAll (Backend)'
2021-06-05 12:37:55.7446|DEBUG|Microsoft.AspNetCore.Server.Kestrel|Connection id "0HM981NEPO90C" completed keep alive response.
2021-06-05 12:37:55.7446|INFO|Microsoft.AspNetCore.Hosting.Diagnostics|Request finished in 267.0513ms 200 application/json; charset=utf-8
2021-06-05 14:13:41.7642|DEBUG|Microsoft.Extensions.Hosting.Internal.Host|Hosting starting
2021-06-05 14:13:42.2290|DEBUG|Microsoft.AspNetCore.Server.Kestrel.Core.KestrelServer|Failed to locate the development https certificate at '(null)'.
2021-06-05 14:13:42.3182|INFO|Microsoft.Hosting.Lifetime|Now listening on: http://localhost:8111
2021-06-05 14:13:42.3245|DEBUG|Microsoft.AspNetCore.Hosting.Diagnostics|Loaded hosting startup assembly Backend
2021-06-05 14:13:42.3245|INFO|Microsoft.Hosting.Lifetime|Application started. Press Ctrl+C to shut down.
2021-06-05 14:13:42.3245|INFO|Microsoft.Hosting.Lifetime|Hosting environment: Development
2021-06-05 14:13:42.3245|INFO|Microsoft.Hosting.Lifetime|Content root path: D:\PRACA_MAGISTERSKA\Backend\Backend
2021-06-05 14:13:42.3245|DEBUG|Microsoft.Extensions.Hosting.Internal.Host|Hosting started
